<?xml version="1.0" encoding="utf-8"?><testsuites name="pytest tests"><testsuite name="pytest" errors="0" failures="0" skipped="0" tests="2" time="0.147" timestamp="2025-11-27T10:33:36.520206-05:00" hostname="GeneOffice2023"><testcase classname=".repo_studios.tests.tests_orchestrators.test_run_pytest_log_capture" name="test_summary_mode_produces_structured_bundle" time="0.089" /><testcase classname=".repo_studios.tests.tests_orchestrators.test_run_pytest_log_capture" name="test_execute_mode_captures_and_writes_artifacts" time="0.023" /></testsuite></testsuites>