<?xml version="1.0" encoding="utf-8"?><testsuites name="pytest tests"><testsuite name="pytest" errors="0" failures="0" skipped="0" tests="336" time="41.270" timestamp="2025-11-27T10:37:39.006592-05:00" hostname="GeneOffice2023"><testcase classname=".repo_studios.tests.command_center.libraries.test_manifest" name="test_build_automation_manifest_round_trip" time="0.009" /><testcase classname=".repo_studios.tests.command_center.libraries.test_manifest" name="test_manifest_rejects_unknown_status" time="0.000" /><testcase classname=".repo_studios.tests.command_center.libraries.test_metrics" name="test_test_run_result_validation" time="0.000" /><testcase classname=".repo_studios.tests.command_center.libraries.test_metrics" name="test_build_metrics_summary_round_trip" time="0.003" /><testcase classname=".repo_studios.tests.command_center.libraries.test_metrics" name="test_metrics_summary_requires_tests" time="0.000" /><testcase classname=".repo_studios.tests.schema_validation.test_validate_inventory" name="test_validation_passes_for_valid_entry" time="0.177" /><testcase classname=".repo_studios.tests.schema_validation.test_validate_inventory" name="test_validation_detects_duplicate_ids" time="0.163" /><testcase classname=".repo_studios.tests.schema_validation.test_validate_inventory" name="test_json_output" time="0.161" /><testcase classname=".repo_studios.tests.tests_aggregators.test_aggregate_docs_health_signals" name="test_generates_docs_health_bundle" time="0.028" /><testcase classname=".repo_studios.tests.tests_aggregators.test_aggregate_docs_health_signals" name="test_skip_hygiene_omits_category" time="0.020" /><testcase classname=".repo_studios.tests.tests_aggregators.test_analyze_monkey_patch_trends" name="test_prefers_consumer_bundles" time="0.043" /><testcase classname=".repo_studios.tests.tests_aggregators.test_analyze_monkey_patch_trends" name="test_fallback_to_producer_reports" time="0.032" /><testcase classname=".repo_studios.tests.tests_aggregators.test_analyze_monkey_patch_trends" name="test_retention_prunes_old_runs" time="0.019" /><testcase classname=".repo_studios.tests.tests_aggregators.test_generate_churn_complexity_heatmap" name="test_prefers_consumer_bundle" time="0.084" /><testcase classname=".repo_studios.tests.tests_aggregators.test_generate_churn_complexity_heatmap" name="test_fallback_to_logs_when_summary_missing" time="0.046" /><testcase classname=".repo_studios.tests.tests_aggregators.test_generate_churn_complexity_heatmap" name="test_retention_prunes_old_runs" time="0.049" /><testcase classname=".repo_studios.tests.tests_command_center.aggregators.test_generate_automation_manifest" name="test_generate_automation_manifest_bundle" time="0.019" /><testcase classname=".repo_studios.tests.tests_command_center.aggregators.test_generate_automation_manifest" name="test_manifest_files_changed_mismatch" time="0.007" /><testcase classname=".repo_studios.tests.tests_command_center.aggregators.test_generate_automation_manifest" name="test_guardrail_violation" time="0.011" /><testcase classname=".repo_studios.tests.tests_command_center.aggregators.test_generate_metrics_summary" name="test_metrics_summary_run" time="0.013" /><testcase classname=".repo_studios.tests.tests_command_center.aggregators.test_generate_metrics_summary" name="test_invalid_tests_payload" time="0.006" /><testcase classname=".repo_studios.tests.tests_command_center.orchestrators.test_run_automation_dry_run" name="test_run_creates_bundle" time="0.031" /><testcase classname=".repo_studios.tests.tests_command_center.orchestrators.test_run_automation_dry_run" name="test_missing_script" time="0.008" /><testcase classname=".repo_studios.tests.tests_command_center.orchestrators.test_run_automation_dry_run" name="test_load_post_run_matrix_missing_sections" time="0.004" /><testcase classname=".repo_studios.tests.tests_command_center.orchestrators.test_run_automation_dry_run" name="test_load_post_run_matrix_handles_malformed_rows" time="0.004" /><testcase classname=".repo_studios.tests.tests_command_center.producers.test_generate_function_inventory_command_center" name="test_generate_commandview_inventory_emits_extended_metrics" time="0.613" /><testcase classname=".repo_studios.tests.tests_command_center.producers.test_generate_function_inventory_command_center" name="test_commandview_inventory_keeps_static_and_dynamic_outputs_in_lockstep" time="0.120" /><testcase classname=".repo_studios.tests.tests_command_center.viewer.test_callback_data_normalization" name="test_callback_metadata_normalization" time="0.235" /><testcase classname=".repo_studios.tests.tests_command_center.viewer.test_callback_registration_map_view" name="test_callback_registration_map_renders_mermaid_definition" time="0.146" /><testcase classname=".repo_studios.tests.tests_command_center.viewer.test_callback_registration_map_view" name="test_callback_registration_map_returns_message_when_no_data" time="0.111" /><testcase classname=".repo_studios.tests.tests_command_center.viewer.test_callback_registration_map_view" name="test_callback_registration_map_definition_is_stable" time="0.113" /><testcase classname=".repo_studios.tests.tests_command_center.viewer.test_callback_registration_map_view" name="test_callback_registration_map_view_falls_back_to_repository_scope" time="0.163" /><testcase classname=".repo_studios.tests.tests_command_center.viewer.test_circular_import_detection_view" name="test_circular_import_detection_is_deterministic" time="0.146" /><testcase classname=".repo_studios.tests.tests_command_center.viewer.test_circular_import_detection_view" name="test_circular_import_detection_coexists_with_dependency_view" time="0.128" /><testcase classname=".repo_studios.tests.tests_command_center.viewer.test_class_inheritance_data_normalization" name="test_class_inheritance_relations_are_normalized_and_resolved" time="0.192" /><testcase classname=".repo_studios.tests.tests_command_center.viewer.test_class_inheritance_hierarchy_view" name="test_class_inheritance_hierarchy_renders_relationships" time="0.147" /><testcase classname=".repo_studios.tests.tests_command_center.viewer.test_class_inheritance_hierarchy_view" name="test_class_inheritance_hierarchy_reports_missing_data" time="0.111" /><testcase classname=".repo_studios.tests.tests_command_center.viewer.test_class_inheritance_view_definition" name="test_class_inheritance_view_definition_scopes_to_module" time="0.191" /><testcase classname=".repo_studios.tests.tests_command_center.viewer.test_class_inheritance_view_definition" name="test_class_inheritance_view_definition_falls_back_to_repository" time="0.170" /><testcase classname=".repo_studios.tests.tests_command_center.viewer.test_code_flow_multi_view_coexistence" name="test_code_flow_call_graph_coexists_with_health_overview" time="0.158" /><testcase classname=".repo_studios.tests.tests_command_center.viewer.test_complexity_heatmap_scope" name="test_scope_filters_to_selected_domain" time="0.134" /><testcase classname=".repo_studios.tests.tests_command_center.viewer.test_complexity_heatmap_scope" name="test_scope_reports_missing_domain_message" time="0.112" /><testcase classname=".repo_studios.tests.tests_command_center.viewer.test_complexity_heatmap_view" name="test_complexity_heatmap_requires_functions" time="0.131" /><testcase classname=".repo_studios.tests.tests_command_center.viewer.test_complexity_heatmap_view" name="test_complexity_heatmap_renders_mermaid_definition" time="0.112" /><testcase classname=".repo_studios.tests.tests_command_center.viewer.test_complexity_heatmap_view" name="test_complexity_heatmap_definition_is_stable_across_repeated_calls" time="0.112" /><testcase classname=".repo_studios.tests.tests_command_center.viewer.test_coupling_pack_multi_view_coexistence" name="test_coupling_view_coexists_with_function_call_graph" time="0.153" /><testcase classname=".repo_studios.tests.tests_command_center.viewer.test_cross_module_function_references_view" name="test_cross_module_references_renders_definition" time="0.145" /><testcase classname=".repo_studios.tests.tests_command_center.viewer.test_cross_module_function_references_view" name="test_cross_module_references_returns_message_when_empty" time="0.111" /><testcase classname=".repo_studios.tests.tests_command_center.viewer.test_cross_module_function_references_view" name="test_cross_module_references_focus_filters_edges" time="0.123" /><testcase classname=".repo_studios.tests.tests_command_center.viewer.test_cyclomatic_complexity_map_view" name="test_cyclomatic_complexity_map_requires_functions" time="0.131" /><testcase classname=".repo_studios.tests.tests_command_center.viewer.test_cyclomatic_complexity_map_view" name="test_cyclomatic_complexity_map_renders_definition" time="0.113" /><testcase classname=".repo_studios.tests.tests_command_center.viewer.test_dead_code_data_normalization" name="test_dead_code_normalization_sanitizes_unused_imports_and_unreachable_functions" time="0.193" /><testcase classname=".repo_studios.tests.tests_command_center.viewer.test_dead_code_detection_view" name="test_dead_code_detection_requires_modules" time="0.131" /><testcase classname=".repo_studios.tests.tests_command_center.viewer.test_dead_code_detection_view" name="test_dead_code_detection_renders_definition_and_stats" time="0.112" /><testcase classname=".repo_studios.tests.tests_command_center.viewer.test_dead_code_detection_view" name="test_dead_code_detection_is_deterministic" time="0.112" /><testcase classname=".repo_studios.tests.tests_command_center.viewer.test_dead_code_detection_view_definition" name="test_dead_code_detection_requires_dead_code_signals" time="0.181" /><testcase classname=".repo_studios.tests.tests_command_center.viewer.test_dead_code_detection_view_definition" name="test_dead_code_detection_falls_back_to_repository_when_scope_empty" time="0.159" /><testcase classname=".repo_studios.tests.tests_command_center.viewer.test_dead_code_detection_view_definition" name="test_module_has_dead_code_telemetry_detects_signals" time="0.159" /><testcase classname=".repo_studios.tests.tests_command_center.viewer.test_decorator_data_normalization" name="test_create_function_record_normalizes_decorators" time="0.178" /><testcase classname=".repo_studios.tests.tests_command_center.viewer.test_decorator_usage_map_view" name="test_decorator_usage_map_requires_functions" time="0.131" /><testcase classname=".repo_studios.tests.tests_command_center.viewer.test_decorator_usage_map_view" name="test_decorator_usage_map_renders_mermaid_definition" time="0.111" /><testcase classname=".repo_studios.tests.tests_command_center.viewer.test_decorator_usage_map_view" name="test_decorator_usage_map_definition_is_stable_across_repeated_calls" time="0.113" /><testcase classname=".repo_studios.tests.tests_command_center.viewer.test_decorator_usage_scope" name="test_scope_filters_to_selected_root" time="0.136" /><testcase classname=".repo_studios.tests.tests_command_center.viewer.test_decorator_usage_scope" name="test_scope_filters_to_selected_module" time="0.112" /><testcase classname=".repo_studios.tests.tests_command_center.viewer.test_decorator_usage_scope" name="test_scope_filters_function_neighborhood" time="0.111" /><testcase classname=".repo_studios.tests.tests_command_center.viewer.test_decorator_usage_scope" name="test_scope_reports_empty_module_message" time="0.113" /><testcase classname=".repo_studios.tests.tests_command_center.viewer.test_dependency_data_normalization" name="test_create_module_record_collects_import_edges" time="0.183" /><testcase classname=".repo_studios.tests.tests_command_center.viewer.test_dependency_pack_multi_view_coexistence" name="test_dependency_pack_view_coexists_with_function_call_graph" time="0.146" /><testcase classname=".repo_studios.tests.tests_command_center.viewer.test_dependency_pack_multi_view_coexistence" name="test_export_contract_matrix_coexists_with_dependency_view" time="0.128" /><testcase classname=".repo_studios.tests.tests_command_center.viewer.test_dependency_pack_multi_view_coexistence" name="test_external_dependency_map_coexists_with_dependency_view" time="0.127" /><testcase classname=".repo_studios.tests.tests_command_center.viewer.test_dependency_pack_multi_view_coexistence" name="test_layer_architecture_validation_coexists_with_dependency_view" time="0.129" /><testcase classname=".repo_studios.tests.tests_command_center.viewer.test_documentation_coverage_map_view" name="test_documentation_coverage_map_requires_functions" time="0.132" /><testcase classname=".repo_studios.tests.tests_command_center.viewer.test_documentation_coverage_map_view" name="test_documentation_coverage_map_renders_mermaid_definition" time="0.116" /><testcase classname=".repo_studios.tests.tests_command_center.viewer.test_documentation_coverage_map_view" name="test_documentation_coverage_map_definition_is_stable_across_repeated_calls" time="0.111" /><testcase classname=".repo_studios.tests.tests_command_center.viewer.test_documentation_coverage_scope" name="test_scope_filters_to_selected_root" time="0.132" /><testcase classname=".repo_studios.tests.tests_command_center.viewer.test_documentation_coverage_scope" name="test_scope_filters_to_selected_domain" time="0.112" /><testcase classname=".repo_studios.tests.tests_command_center.viewer.test_documentation_coverage_scope" name="test_scope_filters_to_selected_module" time="0.112" /><testcase classname=".repo_studios.tests.tests_command_center.viewer.test_documentation_coverage_scope" name="test_scope_filters_function_neighborhood" time="0.113" /><testcase classname=".repo_studios.tests.tests_command_center.viewer.test_documentation_coverage_scope" name="test_scope_reports_empty_module" time="0.112" /><testcase classname=".repo_studios.tests.tests_command_center.viewer.test_documentation_coverage_scope" name="test_scope_reports_missing_module_message" time="0.111" /><testcase classname=".repo_studios.tests.tests_command_center.viewer.test_dynamic_code_data_normalization" name="test_normalize_dynamic_code_extracts_flags_and_events" time="0.189" /><testcase classname=".repo_studios.tests.tests_command_center.viewer.test_dynamic_code_data_normalization" name="test_normalize_dynamic_code_returns_null_when_empty" time="0.157" /><testcase classname=".repo_studios.tests.tests_command_center.viewer.test_dynamic_code_watchlist_view" name="test_dynamic_code_watchlist_renders_mermaid_definition" time="0.144" /><testcase classname=".repo_studios.tests.tests_command_center.viewer.test_dynamic_code_watchlist_view" name="test_dynamic_code_watchlist_returns_message_when_no_data" time="0.114" /><testcase classname=".repo_studios.tests.tests_command_center.viewer.test_dynamic_code_watchlist_view" name="test_dynamic_code_watchlist_definition_is_stable" time="0.127" /><testcase classname=".repo_studios.tests.tests_command_center.viewer.test_dynamic_code_watchlist_view" name="test_dynamic_code_watchlist_view_falls_back_to_repository_scope" time="0.172" /><testcase classname=".repo_studios.tests.tests_command_center.viewer.test_entrypoint_data_normalization" name="test_entrypoint_candidates_populated_for_main_guard_and_cli_modules" time="0.179" /><testcase classname=".repo_studios.tests.tests_command_center.viewer.test_entrypoint_trace_view" name="test_entrypoint_trace_diagram_renders_trace" time="0.145" /><testcase classname=".repo_studios.tests.tests_command_center.viewer.test_entrypoint_trace_view" name="test_entrypoint_trace_diagram_reports_missing_candidates" time="0.109" /><testcase classname=".repo_studios.tests.tests_command_center.viewer.test_entrypoint_trace_view" name="test_entrypoint_trace_view_falls_back_to_repository_scope" time="0.159" /><testcase classname=".repo_studios.tests.tests_command_center.viewer.test_event_dynamics_multi_view_coexistence" name="test_callback_registration_map_coexists_with_function_call_graph_view" time="0.146" /><testcase classname=".repo_studios.tests.tests_command_center.viewer.test_event_dynamics_multi_view_coexistence" name="test_dynamic_code_watchlist_coexists_with_callback_registration_map" time="0.114" /><testcase classname=".repo_studios.tests.tests_command_center.viewer.test_exception_flow_map_view" name="test_exception_flow_map_renders_mermaid_definition" time="0.144" /><testcase classname=".repo_studios.tests.tests_command_center.viewer.test_exception_flow_map_view" name="test_exception_flow_map_returns_message_when_empty" time="0.111" /><testcase classname=".repo_studios.tests.tests_command_center.viewer.test_exception_flow_map_view" name="test_exception_flow_map_appends_fallback_notice" time="0.110" /><testcase classname=".repo_studios.tests.tests_command_center.viewer.test_exception_flow_view_definition" name="test_exception_flow_view_respects_module_scope" time="0.193" /><testcase classname=".repo_studios.tests.tests_command_center.viewer.test_exception_flow_view_definition" name="test_exception_flow_view_falls_back_to_repository_scope" time="0.159" /><testcase classname=".repo_studios.tests.tests_command_center.viewer.test_export_contract_data_normalization" name="test_module_export_summary_classifies_local_and_reexported_symbols" time="0.180" /><testcase classname=".repo_studios.tests.tests_command_center.viewer.test_export_contract_data_normalization" name="test_module_export_summary_handles_dynamic_exports" time="0.168" /><testcase classname=".repo_studios.tests.tests_command_center.viewer.test_export_contract_matrix_view" name="test_export_contract_matrix_renders_mermaid_definition" time="0.143" /><testcase classname=".repo_studios.tests.tests_command_center.viewer.test_export_contract_matrix_view" name="test_export_contract_matrix_returns_message_when_empty" time="0.110" /><testcase classname=".repo_studios.tests.tests_command_center.viewer.test_export_contract_matrix_view" name="test_export_contract_matrix_definition_stable_across_calls" time="0.112" /><testcase classname=".repo_studios.tests.tests_command_center.viewer.test_export_contract_matrix_view" name="test_export_contract_matrix_includes_fallback_notice" time="0.111" /><testcase classname=".repo_studios.tests.tests_command_center.viewer.test_export_contract_matrix_view" name="test_export_contract_matrix_view_falls_back_to_repository_scope" time="0.159" /><testcase classname=".repo_studios.tests.tests_command_center.viewer.test_external_dependency_data_normalization" name="test_create_module_record_exposes_dependency_categories" time="0.179" /><testcase classname=".repo_studios.tests.tests_command_center.viewer.test_external_vs_internal_dependency_map_view" name="test_external_dependency_map_renders_mermaid_definition" time="0.144" /><testcase classname=".repo_studios.tests.tests_command_center.viewer.test_external_vs_internal_dependency_map_view" name="test_external_dependency_map_returns_message_when_no_modules" time="0.111" /><testcase classname=".repo_studios.tests.tests_command_center.viewer.test_external_vs_internal_dependency_map_view" name="test_external_dependency_map_definition_is_stable_across_calls" time="0.123" /><testcase classname=".repo_studios.tests.tests_command_center.viewer.test_external_vs_internal_dependency_map_view" name="test_external_dependency_map_view_falls_back_to_repository_scope" time="0.160" /><testcase classname=".repo_studios.tests.tests_command_center.viewer.test_function_call_graph_view" name="test_function_call_graph_requires_modules" time="0.131" /><testcase classname=".repo_studios.tests.tests_command_center.viewer.test_function_call_graph_view" name="test_function_call_graph_renders_mermaid_definition" time="0.110" /><testcase classname=".repo_studios.tests.tests_command_center.viewer.test_function_call_graph_view" name="test_function_call_graph_definition_is_stable_across_repeated_calls" time="0.110" /><testcase classname=".repo_studios.tests.tests_command_center.viewer.test_function_inventory_overview_view" name="test_function_inventory_overview_requires_modules" time="0.132" /><testcase classname=".repo_studios.tests.tests_command_center.viewer.test_function_inventory_overview_view" name="test_function_inventory_overview_renders_mermaid_definition" time="0.111" /><testcase classname=".repo_studios.tests.tests_command_center.viewer.test_function_inventory_overview_view" name="test_function_inventory_overview_definition_is_stable_across_repeated_calls" time="0.114" /><testcase classname=".repo_studios.tests.tests_command_center.viewer.test_git_churn_risk_map_view" name="test_git_churn_risk_map_requires_modules" time="0.134" /><testcase classname=".repo_studios.tests.tests_command_center.viewer.test_git_churn_risk_map_view" name="test_git_churn_risk_map_renders_definition_and_stats" time="0.112" /><testcase classname=".repo_studios.tests.tests_command_center.viewer.test_git_churn_risk_map_view" name="test_git_churn_risk_map_is_deterministic" time="0.112" /><testcase classname=".repo_studios.tests.tests_command_center.viewer.test_git_churn_risk_map_view_definition" name="test_git_churn_risk_map_requires_churn_data" time="0.179" /><testcase classname=".repo_studios.tests.tests_command_center.viewer.test_git_churn_risk_map_view_definition" name="test_git_churn_risk_map_falls_back_to_repository_when_scope_empty" time="0.161" /><testcase classname=".repo_studios.tests.tests_command_center.viewer.test_git_churn_risk_map_view_definition" name="test_module_has_git_churn_telemetry_detects_metrics" time="0.159" /><testcase classname=".repo_studios.tests.tests_command_center.viewer.test_global_variable_usage_map_view" name="test_global_variable_usage_map_renders_mermaid_definition" time="0.144" /><testcase classname=".repo_studios.tests.tests_command_center.viewer.test_global_variable_usage_map_view" name="test_global_variable_usage_map_returns_message_when_no_usage" time="0.111" /><testcase classname=".repo_studios.tests.tests_command_center.viewer.test_global_variable_usage_map_view" name="test_global_variable_usage_map_appends_fallback_notice" time="0.111" /><testcase classname=".repo_studios.tests.tests_command_center.viewer.test_global_variable_usage_view_definition" name="test_global_variable_usage_view_respects_module_scope" time="0.194" /><testcase classname=".repo_studios.tests.tests_command_center.viewer.test_global_variable_usage_view_definition" name="test_global_variable_usage_view_falls_back_to_repository_scope" time="0.159" /><testcase classname=".repo_studios.tests.tests_command_center.viewer.test_health_pack_multi_view_coexistence" name="test_health_pack_builders_coexist_without_state_reset" time="0.134" /><testcase classname=".repo_studios.tests.tests_command_center.viewer.test_import_chain_depth_view" name="test_import_chain_depth_requires_modules" time="0.132" /><testcase classname=".repo_studios.tests.tests_command_center.viewer.test_import_chain_depth_view" name="test_import_chain_depth_renders_definition_and_stats" time="0.124" /><testcase classname=".repo_studios.tests.tests_command_center.viewer.test_import_chain_depth_view" name="test_import_chain_depth_focus_filters_modules" time="0.126" /><testcase classname=".repo_studios.tests.tests_command_center.viewer.test_io_effects_diagram_view" name="test_io_effects_diagram_renders_mermaid_definition" time="0.146" /><testcase classname=".repo_studios.tests.tests_command_center.viewer.test_io_effects_diagram_view" name="test_io_effects_diagram_returns_message_when_no_effects" time="0.111" /><testcase classname=".repo_studios.tests.tests_command_center.viewer.test_io_effects_diagram_view" name="test_io_effects_diagram_appends_fallback_notice" time="0.111" /><testcase classname=".repo_studios.tests.tests_command_center.viewer.test_io_effects_view_definition" name="test_io_effects_view_respects_module_scope" time="0.193" /><testcase classname=".repo_studios.tests.tests_command_center.viewer.test_io_effects_view_definition" name="test_io_effects_view_falls_back_to_repository_scope" time="0.160" /><testcase classname=".repo_studios.tests.tests_command_center.viewer.test_layer_architecture_data_normalization" name="test_create_module_record_classifies_script_layers" time="0.179" /><testcase classname=".repo_studios.tests.tests_command_center.viewer.test_layer_architecture_data_normalization" name="test_evaluate_layer_transition_applies_adjacency_defaults" time="0.156" /><testcase classname=".repo_studios.tests.tests_command_center.viewer.test_layer_architecture_data_normalization" name="test_layer_architecture_validation_view_surfaces_violations" time="0.173" /><testcase classname=".repo_studios.tests.tests_command_center.viewer.test_layer_architecture_data_normalization" name="test_layer_architecture_validation_view_falls_back_to_repository_scope" time="0.159" /><testcase classname=".repo_studios.tests.tests_command_center.viewer.test_logging_flow_scope" name="test_scope_filters_to_selected_domain" time="0.132" /><testcase classname=".repo_studios.tests.tests_command_center.viewer.test_logging_flow_scope" name="test_scope_reports_missing_domain_message" time="0.112" /><testcase classname=".repo_studios.tests.tests_command_center.viewer.test_logging_flow_view" name="test_logging_flow_requires_functions" time="0.131" /><testcase classname=".repo_studios.tests.tests_command_center.viewer.test_logging_flow_view" name="test_logging_flow_renders_mermaid_definition" time="0.124" /><testcase classname=".repo_studios.tests.tests_command_center.viewer.test_logging_flow_view" name="test_logging_flow_definition_is_stable_across_repeated_calls" time="0.114" /><testcase classname=".repo_studios.tests.tests_command_center.viewer.test_method_call_chain_view" name="test_method_call_chain_renders_sequence_diagram" time="0.143" /><testcase classname=".repo_studios.tests.tests_command_center.viewer.test_method_call_chain_view" name="test_method_call_chain_reports_missing_methods" time="0.113" /><testcase classname=".repo_studios.tests.tests_command_center.viewer.test_method_call_chain_view_definition" name="test_method_call_chain_view_uses_scope_selection" time="0.193" /><testcase classname=".repo_studios.tests.tests_command_center.viewer.test_method_call_chain_view_definition" name="test_method_call_chain_view_falls_back_to_repository_scope" time="0.169" /><testcase classname=".repo_studios.tests.tests_command_center.viewer.test_module_dependency_graph_view" name="test_module_dependency_graph_requires_modules" time="0.137" /><testcase classname=".repo_studios.tests.tests_command_center.viewer.test_module_dependency_graph_view" name="test_module_dependency_graph_renders_mermaid_definition" time="0.135" /><testcase classname=".repo_studios.tests.tests_command_center.viewer.test_module_dependency_graph_view" name="test_module_dependency_graph_definition_is_stable_across_repeated_calls" time="0.135" /><testcase classname=".repo_studios.tests.tests_command_center.viewer.test_public_private_api_data_normalization" name="test_public_private_api_surface_normalization" time="0.206" /><testcase classname=".repo_studios.tests.tests_command_center.viewer.test_public_private_api_view" name="test_public_private_api_requires_modules" time="0.137" /><testcase classname=".repo_studios.tests.tests_command_center.viewer.test_public_private_api_view" name="test_public_private_api_renders_mermaid_definition" time="0.116" /><testcase classname=".repo_studios.tests.tests_command_center.viewer.test_public_private_api_view_definition" name="test_public_private_api_view_falls_back_to_repository" time="0.194" /><testcase classname=".repo_studios.tests.tests_command_center.viewer.test_public_private_api_view_definition" name="test_public_private_api_view_scoped_module_renders_without_fallback" time="0.172" /><testcase classname=".repo_studios.tests.tests_command_center.viewer.test_quality_metrics_multi_view_coexistence" name="test_quality_metrics_views_coexist_without_state_reset" time="0.154" /><testcase classname=".repo_studios.tests.tests_command_center.viewer.test_refresh" name="test_refresh_selector_state_groups_and_deduplicates" time="0.004" /><testcase classname=".repo_studios.tests.tests_command_center.viewer.test_refresh" name="test_refresh_selector_state_json_reuses_state_timestamp" time="0.003" /><testcase classname=".repo_studios.tests.tests_command_center.viewer.test_refresh" name="test_refresh_selector_with_context_preserves_relative_path" time="0.003" /><testcase classname=".repo_studios.tests.tests_command_center.viewer.test_refresh" name="test_refresh_selector_with_context_falls_back_to_slug" time="0.003" /><testcase classname=".repo_studios.tests.tests_command_center.viewer.test_risk_assurance_multi_view_coexistence" name="test_risk_assurance_views_coexist" time="0.151" /><testcase classname=".repo_studios.tests.tests_command_center.viewer.test_screening_signal_timeline_view" name="test_screening_timeline_returns_message_when_history_missing" time="0.132" /><testcase classname=".repo_studios.tests.tests_command_center.viewer.test_screening_signal_timeline_view" name="test_screening_timeline_renders_mermaid_definition" time="0.124" /><testcase classname=".repo_studios.tests.tests_command_center.viewer.test_screening_signal_timeline_view" name="test_screening_timeline_definition_is_stable_across_repeated_calls" time="0.124" /><testcase classname=".repo_studios.tests.tests_command_center.viewer.test_state_effects_multi_view_coexistence" name="test_global_variable_usage_map_coexists_with_io_effects_diagram" time="0.150" /><testcase classname=".repo_studios.tests.tests_command_center.viewer.test_state_effects_multi_view_coexistence" name="test_exception_flow_map_coexists_with_global_variable_usage_map" time="0.128" /><testcase classname=".repo_studios.tests.tests_command_center.viewer.test_state_effects_multi_view_coexistence" name="test_exception_flow_map_coexists_with_io_effects_diagram" time="0.128" /><testcase classname=".repo_studios.tests.tests_command_center.viewer.test_test_coverage_mapping_view" name="test_test_coverage_mapping_requires_modules" time="0.132" /><testcase classname=".repo_studios.tests.tests_command_center.viewer.test_test_coverage_mapping_view" name="test_test_coverage_mapping_renders_definition_and_stats" time="0.112" /><testcase classname=".repo_studios.tests.tests_command_center.viewer.test_test_coverage_mapping_view" name="test_test_coverage_mapping_is_deterministic" time="0.112" /><testcase classname=".repo_studios.tests.tests_command_center.viewer.test_test_coverage_mapping_view_definition" name="test_test_coverage_mapping_requires_coverage_signals" time="0.180" /><testcase classname=".repo_studios.tests.tests_command_center.viewer.test_test_coverage_mapping_view_definition" name="test_test_coverage_mapping_falls_back_to_repository_when_scope_empty" time="0.162" /><testcase classname=".repo_studios.tests.tests_command_center.viewer.test_test_coverage_mapping_view_definition" name="test_module_has_coverage_telemetry_detects_signals" time="0.169" /><testcase classname=".repo_studios.tests.tests_command_center.viewer.test_type_coverage_map_view" name="test_type_coverage_map_requires_functions" time="0.135" /><testcase classname=".repo_studios.tests.tests_command_center.viewer.test_type_coverage_map_view" name="test_type_coverage_map_renders_mermaid_definition" time="0.113" /><testcase classname=".repo_studios.tests.tests_command_center.viewer.test_type_coverage_map_view" name="test_type_coverage_map_definition_is_stable_across_repeated_calls" time="0.113" /><testcase classname=".repo_studios.tests.tests_command_center.viewer.test_type_coverage_scope" name="test_scope_filters_to_selected_root" time="0.133" /><testcase classname=".repo_studios.tests.tests_command_center.viewer.test_type_coverage_scope" name="test_scope_filters_to_selected_module" time="0.112" /><testcase classname=".repo_studios.tests.tests_command_center.viewer.test_type_coverage_scope" name="test_scope_reports_empty_module_message" time="0.112" /><testcase classname=".repo_studios.tests.tests_command_center.viewer.test_update_service" name="test_default_command_factory_uses_inventory_launcher" time="0.001" /><testcase classname=".repo_studios.tests.tests_command_center.viewer.test_update_service" name="test_cancel_terminates_running_update" time="0.258" /><testcase classname=".repo_studios.tests.tests_command_center.viewer.test_update_service" name="test_successful_update_refreshes_selector" time="0.074" /><testcase classname=".repo_studios.tests.tests_consumers.test_classify_monkey_patches" name="test_classify_matrix[sys_modules_assignment-False-True-HIGH]" time="0.018" /><testcase classname=".repo_studios.tests.tests_consumers.test_classify_monkey_patches" name="test_classify_matrix[sys_modules_assignment-True-True-MODERATE]" time="0.002" /><testcase classname=".repo_studios.tests.tests_consumers.test_classify_monkey_patches" name="test_classify_matrix[import_time_side_effect-False-False-HIGH]" time="0.002" /><testcase classname=".repo_studios.tests.tests_consumers.test_classify_monkey_patches" name="test_classify_matrix[builtins_mutation-True-False-MODERATE]" time="0.002" /><testcase classname=".repo_studios.tests.tests_consumers.test_classify_monkey_patches" name="test_classify_matrix[singleton_rebind-False-False-HIGH]" time="0.002" /><testcase classname=".repo_studios.tests.tests_consumers.test_classify_monkey_patches" name="test_classify_matrix[global_env_mutation-False-True-HIGH]" time="0.002" /><testcase classname=".repo_studios.tests.tests_consumers.test_classify_monkey_patches" name="test_classify_matrix[global_env_mutation-True-False-MODERATE]" time="0.002" /><testcase classname=".repo_studios.tests.tests_consumers.test_classify_monkey_patches" name="test_classify_matrix[attribute_reassignment_on_import-False-False-MODERATE]" time="0.002" /><testcase classname=".repo_studios.tests.tests_consumers.test_classify_monkey_patches" name="test_classify_matrix[attribute_reassignment_on_import-True-False-SAFE]" time="0.002" /><testcase classname=".repo_studios.tests.tests_consumers.test_classify_monkey_patches" name="test_classify_matrix[setattr_on_import_or_class-False-False-MODERATE]" time="0.002" /><testcase classname=".repo_studios.tests.tests_consumers.test_classify_monkey_patches" name="test_classify_matrix[test_patch_misuse-True-True-MODERATE]" time="0.002" /><testcase classname=".repo_studios.tests.tests_consumers.test_classify_monkey_patches" name="test_classify_matrix[other-False-False-SAFE]" time="0.002" /><testcase classname=".repo_studios.tests.tests_consumers.test_classify_monkey_patches" name="test_run_prefers_structured_matches" time="0.013" /><testcase classname=".repo_studios.tests.tests_consumers.test_classify_monkey_patches" name="test_run_falls_back_to_legacy" time="0.012" /><testcase classname=".repo_studios.tests.tests_consumers.test_classify_monkey_patches" name="test_retention_prunes_old_runs" time="0.034" /><testcase classname=".repo_studios.tests.tests_consumers.test_generate_anchor_health_report" name="test_anchor_health_uses_inventory_artifacts" time="0.052" /><testcase classname=".repo_studios.tests.tests_consumers.test_generate_anchor_health_report" name="test_anchor_health_falls_back_to_docs_scan" time="0.018" /><testcase classname=".repo_studios.tests.tests_consumers.test_generate_anchor_health_report" name="test_anchor_health_prunes_history" time="0.077" /><testcase classname=".repo_studios.tests.tests_consumers.test_generate_fault_artifacts" name="test_fault_artifacts_prefers_producer_report" time="0.192" /><testcase classname=".repo_studios.tests.tests_consumers.test_generate_fault_artifacts" name="test_fault_artifacts_scans_without_producer" time="0.024" /><testcase classname=".repo_studios.tests.tests_consumers.test_generate_fault_artifacts" name="test_fault_artifacts_prunes_history" time="0.111" /><testcase classname=".repo_studios.tests.tests_consumers.test_generate_test_log_health_report" name="test_generate_test_log_health_report_prefers_producer_bundle" time="0.030" /><testcase classname=".repo_studios.tests.tests_consumers.test_generate_test_log_health_report" name="test_generate_test_log_health_report_falls_back_to_logs" time="0.025" /><testcase classname=".repo_studios.tests.tests_consumers.test_generate_test_log_health_report" name="test_generate_test_log_health_report_prunes_history" time="0.064" /><testcase classname=".repo_studios.tests.tests_library_integration.duplicates.test_scan_duplicates" name="test_slugify_relative_aliases_library" time="0.001" /><testcase classname=".repo_studios.tests.tests_library_integration.duplicates.test_scan_duplicates.TestFunctionExtraction" name="test_extracts_simple_function" time="0.003" /><testcase classname=".repo_studios.tests.tests_library_integration.duplicates.test_scan_duplicates.TestFunctionExtraction" name="test_extracts_function_with_args" time="0.003" /><testcase classname=".repo_studios.tests.tests_library_integration.duplicates.test_scan_duplicates.TestFunctionExtraction" name="test_extracts_multiple_functions" time="0.002" /><testcase classname=".repo_studios.tests.tests_library_integration.duplicates.test_scan_duplicates.TestFunctionExtraction" name="test_computes_code_hash" time="0.002" /><testcase classname=".repo_studios.tests.tests_library_integration.duplicates.test_scan_duplicates.TestDuplicateDetection" name="test_detects_exact_duplicates" time="0.000" /><testcase classname=".repo_studios.tests.tests_library_integration.duplicates.test_scan_duplicates.TestDuplicateDetection" name="test_ignores_short_functions" time="0.000" /><testcase classname=".repo_studios.tests.tests_library_integration.duplicates.test_scan_duplicates.TestSimilarityScoring" name="test_identical_functions_score_one" time="0.003" /><testcase classname=".repo_studios.tests.tests_library_integration.duplicates.test_scan_duplicates.TestSimilarityScoring" name="test_different_functions_score_low" time="0.003" /><testcase classname=".repo_studios.tests.tests_library_integration.duplicates.test_scan_duplicates.TestLibraryPathReference" name="test_occurrence_structure" time="0.000" /><testcase classname=".repo_studios.tests.tests_library_integration.duplicates.test_scan_duplicates.TestTopOffenders" name="test_extract_top_offenders_includes_location_details" time="0.003" /><testcase classname=".repo_studios.tests.tests_library_integration.duplicates.test_scan_duplicates.TestFileScanning" name="test_skips_hidden_and_ignored_directories" time="0.006" /><testcase classname=".repo_studios.tests.tests_library_integration.duplicates.test_scan_duplicates.TestOutputMirroring" name="test_write_outputs_mirrors_to_slugged_directory" time="0.010" /><testcase classname=".repo_studios.tests.tests_library_integration.duplicates.test_scan_duplicates.TestOutputMirroring" name="test_apply_retention_prunes_old_runs" time="0.011" /><testcase classname=".repo_studios.tests.tests_library_integration.libraries.test_artifacts" name="test_copy_latest_artifact_creates_link" time="0.003" /><testcase classname=".repo_studios.tests.tests_library_integration.libraries.test_artifacts" name="test_copy_latest_artifact_fallback" time="0.004" /><testcase classname=".repo_studios.tests.tests_library_integration.libraries.test_artifacts" name="test_write_report_artifacts_basic_flow" time="0.011" /><testcase classname=".repo_studios.tests.tests_library_integration.libraries.test_artifacts" name="test_write_report_artifacts_with_writer_and_callable_content" time="0.005" /><testcase classname=".repo_studios.tests.tests_library_integration.libraries.test_build_commandview_selector" name="test_build_commandview_selector_filters_static_commandview_files" time="0.008" /><testcase classname=".repo_studios.tests.tests_library_integration.libraries.test_build_commandview_selector" name="test_build_commandview_selector_orders_by_slug_and_timestamp" time="0.007" /><testcase classname=".repo_studios.tests.tests_library_integration.libraries.test_build_commandview_selector" name="test_build_commandview_selector_handles_missing_reports_root" time="0.003" /><testcase classname=".repo_studios.tests.tests_library_integration.libraries.test_cli" name="test_resolve_repo_root_explicit" time="0.002" /><testcase classname=".repo_studios.tests.tests_library_integration.libraries.test_cli" name="test_resolve_repo_root_fallback" time="0.004" /><testcase classname=".repo_studios.tests.tests_library_integration.libraries.test_cli" name="test_resolve_path_relative_default_creates_directory" time="0.003" /><testcase classname=".repo_studios.tests.tests_library_integration.libraries.test_cli" name="test_resolve_path_rejects_outside_repo" time="0.003" /><testcase classname=".repo_studios.tests.tests_library_integration.libraries.test_cli" name="test_build_paths_uses_specs" time="0.005" /><testcase classname=".repo_studios.tests.tests_library_integration.libraries.test_cli" name="test_build_keep_counts_respects_env" time="0.001" /><testcase classname=".repo_studios.tests.tests_library_integration.libraries.test_cli" name="test_build_standard_paths_wraps_builders" time="0.006" /><testcase classname=".repo_studios.tests.tests_library_integration.libraries.test_cli" name="test_build_standard_options_wraps_keep_counts" time="0.001" /><testcase classname=".repo_studios.tests.tests_library_integration.libraries.test_guardrails" name="test_load_guardrail_config_normalizes_paths" time="0.005" /><testcase classname=".repo_studios.tests.tests_library_integration.libraries.test_guardrails" name="test_enforce_run_size_limit_raises_when_over_limit" time="0.004" /><testcase classname=".repo_studios.tests.tests_library_integration.libraries.test_guardrails" name="test_enforce_run_size_limit_allows_override" time="0.004" /><testcase classname=".repo_studios.tests.tests_library_integration.libraries.test_guardrails" name="test_load_guardrail_config_requires_max_files" time="0.004" /><testcase classname=".repo_studios.tests.tests_orchestrators.test_command_center_pipeline" name="test_pipeline_smoke_updates_artifacts" time="6.005" /><testcase classname=".repo_studios.tests.tests_orchestrators.test_command_center_pipeline" name="test_pipeline_failure_propagates_exit_code" time="0.001" /><testcase classname=".repo_studios.tests.tests_orchestrators.test_command_center_pipeline" name="test_pipeline_allows_repo_root_prefixed_target" time="5.335" /><testcase classname=".repo_studios.tests.tests_orchestrators.test_run_batch_cleanup" name="test_run_creates_structured_bundle_success" time="0.023" /><testcase classname=".repo_studios.tests.tests_orchestrators.test_run_batch_cleanup" name="test_run_markdown_mode_without_tooling" time="0.017" /><testcase classname=".repo_studios.tests.tests_orchestrators.test_run_batch_cleanup" name="test_run_prunes_old_bundles" time="0.024" /><testcase classname=".repo_studios.tests.tests_orchestrators.test_run_batch_cleanup" name="test_run_reports_command_failure" time="0.016" /><testcase classname=".repo_studios.tests.tests_orchestrators.test_run_fault_pipeline" name="test_run_fault_pipeline_executes_producer_and_consumer" time="0.059" /><testcase classname=".repo_studios.tests.tests_orchestrators.test_run_fault_pipeline" name="test_run_fault_pipeline_can_skip_producer_with_reuse" time="0.079" /><testcase classname=".repo_studios.tests.tests_orchestrators.test_run_fault_pipeline" name="test_run_fault_pipeline_prunes_history" time="0.061" /><testcase classname=".repo_studios.tests.tests_orchestrators.test_run_pytest_log_capture" name="test_summary_mode_produces_structured_bundle" time="0.024" /><testcase classname=".repo_studios.tests.tests_orchestrators.test_run_pytest_log_capture" name="test_execute_mode_captures_and_writes_artifacts" time="0.022" /><testcase classname=".repo_studios.tests.tests_orchestrators.test_run_standards_gap_suite" name="test_run_success_invokes_both_steps" time="0.015" /><testcase classname=".repo_studios.tests.tests_orchestrators.test_run_standards_gap_suite" name="test_run_index_failure_short_circuits_gap" time="0.009" /><testcase classname=".repo_studios.tests.tests_orchestrators.test_run_standards_gap_suite" name="test_run_gap_failure_reports_error" time="0.009" /><testcase classname=".repo_studios.tests.tests_orchestrators.test_run_standards_gap_suite" name="test_run_skip_index_bypasses_generator" time="0.009" /><testcase classname=".repo_studios.tests.tests_orchestrators.test_run_standards_gap_suite" name="test_main_uses_status" time="0.003" /><testcase classname=".repo_studios.tests.tests_producers.test_analyze_standards_index_gaps" name="test_basic_shim_delegates_to_command_center" time="0.014" /><testcase classname=".repo_studios.tests.tests_producers.test_analyze_standards_index_gaps" name="test_structured_artifacts_created" time="0.016" /><testcase classname=".repo_studios.tests.tests_producers.test_analyze_standards_index_gaps" name="test_pruning_keeps_recent_runs" time="0.017" /><testcase classname=".repo_studios.tests.tests_producers.test_analyze_test_hardening" name="test_detects_missing_assertions_and_long_test" time="0.027" /><testcase classname=".repo_studios.tests.tests_producers.test_analyze_test_hardening" name="test_clean_file_marked_ok" time="0.017" /><testcase classname=".repo_studios.tests.tests_producers.test_analyze_test_hardening" name="test_artifacts_written" time="0.016" /><testcase classname=".repo_studios.tests.tests_producers.test_audit_helper_adoption" name="test_generates_helper_adoption_report" time="0.028" /><testcase classname=".repo_studios.tests.tests_producers.test_audit_helper_adoption" name="test_format_filter_and_custom_helpers" time="0.018" /><testcase classname=".repo_studios.tests.tests_producers.test_check_inventory_health" name="test_default_paths_point_to_repo_root" time="0.008" /><testcase classname=".repo_studios.tests.tests_producers.test_check_inventory_health" name="test_reports_written_without_issues" time="0.014" /><testcase classname=".repo_studios.tests.tests_producers.test_check_inventory_health" name="test_threshold_breach_and_pruning" time="0.017" /><testcase classname=".repo_studios.tests.tests_producers.test_collect_faulthandler_reports" name="test_collect_faulthandler_reports_emits_artifacts" time="0.024" /><testcase classname=".repo_studios.tests.tests_producers.test_collect_test_log_reports" name="test_collect_test_log_reports_emits_artifacts" time="0.020" /><testcase classname=".repo_studios.tests.tests_producers.test_collect_test_log_reports" name="test_collect_test_log_reports_prunes_history" time="0.025" /><testcase classname=".repo_studios.tests.tests_producers.test_collect_test_log_reports" name="test_collect_test_log_reports_handles_missing_runs" time="0.005" /><testcase classname=".repo_studios.tests.tests_producers.test_diff_standards_index" name="test_diff_detects_changes_and_writes_artifacts" time="0.021" /><testcase classname=".repo_studios.tests.tests_producers.test_diff_standards_index" name="test_no_changes_returns_zero_and_prunes" time="0.016" /><testcase classname=".repo_studios.tests.tests_producers.test_extract_standards_rules" name="test_extract_rules_combines_marker_and_heading" time="0.010" /><testcase classname=".repo_studios.tests.tests_producers.test_extract_standards_rules" name="test_extract_rules_reports_invalid_severity" time="0.004" /><testcase classname=".repo_studios.tests.tests_producers.test_function_inventory_integration" name="test_inventory_and_analysis_round_trip" time="0.271" /><testcase classname=".repo_studios.tests.tests_producers.test_generate_anchor_inventory" name="test_reports_written_with_duplicates" time="0.021" /><testcase classname=".repo_studios.tests.tests_producers.test_generate_anchor_inventory" name="test_pruning_keeps_newest_run" time="0.017" /><testcase classname=".repo_studios.tests.tests_producers.test_generate_code_doc_churn_report" name="test_churn_detects_missing_doc_updates" time="0.563" /><testcase classname=".repo_studios.tests.tests_producers.test_generate_code_doc_churn_report" name="test_churn_skips_when_docs_updated" time="0.498" /><testcase classname=".repo_studios.tests.tests_producers.test_generate_code_doc_churn_report" name="test_churn_honors_allowlist" time="0.495" /><testcase classname=".repo_studios.tests.tests_producers.test_generate_dependency_hygiene_report" name="test_reports_written_without_issues" time="0.039" /><testcase classname=".repo_studios.tests.tests_producers.test_generate_dependency_hygiene_report" name="test_threshold_breach_and_pruning" time="0.016" /><testcase classname=".repo_studios.tests.tests_producers.test_generate_doc_index" name="test_doc_index_produces_artifacts_and_placeholder" time="0.026" /><testcase classname=".repo_studios.tests.tests_producers.test_generate_doc_index" name="test_doc_index_retention_keeps_single_run" time="0.032" /><testcase classname=".repo_studios.tests.tests_producers.test_generate_function_analysis" name="test_analysis_detects_duplicate_functions" time="0.178" /><testcase classname=".repo_studios.tests.tests_producers.test_generate_function_analysis" name="test_analysis_errors_without_inventory" time="0.005" /><testcase classname=".repo_studios.tests.tests_producers.test_generate_function_analysis" name="test_analysis_replaces_existing_outputs" time="0.123" /><testcase classname=".repo_studios.tests.tests_producers.test_generate_function_inventory" name="test_inventory_generates_structured_output" time="0.172" /><testcase classname=".repo_studios.tests.tests_producers.test_generate_function_inventory" name="test_inventory_merges_coverage_reports" time="0.116" /><testcase classname=".repo_studios.tests.tests_producers.test_generate_function_inventory" name="test_inventory_includes_git_churn_summary" time="0.510" /><testcase classname=".repo_studios.tests.tests_producers.test_generate_function_inventory" name="test_inventory_captures_warnings_for_problem_files" time="0.068" /><testcase classname=".repo_studios.tests.tests_producers.test_generate_function_inventory" name="test_inventory_skips_hidden_and_virtualenv_dirs" time="0.067" /><testcase classname=".repo_studios.tests.tests_producers.test_generate_function_inventory" name="test_inventory_removes_preexisting_outputs" time="0.072" /><testcase classname=".repo_studios.tests.tests_producers.test_generate_function_inventory" name="test_screening_score_history_accumulates_across_runs" time="0.198" /><testcase classname=".repo_studios.tests.tests_producers.test_generate_function_inventory" name="test_call_graph_resolves_local_and_imported_calls" time="0.115" /><testcase classname=".repo_studios.tests.tests_producers.test_generate_function_inventory" name="test_inventory_records_class_bases" time="0.114" /><testcase classname=".repo_studios.tests.tests_producers.test_generate_function_inventory" name="test_cyclomatic_complexity_counts_branches" time="0.115" /><testcase classname=".repo_studios.tests.tests_producers.test_generate_function_inventory" name="test_type_hint_coverage_reports_ratio" time="0.114" /><testcase classname=".repo_studios.tests.tests_producers.test_generate_function_inventory" name="test_function_metadata_persists_effects_and_decorators" time="0.117" /><testcase classname=".repo_studios.tests.tests_producers.test_generate_function_inventory" name="test_unused_imports_and_unreachable_functions_reported" time="0.118" /><testcase classname=".repo_studios.tests.tests_producers.test_generate_function_inventory" name="test_inventory_errors_when_no_python_files" time="0.006" /><testcase classname=".repo_studios.tests.tests_producers.test_generate_function_inventory" name="test_reports_root_outside_static_scope_rejected" time="0.006" /><testcase classname=".repo_studios.tests.tests_producers.test_generate_import_graph_report" name="test_report_with_no_targets" time="0.018" /><testcase classname=".repo_studios.tests.tests_producers.test_generate_import_graph_report" name="test_cycle_detection_and_pruning" time="0.017" /><testcase classname=".repo_studios.tests.tests_producers.test_generate_lizard_report" name="test_structured_artifacts_success" time="0.057" /><testcase classname=".repo_studios.tests.tests_producers.test_generate_lizard_report" name="test_no_targets_and_pruning" time="0.014" /><testcase classname=".repo_studios.tests.tests_producers.test_generate_standards_index" name="test_structured_artifacts_success" time="0.031" /><testcase classname=".repo_studios.tests.tests_producers.test_generate_standards_index" name="test_failure_path_writes_artifacts_and_prunes" time="0.022" /><testcase classname=".repo_studios.tests.tests_producers.test_generate_test_coverage_inventory" name="test_generates_structured_artifacts" time="0.025" /><testcase classname=".repo_studios.tests.tests_producers.test_generate_test_coverage_inventory" name="test_threshold_enforcement_and_pruning" time="0.023" /><testcase classname=".repo_studios.tests.tests_producers.test_generate_typecheck_report" name="test_typecheck_success" time="0.021" /><testcase classname=".repo_studios.tests.tests_producers.test_generate_typecheck_report" name="test_typecheck_failure" time="0.012" /><testcase classname=".repo_studios.tests.tests_producers.test_generate_undocumented_logic_report" name="test_detects_missing_docstrings" time="0.027" /><testcase classname=".repo_studios.tests.tests_producers.test_generate_undocumented_logic_report" name="test_allowlist_skips_module" time="0.019" /><testcase classname=".repo_studios.tests.tests_producers.test_generate_undocumented_logic_report" name="test_handles_missing_metadata" time="0.019" /><testcase classname=".repo_studios.tests.tests_producers.test_render_inventory_views" name="test_render_inventory_views_structured_output[2]" time="0.035" /><testcase classname=".repo_studios.tests.tests_producers.test_scan_code_placeholders" name="test_structured_artifacts" time="0.029" /><testcase classname=".repo_studios.tests.tests_producers.test_scan_code_placeholders" name="test_pruning_and_allowlist" time="0.027" /><testcase classname=".repo_studios.tests.tests_producers.test_scan_code_placeholders" name="test_default_exclusions_skip_virtualenv" time="0.023" /><testcase classname=".repo_studios.tests.tests_producers.test_scan_code_placeholders" name="test_exclude_prefix_flag_disables_defaults" time="0.021" /><testcase classname=".repo_studios.tests.tests_producers.test_scan_code_placeholders" name="test_ignores_title_case_tokens" time="0.023" /><testcase classname=".repo_studios.tests.tests_producers.test_scan_monkey_patches" name="test_structured_artifacts" time="0.038" /><testcase classname=".repo_studios.tests.tests_producers.test_scan_monkey_patches" name="test_prune_history" time="0.042" /><testcase classname=".repo_studios.tests.tests_producers.test_seed_standards_prompts" name="test_structured_artifacts" time="0.025" /><testcase classname=".repo_studios.tests.tests_producers.test_seed_standards_prompts" name="test_prune_history" time="0.030" /><testcase classname=".repo_studios.tests.tests_producers.test_validate_import_boundaries" name="test_emits_structured_artifacts_without_violations" time="0.021" /><testcase classname=".repo_studios.tests.tests_producers.test_validate_import_boundaries" name="test_detects_violations_and_honors_allowlist" time="0.031" /><testcase classname=".repo_studios.tests.tests_producers.test_validate_inventory" name="test_validate_inventory_success_and_pruning" time="0.035" /><testcase classname=".repo_studios.tests.tests_producers.test_validate_markdown_anchors" name="test_reports_written_with_issues" time="0.017" /><testcase classname=".repo_studios.tests.tests_producers.test_validate_markdown_anchors" name="test_pruning_keeps_newest_run" time="0.013" /><testcase classname=".repo_studios.tests.tests_producers.test_validate_metrics_anchor_stubs" name="test_structured_artifacts_without_missing" time="0.023" /><testcase classname=".repo_studios.tests.tests_producers.test_validate_metrics_anchor_stubs" name="test_detects_missing_and_honors_allowlist" time="0.028" /><testcase classname=".repo_studios.tests.tests_producers.test_verify_docs_integrity" name="test_clean_run_generates_artifacts" time="0.024" /><testcase classname=".repo_studios.tests.tests_producers.test_verify_docs_integrity" name="test_detects_mismatches_and_updates" time="0.050" /></testsuite></testsuites>