<?xml version="1.0" encoding="utf-8"?><testsuites><testsuite name="pytest" errors="0" failures="3" skipped="26" tests="1446" time="411.380" timestamp="2025-10-17T07:08:10.047879-04:00" hostname="jarvis-core"><testcase classname="" name="agents.core.monitoring.metrics_storage.tests.retention.test_tombstone" time="0.000"><skipped message="collection skipped">('/home/founder/jarvis2/agents/core/monitoring/metrics_storage/tests/retention/test_tombstone.py', 13, 'Skipped: Legacy tombstone tests were replaced by modular suites under tests/retention/tombstones/')</skipped></testcase><testcase classname="tests.agents.agent_instances.test_label_metrics_guard" name="test_label_metrics_emitted_within_threshold" time="0.061" /><testcase classname="tests.agents.agent_instances.test_label_metrics_guard" name="test_label_metrics_suppressed_when_exceed_threshold" time="0.056" /><testcase classname="tests.agents.agent_instances.test_metrics_exposition" name="test_builder_empty_flag_disabled" time="0.056" /><testcase classname="tests.agents.agent_instances.test_metrics_exposition" name="test_builder_empty_flag_enabled" time="0.054" /><testcase classname="tests.agents.agent_instances.test_metrics_exposition" name="test_builder_with_instances" time="0.052" /><testcase classname="tests.agents.agent_instances.test_metrics_exposition" name="test_builder_emits_pruned_counter" time="0.056" /><testcase classname="tests.agents.agent_instances.test_registry_prune" name="test_no_prune_when_flag_absent" time="0.054" /><testcase classname="tests.agents.agent_instances.test_registry_prune" name="test_prune_removes_stale_instances" time="0.052" /><testcase classname="tests.agents.agent_instances.test_registry_prune" name="test_prune_disabled_via_toggle" time="0.053" /><testcase classname="tests.agents.agent_instances.test_rss_sampling" name="test_rss_sampling_disabled_by_default" time="0.052" /><testcase classname="tests.agents.agent_instances.test_rss_sampling" name="test_rss_sampling_with_fake_reader" time="0.054" /><testcase classname="tests.agents.agent_instances.test_rss_sampling" name="test_rss_sampling_failure_increments_counter" time="0.052" /><testcase classname="tests.agents.benchmark.test_benchmark_agent_summary" name="test_compute_summary_and_mrp_artifacts" time="0.053" /><testcase classname="tests.agents.benchmark.test_junit_parser" name="test_parse_junit_durations_extracts_times" time="0.051" /><testcase classname="tests.agents.benchmark.test_junit_parser" name="test_p95_simple" time="0.053" /><testcase classname="tests.agents.benchmark.test_label_normalization" name="test_normalize_trims_parameters_and_preserves_keys" time="0.055" /><testcase classname="tests.agents.benchmark.test_label_normalization" name="test_normalize_converts_backslashes_and_escapes_quotes" time="0.054" /><testcase classname="tests.agents.benchmark.test_label_normalization" name="test_normalize_applies_hash_for_very_long_labels" time="0.056" /><testcase classname="tests.agents.core.messaging.test_agent_topics_adapters" name="test_diagnostic_subscription_in_order" time="0.056" /><testcase classname="tests.agents.core.messaging.test_agent_topics_adapters" name="test_category_overflow_drops_oldest" time="0.058" /><testcase classname="tests.agents.core.messaging.test_agent_topics_adapters" name="test_category_selector_namespace_and_regex" time="0.056" /><testcase classname="tests.agents.core.monitoring.metrics_storage.model_metrics.test_batch_metrics_analytics" name="test_analyze_groups_metrics_by_model" time="0.055" /><testcase classname="tests.agents.core.monitoring.metrics_storage.model_metrics.test_batch_metrics_analytics" name="test_analyze_scaling_trend_detects_hard_cutoff" time="0.053" /><testcase classname="tests.agents.core.monitoring.metrics_storage.model_metrics.test_batch_metrics_analytics" name="test_recommendation_service_returns_targeted_suggestions" time="0.056" /><testcase classname="tests.agents.core.monitoring.metrics_storage.model_metrics.test_batch_metrics_enrichment" name="test_enrich_adds_per_item_metrics_and_speedup" time="0.055" /><testcase classname="tests.agents.core.monitoring.metrics_storage.model_metrics.test_batch_metrics_enrichment" name="test_enrich_applies_overhead_from_single_item_metadata" time="0.052" /><testcase classname="tests.agents.core.monitoring.metrics_storage.model_metrics.test_batch_metrics_manager" name="test_store_batch_metrics_rejects_single_item_payload" time="0.052" /><testcase classname="tests.agents.core.monitoring.metrics_storage.model_metrics.test_batch_metrics_manager" name="test_store_batch_metrics_enriches_payload_before_persisting" time="0.052" /><testcase classname="tests.agents.core.monitoring.metrics_storage.model_metrics.test_batch_metrics_manager" name="test_get_batch_metrics_builds_filters_and_queries_repository" time="0.054" /><testcase classname="tests.agents.core.monitoring.metrics_storage.model_metrics.test_batch_metrics_repository" name="test_store_metrics_writes_to_database_and_file" time="0.057" /><testcase classname="tests.agents.core.monitoring.metrics_storage.model_metrics.test_batch_metrics_repository" name="test_build_filters_adds_pagination" time="0.051" /><testcase classname="tests.agents.core.monitoring.metrics_storage.model_metrics.test_batch_metrics_repository" name="test_fetch_paginated_parses_metadata" time="0.056" /><testcase classname="tests.agents.core.monitoring.visualization.utils.charting.test_chartjs_code" name="test_format_chart_data_for_js_generates_const_declaration" time="0.052" /><testcase classname="tests.agents.core.monitoring.visualization.utils.charting.test_chartjs_code" name="test_create_chart_js_code_includes_chart_id" time="0.052" /><testcase classname="tests.agents.core.monitoring.visualization.utils.charting.test_chartjs_code" name="test_chart_js_serializer_renders_using_instance_chart_id" time="0.052" /><testcase classname="tests.agents.core.monitoring.visualization.utils.charting.test_chartjs_code" name="test_chart_js_serializer_format_config_delegates" time="0.053" /><testcase classname="tests.agents.core.monitoring.visualization.utils.charting.test_config_builders.TestChartConfigFactory" name="test_create_time_series" time="0.052" /><testcase classname="tests.agents.core.monitoring.visualization.utils.charting.test_config_builders.TestChartConfigFactory" name="test_create_bar" time="0.051" /><testcase classname="tests.agents.core.monitoring.visualization.utils.charting.test_config_builders.TestChartConfigFactory" name="test_create_multi_bar" time="0.052" /><testcase classname="tests.agents.core.monitoring.visualization.utils.charting.test_config_builders.TestChartConfigFactory" name="test_create_pie" time="0.053" /><testcase classname="tests.agents.core.monitoring.visualization.utils.charting.test_config_builders.TestChartConfigFactory" name="test_create_matrix" time="0.051" /><testcase classname="tests.agents.core.monitoring.visualization.utils.charting.test_config_builders.TestChartConfigFactory" name="test_create_scatter" time="0.050" /><testcase classname="tests.agents.core.monitoring.visualization.utils.charting.test_config_builders.TestChartConfigFactory" name="test_create_gauge" time="0.054" /><testcase classname="tests.agents.core.monitoring.visualization.utils.charting.test_config_builders" name="test_function_wrappers[create_time_series_chart_config-args0-line]" time="0.054" /><testcase classname="tests.agents.core.monitoring.visualization.utils.charting.test_config_builders" name="test_function_wrappers[create_bar_chart_config-args1-bar]" time="0.051" /><testcase classname="tests.agents.core.monitoring.visualization.utils.charting.test_config_builders" name="test_function_wrappers[create_multi_bar_chart_config-args2-bar]" time="0.051" /><testcase classname="tests.agents.core.monitoring.visualization.utils.charting.test_config_builders" name="test_function_wrappers[create_pie_chart_config-args3-pie]" time="0.051" /><testcase classname="tests.agents.core.monitoring.visualization.utils.charting.test_config_builders" name="test_function_wrappers[create_matrix_chart_config-args4-matrix]" time="0.051" /><testcase classname="tests.agents.core.monitoring.visualization.utils.charting.test_config_builders" name="test_function_wrappers[create_scatter_chart_config-args5-scatter]" time="0.053" /><testcase classname="tests.agents.core.monitoring.visualization.utils.charting.test_config_builders" name="test_function_wrappers[create_gauge_chart_config-args6-gauge]" time="0.051" /><testcase classname="tests.agents.core.monitoring.visualization.utils.charting.test_palette" name="test_generate_color_palette_lengths[#4e79a7-0-0]" time="0.054" /><testcase classname="tests.agents.core.monitoring.visualization.utils.charting.test_palette" name="test_generate_color_palette_lengths[#4e79a7-1-1]" time="0.053" /><testcase classname="tests.agents.core.monitoring.visualization.utils.charting.test_palette" name="test_generate_color_palette_lengths[#4e79a7-3-3]" time="0.056" /><testcase classname="tests.agents.core.monitoring.visualization.utils.charting.test_palette" name="test_generate_color_palette_lengths[#badbad-5-5]" time="0.056" /><testcase classname="tests.agents.core.monitoring.visualization.utils.charting.test_palette" name="test_color_palette_generator_defaults" time="0.055" /><testcase classname="tests.agents.core.monitoring.visualization.utils.charting.test_palette" name="test_get_chart_colors_handles_default_palette[1]" time="0.055" /><testcase classname="tests.agents.core.monitoring.visualization.utils.charting.test_palette" name="test_get_chart_colors_handles_default_palette[2]" time="0.056" /><testcase classname="tests.agents.core.monitoring.visualization.utils.charting.test_palette" name="test_get_chart_colors_handles_default_palette[3]" time="0.055" /><testcase classname="tests.agents.core.monitoring.visualization.utils.charting.test_palette" name="test_get_chart_colors_handles_default_palette[4]" time="0.052" /><testcase classname="tests.agents.core.monitoring.visualization.utils.charting.test_palette" name="test_get_chart_colors_handles_default_palette[5]" time="0.052" /><testcase classname="tests.agents.core.monitoring.visualization.utils.charting.test_palette" name="test_get_chart_colors_handles_default_palette[6]" time="0.054" /><testcase classname="tests.agents.core.monitoring.visualization.utils.charting.test_palette" name="test_get_chart_colors_handles_default_palette[7]" time="0.057" /><testcase classname="tests.agents.core.monitoring.visualization.utils.charting.test_palette" name="test_get_chart_colors_handles_default_palette[8]" time="0.053" /><testcase classname="tests.agents.core.monitoring.visualization.utils.charting.test_palette" name="test_get_chart_colors_handles_default_palette[9]" time="0.053" /><testcase classname="tests.agents.core.monitoring.visualization.utils.charting.test_palette" name="test_get_chart_colors_handles_default_palette[10]" time="0.053" /><testcase classname="tests.agents.core.monitoring.visualization.utils.charting.test_palette" name="test_get_chart_colors_handles_default_palette[15]" time="0.052" /><testcase classname="tests.agents.core.monitoring.visualization.utils.charting.test_palette" name="test_get_chart_colors_extends_with_base_color" time="0.052" /><testcase classname="tests.agents.core.monitoring.visualization.utils.data_processing.test_common_tabular" name="test_data_grouper_skips_missing_keys" time="0.056" /><testcase classname="tests.agents.core.monitoring.visualization.utils.data_processing.test_common_tabular" name="test_nested_dict_utils_flatten_and_extract" time="0.056" /><testcase classname="tests.agents.core.monitoring.visualization.utils.data_processing.test_common_tabular" name="test_pivot_table_builder_returns_expected_matrix" time="0.056" /><testcase classname="tests.agents.core.monitoring.visualization.utils.data_processing.test_facade" name="test_group_by_delegates_to_data_grouper" time="0.053" /><testcase classname="tests.agents.core.monitoring.visualization.utils.data_processing.test_facade" name="test_aggregate_by_time_matches_expected_average" time="0.056" /><testcase classname="tests.agents.core.monitoring.visualization.utils.data_processing.test_facade" name="test_find_anomalies_retains_api" time="0.054" /><testcase classname="tests.agents.core.monitoring.visualization.utils.data_processing.test_facade" name="test_interpolate_missing_points_facade" time="0.054" /><testcase classname="tests.agents.core.monitoring.visualization.utils.data_processing.test_statistics" name="test_find_anomalies_with_zscore" time="0.054" /><testcase classname="tests.agents.core.monitoring.visualization.utils.data_processing.test_statistics" name="test_find_anomalies_with_threshold" time="0.053" /><testcase classname="tests.agents.core.monitoring.visualization.utils.data_processing.test_timeseries" name="test_group_by_time_rounds_to_nearest_interval" time="0.053" /><testcase classname="tests.agents.core.monitoring.visualization.utils.data_processing.test_timeseries" name="test_group_by_day_handles_invalid_timestamps" time="0.054" /><testcase classname="tests.agents.core.monitoring.visualization.utils.data_processing.test_timeseries" name="test_aggregate_by_time_supports_count" time="0.054" /><testcase classname="tests.agents.core.monitoring.visualization.utils.data_processing.test_timeseries" name="test_aggregate_by_time_with_average" time="0.056" /><testcase classname="tests.agents.core.monitoring.visualization.utils.data_processing.test_timeseries" name="test_calculate_percentiles_returns_defaults" time="0.052" /><testcase classname="tests.agents.core.monitoring.visualization.utils.data_processing.test_timeseries" name="test_calculate_distribution_handles_constant_values" time="0.052" /><testcase classname="tests.agents.core.monitoring.visualization.utils.data_processing.test_timeseries" name="test_interpolate_missing_points_fills_gaps" time="0.050" /><testcase classname="tests.agents.core.monitoring.visualization.utils.data_processing.test_timeseries" name="test_interpolate_missing_points_respects_custom_range" time="0.052" /><testcase classname="tests.agents.core.test_agent_template" name="test_agent_start_stop_and_metrics" time="0.104" /><testcase classname="tests.agents.core.test_agent_template" name="test_ensure_eventbus_subscription_background" time="0.154" /><testcase classname="tests.agents.core.test_agent_template" name="test_agent_error_metric_increments" time="0.104" /><testcase classname="tests.agents.core.test_agent_template" name="test_agent_uses_mocked_event_bus" time="0.103" /><testcase classname="tests.agents.core.test_agent_template" name="test_filter_resubscribe_via_ws_json_control" time="0.000"><skipped type="pytest.skip" message="WS JSON control channel for resubscribe not implemented yet">/home/founder/jarvis2/tests/agents/core/test_agent_template.py:126: WS JSON control channel for resubscribe not implemented yet</skipped></testcase><testcase classname="tests.agents.core.test_context" name="test_init_ephemeral_idempotent" time="0.057" /><testcase classname="tests.agents.core.test_context" name="test_get_state_store_lazy_init" time="0.051" /><testcase classname="tests.agents.core.test_context" name="test_get_event_bus_lazily_initializes_without_env" time="0.050" /><testcase classname="tests.agents.core.test_context" name="test_get_event_bus_respects_event_buffer_size_env" time="0.053" /><testcase classname="tests.agents.core.test_context" name="test_get_event_bus_reuses_builtins" time="0.054" /><testcase classname="tests.agents.core.test_context" name="test_init_store_enables_event_bridge_and_emits" time="0.058" /><testcase classname="tests.agents.core.test_context" name="test_bridge_respects_state_emit_hooks_disabled" time="0.254" /><testcase classname="tests.agents.core.test_context" name="test_persist_true_no_running_loop_starts_no_timer" time="0.052" /><testcase classname="tests.agents.core.test_context" name="test_persist_true_with_env_path_starts_timer_and_cancel" time="0.055" /><testcase classname="tests.agents.core.test_context" name="test_enable_events_without_bridge_no_emission" time="0.254" /><testcase classname="tests.agents.core.test_context" name="test_bridge_hook_error_resilience" time="0.049" /><testcase classname="tests.agents.core.test_context" name="test_get_event_bus_enable_events_logging_path" time="0.049" /><testcase classname="tests.agents.core.test_context" name="test_bridge_only_env_triggers_bus_and_emits" time="0.050" /><testcase classname="tests.agents.core.test_context" name="test_builtins_wrong_type_is_overwritten_in_init" time="0.049" /><testcase classname="tests.agents.core.test_context" name="test_snapshot_interval_minimum" time="0.050" /><testcase classname="tests.agents.core.test_context" name="test_periodic_snapshot_invokes_persist" time="1.254" /><testcase classname="tests.agents.core.test_context" name="test_init_state_store_reuses_builtins_bus" time="0.050" /><testcase classname="tests.agents.core.test_context_events_bridge" name="test_ensure_events_bridge_idempotent_and_emits_on_change" time="0.053" /><testcase classname="tests.agents.core.test_context_events_bridge" name="test_ensure_events_bridge_off_when_env_missing" time="0.055" /><testcase classname="tests.agents.core.test_core_intent_router" name="test_classify_defaults_to_general_qa_when_no_match" time="0.053" /><testcase classname="tests.agents.core.test_core_intent_router" name="test_python_keywords_map_to_python_coding_without_rag[Write a python function to add two numbers]" time="0.054" /><testcase classname="tests.agents.core.test_core_intent_router" name="test_python_keywords_map_to_python_coding_without_rag[Design a Python class for a cache]" time="0.053" /><testcase classname="tests.agents.core.test_core_intent_router" name="test_python_keywords_map_to_python_coding_without_rag[python function class]" time="0.051" /><testcase classname="tests.agents.core.test_core_intent_router" name="test_documentation_keywords_enable_rag[Create an API spec for the new endpoint]" time="0.052" /><testcase classname="tests.agents.core.test_core_intent_router" name="test_documentation_keywords_enable_rag[Where is the swagger doc for this API?]" time="0.054" /><testcase classname="tests.agents.core.test_core_intent_router" name="test_documentation_keywords_enable_rag[endpoint spec api swagger]" time="0.049" /><testcase classname="tests.agents.core.test_core_intent_router" name="test_scoring_prefers_higher_count_task" time="0.048" /><testcase classname="tests.agents.core.test_core_intent_router" name="test_tie_break_is_deterministic_prefers_first_encountered" time="0.049" /><testcase classname="tests.agents.core.test_core_intent_router" name="test_confidence_is_zero_for_no_match" time="0.050" /><testcase classname="tests.agents.core.test_core_intent_router" name="test_configured_patterns_override" time="0.050" /><testcase classname="tests.agents.core.test_event_bus_edges" name="test_subscribe_requires_running_loop" time="0.051" /><testcase classname="tests.agents.core.test_event_bus_edges" name="test_publish_with_bad_filter_does_not_break_and_is_skipped" time="0.102" /><testcase classname="tests.agents.core.test_event_bus_edges" name="test_unsubscribe_handles_closed_loop_best_effort" time="0.050" /><testcase classname="tests.agents.core.test_event_bus_edges" name="test_close_handles_closed_loop_on_signal" time="0.049" /><testcase classname="tests.agents.core.test_event_bus_edges" name="test_recent_match_with_bad_filter_is_safe_and_returns_none" time="0.049" /><testcase classname="tests.agents.core.test_event_bus_edges" name="test_subscribe_with_unsupported_policy_warns_and_uses_drop_oldest" time="0.050" /><testcase classname="tests.agents.core.test_event_filter_validation" name="test_validate_filter_accepts_none_topics" time="0.050" /><testcase classname="tests.agents.core.test_event_filter_validation" name="test_validate_filter_rejects_empty_topics" time="0.050" /><testcase classname="tests.agents.core.test_event_filter_validation" name="test_validate_filter_rejects_empty_topic_string" time="0.050" /><testcase classname="tests.agents.core.test_event_filter_validation" name="test_validate_filter_rejects_empty_namespace_prefix" time="0.049" /><testcase classname="tests.agents.core.test_event_filter_validation" name="test_validate_filter_rejects_bad_regex" time="0.050" /><testcase classname="tests.agents.core.test_event_filter_validation" name="test_validate_filter_compiles_regex" time="0.052" /><testcase classname="tests.agents.core.test_events_filter" name="test_event_model_basic_and_extra_fields" time="0.054" /><testcase classname="tests.agents.core.test_events_filter" name="test_eventtopic_is_string_enum" time="0.051" /><testcase classname="tests.agents.core.test_events_filter" name="test_filter_matches_by_topic_exact_and_set" time="0.051" /><testcase classname="tests.agents.core.test_events_filter" name="test_filter_matches_namespace_prefix" time="0.052" /><testcase classname="tests.agents.core.test_events_filter" name="test_filter_key_regex_matching" time="0.053" /><testcase classname="tests.agents.core.test_events_filter" name="test_filter_empty_criteria_matches_all" time="0.051" /><testcase classname="tests.agents.core.test_events_filter" name="test_filter_combined_all_conditions" time="0.051" /><testcase classname="tests.agents.core.test_events_filter" name="test_filter_non_matching_any_condition" time="0.051" /><testcase classname="tests.agents.core.test_events_filter" name="test_filter_invalid_regex_raises" time="0.059" /><testcase classname="tests.agents.core.test_events_filter" name="test_filter_topics_is_frozenset_immutable" time="0.056" /><testcase classname="tests.agents.core.test_events_filter_additional" name="test_filter_allows_empty_criteria_and_blocks_nonmatching" time="0.051" /><testcase classname="tests.agents.core.test_import_neutrality_core" name="test_jarvis_api_import_neutrality" time="0.063" /><testcase classname="tests.agents.core.test_intent_router_backward_compat" name="test_negative_token_only_yields_general_and_no_rag" time="0.051" /><testcase classname="tests.agents.core.test_intent_router_backward_compat" name="test_negative_token_subtracts_but_positive_enables_rag" time="0.050" /><testcase classname="tests.agents.core.test_intent_router_backward_compat" name="test_legacy_schema_warns_only_once" time="0.050" /><testcase classname="tests.agents.core.test_intent_router_backward_compat" name="test_python_coding_rag_off_guard" time="0.050" /><testcase classname="tests.agents.core.test_intent_router_backward_compat" name="test_env_vs_arg_precedence_policy_and_topk" time="0.051" /><testcase classname="tests.agents.core.test_intent_router_phase1" name="test_unicode_normalization_enables_matches_casefold" time="0.054" /><testcase classname="tests.agents.core.test_intent_router_phase1" name="test_deterministic_tiebreaker_with_priority" time="0.050" /><testcase classname="tests.agents.core.test_intent_router_phase1" name="test_rag_gating_threshold_and_no_match_disable" time="0.050" /><testcase classname="tests.agents.core.test_intent_router_phase1" name="test_config_ttl_reload_on_mtime" time="0.061" /><testcase classname="tests.agents.core.test_intent_router_phase1" name="test_classify_debug_returns_details" time="0.050" /><testcase classname="tests.agents.core.test_intent_router_phase2" name="test_boundary_aware_reduces_false_positive_api_in_capillary" time="0.049" /><testcase classname="tests.agents.core.test_intent_router_phase2" name="test_token_weights_influence_outcome" time="0.049" /><testcase classname="tests.agents.core.test_intent_router_phase2" name="test_confidence_policies_emit_unit_interval[coverage-expect_range0]" time="0.049" /><testcase classname="tests.agents.core.test_intent_router_phase2" name="test_confidence_policies_emit_unit_interval[max_count-expect_range1]" time="0.050" /><testcase classname="tests.agents.core.test_intent_router_phase2" name="test_confidence_policies_emit_unit_interval[margin-expect_range2]" time="0.050" /><testcase classname="tests.agents.core.test_intent_router_phase2" name="test_topk_candidates_sorted_and_limited" time="0.052" /><testcase classname="tests.agents.core.test_intent_router_phase2" name="test_boundary_aware_matches_token_with_trailing_punctuation" time="0.054" /><testcase classname="tests.agents.core.test_intent_router_phase2" name="test_boundary_aware_matches_token_with_leading_punctuation" time="0.051" /><testcase classname="tests.agents.core.test_intent_router_phase3" name="test_config_loads_versioned_inline_and_file" time="0.049" /><testcase classname="tests.agents.core.test_intent_router_phase3" name="test_invalid_entries_fall_back_to_builtins" time="0.049" /><testcase classname="tests.agents.core.test_intent_router_phase3" name="test_cache_mtime_reload_and_ttl" time="0.053" /><testcase classname="tests.agents.core.test_intent_router_phase3" name="test_optional_liberal_max_tokens_cap" time="0.050" /><testcase classname="tests.agents.core.test_intent_router_phase3" name="test_boundary_vs_substring_toggle" time="0.050" /><testcase classname="tests.agents.core.test_intent_router_phase3" name="test_tie_break_priority_is_deterministic" time="0.050" /><testcase classname="tests.agents.core.test_intent_router_phase3" name="test_confidence_coverage_exact" time="0.049" /><testcase classname="tests.agents.core.test_intent_router_phase3" name="test_confidence_policies_expected_values" time="0.049" /><testcase classname="tests.agents.core.test_intent_router_phase3" name="test_rag_gating_thresholds" time="0.049" /><testcase classname="tests.agents.core.test_intent_router_phase3" name="test_concurrency_debug_payloads_are_request_scoped" time="0.050" /><testcase classname="tests.agents.core.test_intent_router_phase3" name="test_performance_compiled_regex_path_is_not_worse" time="0.000"><skipped type="pytest.skip" message="Performance check disabled by default">/home/founder/jarvis2/tests/agents/core/test_intent_router_phase3.py:262: Performance check disabled by default</skipped></testcase><testcase classname="tests.agents.core.test_messaging_adapter_compat" name="test_compat_subscribe_publish_sync_handler" time="0.102" /><testcase classname="tests.agents.core.test_messaging_adapter_compat" name="test_compat_subscribe_publish_async_handler" time="0.100" /><testcase classname="tests.agents.core.test_messaging_adapter_compat" name="test_compat_unsubscribe_stops_sync_handler" time="0.170" /><testcase classname="tests.agents.core.test_messaging_adapter_compat" name="test_compat_unsubscribe_stops_async_handler" time="0.182" /><testcase classname="tests.agents.core.test_messaging_adapter_compat" name="test_compat_once_true_delivers_only_first" time="0.130" /><testcase classname="tests.agents.core.test_messaging_adapter_compat" name="test_compat_type_filter_predicate" time="0.110" /><testcase classname="tests.agents.core.test_messaging_adapter_compat" name="test_compat_unsubscribe_is_idempotent" time="0.170" /><testcase classname="tests.agents.core.test_missions_archive_complete_overdue_summary" name="test_archive_completed_moves_only_completed_and_announces" time="0.049" /><testcase classname="tests.agents.core.test_missions_archive_complete_overdue_summary" name="test_archive_completed_no_completed" time="0.050" /><testcase classname="tests.agents.core.test_missions_archive_complete_overdue_summary" name="test_archive_completed_pluralization" time="0.053" /><testcase classname="tests.agents.core.test_missions_archive_complete_overdue_summary" name="test_mark_complete_matches_and_writes" time="0.050" /><testcase classname="tests.agents.core.test_missions_archive_complete_overdue_summary" name="test_mark_complete_no_match" time="0.049" /><testcase classname="tests.agents.core.test_missions_archive_complete_overdue_summary" name="test_mark_complete_skips_completed_and_non_tasks" time="0.049" /><testcase classname="tests.agents.core.test_missions_archive_complete_overdue_summary" name="test_get_overdue_and_speak_report" time="0.052" /><testcase classname="tests.agents.core.test_missions_archive_complete_overdue_summary" name="test_overdue_report_no_overdue" time="0.050" /><testcase classname="tests.agents.core.test_missions_archive_complete_overdue_summary" name="test_overdue_report_many_overdue" time="0.055" /><testcase classname="tests.agents.core.test_missions_archive_complete_overdue_summary" name="test_overdue_sorted_and_invalid_dates_ignored" time="0.051" /><testcase classname="tests.agents.core.test_missions_archive_complete_overdue_summary" name="test_summarize_and_speak_summary" time="0.051" /><testcase classname="tests.agents.core.test_missions_archive_complete_overdue_summary" name="test_summary_empty_and_error_paths" time="0.049" /><testcase classname="tests.agents.core.test_missions_archive_complete_overdue_summary" name="test_speak_summary_empty_branches" time="0.050" /><testcase classname="tests.agents.core.test_missions_archive_complete_overdue_summary" name="test_mission_summary_invalid_date_and_time_paths" time="0.050" /><testcase classname="tests.agents.core.test_missions_scheduler" name="test_check_due_today_true_false" time="0.051" /><testcase classname="tests.agents.core.test_missions_scheduler" name="test_check_reminder_now_window" time="0.049" /><testcase classname="tests.agents.core.test_missions_scheduler" name="test_main_runs_single_tick_and_sleeps" time="0.049" /><testcase classname="tests.agents.core.test_missions_scheduler" name="test_scheduler_load_missions_missing_and_bad_json" time="0.049" /><testcase classname="tests.agents.core.test_missions_scheduler" name="test_check_due_today_and_reminder_bad_values" time="0.050" /><testcase classname="tests.agents.core.test_missions_scheduler" name="test_main_announces_due_and_reminder_and_dedup" time="0.050" /><testcase classname="tests.agents.core.test_model_catalog" name="test_model_patterns_include_new_families" time="0.050" /><testcase classname="tests.agents.core.test_model_catalog" name="test_guess_family_variants" time="0.051" /><testcase classname="tests.agents.core.test_model_metrics" name="test_model_metrics_creates_db_and_tables" time="0.069" /><testcase classname="tests.agents.core.test_model_metrics" name="test_log_usage_and_aggregate" time="0.117" /><testcase classname="tests.agents.core.test_model_registry" name="test_scan_models_and_getters" time="0.050" /><testcase classname="tests.agents.core.test_model_registry" name="test_run_inference_with_stats_tracks_metrics" time="0.051" /><testcase classname="tests.agents.core.test_model_registry" name="test_track_error_and_performance_report" time="0.056" /><testcase classname="tests.agents.core.test_model_registry" name="test_monitor_gpu_usage_parsing_and_failure" time="0.052" /><testcase classname="tests.agents.core.test_model_registry" name="test_healthcheck_happy_path" time="0.052" /><testcase classname="tests.agents.core.test_model_registry" name="test_calculate_similarity_basic" time="0.051" /><testcase classname="tests.agents.core.test_model_registry" name="test_optimize_model_usage_selection" time="0.051" /><testcase classname="tests.agents.core.test_model_registry" name="test_get_quantization_info_unknown" time="0.050" /><testcase classname="tests.agents.core.test_model_registry" name="test_scan_models_additional_patterns" time="0.049" /><testcase classname="tests.agents.core.test_model_registry" name="test_analyze_prompt_categories" time="0.050" /><testcase classname="tests.agents.core.test_model_registry" name="test_track_inference_saves_every_10" time="0.051" /><testcase classname="tests.agents.core.test_model_registry" name="test_track_error_high_rate_warning" time="0.052" /><testcase classname="tests.agents.core.test_model_registry" name="test_save_system_metrics_with_psutil" time="0.082" /><testcase classname="tests.agents.core.test_model_registry" name="test_run_model_benchmark_error_cases" time="0.052" /><testcase classname="tests.agents.core.test_model_registry" name="test_get_model_performance_report_all" time="0.056" /><testcase classname="tests.agents.core.test_model_registry" name="test_initialize_data_directories_creates_readmes" time="0.052" /><testcase classname="tests.agents.core.test_model_registry" name="test_best_model_creative_and_general_tasks" time="0.057" /><testcase classname="tests.agents.core.test_model_registry" name="test_quantization_info_match_and_guess_family" time="0.056" /><testcase classname="tests.agents.core.test_model_registry" name="test_estimate_model_vram_q4" time="0.054" /><testcase classname="tests.agents.core.test_model_registry" name="test_get_model_capabilities_unknown" time="0.052" /><testcase classname="tests.agents.core.test_model_registry" name="test_get_model_performance_report_specific_missing" time="0.056" /><testcase classname="tests.agents.core.test_model_registry" name="test_best_general_model_fallback_to_first" time="0.057" /><testcase classname="tests.agents.core.test_model_registry" name="test_healthcheck_model_file_missing_warns" time="0.053" /><testcase classname="tests.agents.core.test_model_registry" name="test_run_inference_with_stats_timeout_error" time="0.052" /><testcase classname="tests.agents.core.test_model_registry" name="test_model_scores_invalid_last_used" time="0.051" /><testcase classname="tests.agents.core.test_model_registry" name="test_scan_models_unknown_skipped" time="0.051" /><testcase classname="tests.agents.core.test_model_registry" name="test_scan_models_skip_existing" time="0.052" /><testcase classname="tests.agents.core.test_model_registry" name="test_estimate_model_vram_other_quant" time="0.053" /><testcase classname="tests.agents.core.test_model_registry" name="test_module_main_block_executes_with_runpy" time="0.055" /><testcase classname="tests.agents.core.test_model_registry" name="test_monitor_gpu_usage_exception_path" time="0.051" /><testcase classname="tests.agents.core.test_model_registry" name="test_best_model_for_prompt_general_qa" time="0.051" /><testcase classname="tests.agents.core.test_model_registry" name="test_parse_nvidia_smi_malformed_line" time="0.050" /><testcase classname="tests.agents.core.test_model_registry" name="test_estimate_model_vram_quant_none" time="0.050" /><testcase classname="tests.agents.core.test_model_registry" name="test_healthcheck_missing_dir_and_llama" time="0.052" /><testcase classname="tests.agents.core.test_model_registry" name="test_detect_available_vram_default_error" time="0.055" /><testcase classname="tests.agents.core.test_model_registry" name="test_instrumentation_writer_labels" time="0.055" /><testcase classname="tests.agents.core.test_model_registry" name="test_registry_persistence_loads_from_file" time="0.055" /><testcase classname="tests.agents.core.test_model_registry" name="test_load_models_metadata_and_defaults" time="0.055" /><testcase classname="tests.agents.core.test_model_registry" name="test_run_inference_variants" time="0.056" /><testcase classname="tests.agents.core.test_model_registry" name="test_run_inference_with_stats_error_paths" time="0.058" /><testcase classname="tests.agents.core.test_model_registry" name="test_scan_models_detects_nemotron_and_arch_agent" time="0.056" /><testcase classname="tests.agents.core.test_model_registry" name="test_load_models_metadata_override_for_new_models" time="0.056" /><testcase classname="tests.agents.core.test_model_registry" name="test_guess_family_new_models" time="0.056" /><testcase classname="tests.agents.core.test_model_registry" name="test_save_and_load_inference_stats" time="0.055" /><testcase classname="tests.agents.core.test_model_registry" name="test_benchmarks_and_metrics_io" time="1.056" /><testcase classname="tests.agents.core.test_model_registry" name="test_detect_available_vram_and_loaded_models_usage" time="0.051" /><testcase classname="tests.agents.core.test_model_registry" name="test_model_scoring_sort_and_selection" time="0.054" /><testcase classname="tests.agents.core.test_model_registry" name="test_get_best_model_for_task_scoring_mode" time="0.053" /><testcase classname="tests.agents.core.test_model_scoring_edges" name="test_zero_inference_time_and_fallback_tokens_per_second" time="0.052" /><testcase classname="tests.agents.core.test_model_scoring_edges" name="test_missing_stats_candidate_is_handled" time="0.052" /><testcase classname="tests.agents.core.test_model_scoring_edges" name="test_deterministic_tie_breaker_on_equal_scores" time="0.052" /><testcase classname="tests.agents.core.test_model_selection_scoring" name="test_scoring_prefers_strength_match[python_coding-code]" time="0.052" /><testcase classname="tests.agents.core.test_model_selection_scoring" name="test_scoring_prefers_strength_match[documentation-doc]" time="0.053" /><testcase classname="tests.agents.core.test_model_selection_scoring" name="test_scoring_penalizes_unavailable" time="0.051" /><testcase classname="tests.agents.core.test_models_cli" name="test_models_cli_refresh_list_health_run" time="0.058" /><testcase classname="tests.agents.core.test_models_cli" name="test_models_cli_parser_and_main_help" time="0.055" /><testcase classname="tests.agents.core.test_models_cli" name="test_models_cli_benchmark_and_optimize" time="0.052" /><testcase classname="tests.agents.core.test_persistence" name="test_snapshot_and_restore_roundtrip" time="0.055" /><testcase classname="tests.agents.core.test_persistence" name="test_restore_preserves_max_version" time="0.054" /><testcase classname="tests.agents.core.test_state_cache_invalidation" name="test_ui_paths_for_key_mappings_and_dedup" time="0.051" /><testcase classname="tests.agents.core.test_state_cache_invalidation" name="test_install_bridge_attaches_and_invalidates" time="0.050" /><testcase classname="tests.agents.core.test_state_cache_invalidation" name="test_get_invalidator_dynamic_resolution" time="0.053" /><testcase classname="tests.agents.core.test_state_cache_invalidation" name="test_bridge_ignores_non_statekey" time="0.051" /><testcase classname="tests.agents.core.test_state_cache_invalidation" name="test_install_bridge_no_middleware_attached" time="0.051" /><testcase classname="tests.agents.core.test_state_events" name="test_emit_one_event_per_set" time="0.054" /><testcase classname="tests.agents.core.test_state_events" name="test_deleted_emits_state_deleted" time="0.053" /><testcase classname="tests.agents.core.test_state_events" name="test_respect_disable_flag" time="0.251" /><testcase classname="tests.agents.core.test_state_pubsub" name="test_wire_roundtrip_includes_expected_fields" time="0.049" /><testcase classname="tests.agents.core.test_state_pubsub" name="test_from_wire_handles_missing_key_with_defaults" time="0.048" /><testcase classname="tests.agents.core.test_state_pubsub" name="test_to_wire_accepts_dict_key_and_optional_fields" time="0.051" /><testcase classname="tests.agents.core.test_state_pubsub" name="test_start_publishes_on_local_change" time="0.112" /><testcase classname="tests.agents.core.test_state_pubsub" name="test_start_skips_when_connect_fails" time="0.055" /><testcase classname="tests.agents.core.test_state_pubsub" name="test_start_handles_subscribe_exception_still_starts_thread" time="0.119" /><testcase classname="tests.agents.core.test_state_pubsub" name="test_subscriber_loop_calls_invalidator_for_foreign_origin" time="0.112" /><testcase classname="tests.agents.core.test_state_pubsub" name="test_stop_is_graceful_when_not_started" time="0.050" /><testcase classname="tests.agents.core.test_state_pubsub" name="test_setup_state_pubsub_enables_with_env_and_store" time="0.055" /><testcase classname="tests.agents.core.test_state_pubsub" name="test_setup_state_pubsub_no_env_noop" time="0.050" /><testcase classname="tests.agents.core.test_state_pubsub" name="test_setup_state_pubsub_env_but_no_store" time="0.052" /><testcase classname="tests.agents.core.test_state_pubsub" name="test_subscriber_loop_handles_bytes_and_malformed" time="0.113" /><testcase classname="tests.agents.core.test_state_store" name="test_set_get_version_monotonic" time="0.053" /><testcase classname="tests.agents.core.test_state_store" name="test_update_cas_conflict" time="0.055" /><testcase classname="tests.agents.core.test_state_store" name="test_delete_and_notfound" time="0.056" /><testcase classname="tests.agents.core.test_state_store" name="test_list_by_namespace_and_prefix" time="0.054" /><testcase classname="tests.agents.core.test_state_store" name="test_change_hooks_called_and_unsubscribe" time="0.052" /><testcase classname="tests.agents.core.test_state_store_bridge_and_persistence" name="test_cas_success_and_conflict" time="0.055" /><testcase classname="tests.agents.core.test_state_store_bridge_and_persistence" name="test_change_hooks_with_and_without_event_bridge" time="0.053" /><testcase classname="tests.agents.core.test_state_store_bridge_and_persistence" name="test_bridge_counters_and_backpressure_drop" time="0.153" /><testcase classname="tests.agents.core.test_state_store_bridge_and_persistence" name="test_persist_restore_smoke_and_utc_check" time="0.052" /><testcase classname="tests.agents.core.test_state_store_utc_and_cas" name="test_change_record_ts_is_utc_and_monotonic" time="0.054" /><testcase classname="tests.agents.core.test_state_store_utc_and_cas" name="test_cas_semantics_exact_and_plus_one" time="0.049" /><testcase classname="tests.agents.core.test_subproc_stream" name="test_run_cmd_stream_happy_path_and_idle_tick" time="0.612" /><testcase classname="tests.agents.core.test_subproc_stream" name="test_run_cmd_stream_hard_idle_timeout" time="0.310" /><testcase classname="tests.agents.core.test_subscriber" name="test_subscriber_invokes_handler_and_stops_cleanly" time="0.101" /><testcase classname="tests.agents.core.test_subscriber" name="test_subscriber_resilient_to_handler_errors" time="0.150" /><testcase classname="tests.agents.diagnostics.test_diagnostic_probes_and_metrics" name="test_rules_hash_present_metric_and_probe" time="0.668" /><testcase classname="tests.agents.diagnostics.test_diagnostic_probes_and_metrics" name="test_diagnostic_counters_exposed" time="0.631" /><testcase classname="tests.agents.diagnostics.test_diagnostic_probes_and_metrics" name="test_sse_cached_anomaly_flag_is_zero_by_default" time="0.566" /><testcase classname="tests.agents.diagnostics.test_diagnostic_probes_and_metrics" name="test_low_304_rate_probe_heuristic_non_failing" time="0.058" /><testcase classname="tests.agents.diagnostics.test_event_diagnostics_agent" name="test_event_diagnostics_agent_detects_bus_drops" time="0.057" /><testcase classname="tests.agents.interface.chainlit.widgets.test_anomaly_thresholds" name="test_load_anomaly_thresholds_resolves_overrides" time="0.056" /><testcase classname="tests.agents.interface.chainlit.widgets.test_anomaly_thresholds" name="test_load_anomaly_thresholds_invalid_override_logs_and_falls_back" time="0.055" /><testcase classname="tests.agents.interface.chainlit.widgets.test_anomaly_thresholds" name="test_get_anomaly_threshold_map_indexes_by_badge" time="0.056" /><testcase classname="tests.agents.interface.test_export_toolkit" name="test_export_requires_feature_flag" time="0.538" /><testcase classname="tests.agents.interface.test_export_toolkit" name="test_export_json_bundle_with_metadata" time="0.558" /><testcase classname="tests.agents.interface.test_export_toolkit" name="test_export_csv_bundle_compressed" time="0.554" /><testcase classname="tests.agents.interface.test_model_comparison_adapters" name="test_build_model_comparison_payload_happy_path" time="0.062" /><testcase classname="tests.agents.interface.test_model_comparison_adapters" name="test_build_model_comparison_payload_errors_when_missing" time="0.060" /><testcase classname="tests.agents.interface.test_model_comparison_adapters" name="test_build_model_comparison_payload_rejects_non_v2_summaries" time="0.057" /><testcase classname="tests.agents.optimization.test_negative_cache_proposal" name="test_negative_cache_proposal_and_mrp_logging" time="0.053" /><testcase classname="tests.agents.optimization.test_optimization_agent_metrics_and_proposal" name="test_optimization_agent_emits_proposal_and_counters" time="0.051" /><testcase classname="tests.agents.orchestrator.test_agent_factory" name="test_instantiate_agents_injects_config_when_supported" time="0.051" /><testcase classname="tests.agents.orchestrator.test_agent_factory" name="test_instantiate_agents_skips_config_when_not_supported" time="0.050" /><testcase classname="tests.agents.orchestrator.test_agent_factory" name="test_instantiate_agents_respects_dry_run" time="0.050" /><testcase classname="tests.agents.orchestrator.test_agent_factory" name="test_instantiate_agents_fallback_when_missing_module" time="0.050" /><testcase classname="tests.agents.orchestrator.test_agent_factory_instrumentation" name="test_fallback_metric_increments_for_missing_class" time="0.050" /><testcase classname="tests.agents.orchestrator.test_agent_factory_instrumentation" name="test_fallback_metric_increments_on_constructor_exception" time="0.049" /><testcase classname="tests.agents.orchestrator.test_agent_factory_instrumentation" name="test_strict_mode_raises_on_missing_agent" time="0.051" /><testcase classname="tests.agents.orchestrator.test_agent_factory_instrumentation" name="test_dynamic_plugin_registration_injects_config" time="0.051" /><testcase classname="tests.agents.orchestrator.test_bounded_queue" name="test_bounded_queue_drops_oldest_and_enqueues_new" time="0.050" /><testcase classname="tests.agents.orchestrator.test_bounded_queue" name="test_bounded_queue_stats_timestamps_progress_monotonic" time="0.055" /><testcase classname="tests.agents.orchestrator.test_config_deprecated_phase13" name="test_strict_accepts_valid_deprecated_list" time="0.221" /><testcase classname="tests.agents.orchestrator.test_config_deprecated_phase13" name="test_strict_rejects_invalid_deprecated_entries" time="0.050" /><testcase classname="tests.agents.orchestrator.test_config_deprecated_phase13" name="test_lenient_drops_invalid_deprecated_list" time="0.253" /><testcase classname="tests.agents.orchestrator.test_config_deprecated_phase13" name="test_metric_not_incremented_when_absent" time="0.235" /><testcase classname="tests.agents.orchestrator.test_config_deprecated_phase13" name="test_metric_not_incremented_when_empty_list" time="0.240" /><testcase classname="tests.agents.orchestrator.test_config_includes_basic" name="test_include_adds_agents_and_metrics" time="0.050" /><testcase classname="tests.agents.orchestrator.test_config_includes_basic" name="test_include_main_overrides_conflict" time="0.049" /><testcase classname="tests.agents.orchestrator.test_config_includes_basic" name="test_missing_include_lenient_increments_counter" time="0.049" /><testcase classname="tests.agents.orchestrator.test_config_includes_basic" name="test_missing_include_strict_errors" time="0.049" /><testcase classname="tests.agents.orchestrator.test_config_includes_basic" name="test_circular_include_errors_and_counters" time="0.050" /><testcase classname="tests.agents.orchestrator.test_config_includes_basic" name="test_multilevel_precedence" time="0.050" /><testcase classname="tests.agents.orchestrator.test_config_includes_reload_diff" name="test_reload_diff_with_included_file_change" time="0.051" /><testcase classname="tests.agents.orchestrator.test_config_inventory_sync" name="test_all_code_flags_documented" time="0.061" /><testcase classname="tests.agents.orchestrator.test_config_logging_phase8" name="test_load_success_has_agents_total_and_version" time="0.239" /><testcase classname="tests.agents.orchestrator.test_config_logging_phase8" name="test_load_error_emits_config_error_and_config_load" time="0.321" /><testcase classname="tests.agents.orchestrator.test_config_logging_phase8" name="test_reload_success_has_counts_and_totals" time="0.222" /><testcase classname="tests.agents.orchestrator.test_config_logging_phase8" name="test_reload_error_emits_config_error" time="0.388" /><testcase classname="tests.agents.orchestrator.test_config_logging_phase8" name="test_lenient_unknown_keys_only_when_lenient" time="0.051" /><testcase classname="tests.agents.orchestrator.test_config_metrics_phase7" name="test_reload_success_metrics_updates" time="0.051" /><testcase classname="tests.agents.orchestrator.test_config_metrics_phase7" name="test_reload_error_sets_error_flag" time="0.050" /><testcase classname="tests.agents.orchestrator.test_config_metrics_phase7" name="test_lenient_unknown_keys_counter" time="0.053" /><testcase classname="tests.agents.orchestrator.test_config_perf_phase14" name="test_registry_parse_200_agents_under_100ms" time="0.000"><skipped type="pytest.skip" message="ENABLE_HEAVY_TESTS not enabled">/home/founder/jarvis2/tests/agents/orchestrator/test_config_perf_phase14.py:38: ENABLE_HEAVY_TESTS not enabled</skipped></testcase><testcase classname="tests.agents.orchestrator.test_config_perf_phase14" name="test_registry_parse_500_agents_under_120ms" time="0.000"><skipped type="pytest.skip" message="ENABLE_HEAVY_TESTS not enabled">/home/founder/jarvis2/tests/agents/orchestrator/test_config_perf_phase14.py:75: ENABLE_HEAVY_TESTS not enabled</skipped></testcase><testcase classname="tests.agents.orchestrator.test_config_perf_phase14" name="test_registry_parse_distribution_200_agents" time="0.000"><skipped type="pytest.skip" message="ENABLE_HEAVY_TESTS not enabled">/home/founder/jarvis2/tests/agents/orchestrator/test_config_perf_phase14.py:109: ENABLE_HEAVY_TESTS not enabled</skipped></testcase><testcase classname="tests.agents.orchestrator.test_config_redaction_extended_phase12" name="test_pattern_override" time="0.051" /><testcase classname="tests.agents.orchestrator.test_config_redaction_extended_phase12" name="test_hash_mode" time="0.050" /><testcase classname="tests.agents.orchestrator.test_config_redaction_extended_phase12" name="test_allowlist_skips" time="0.050" /><testcase classname="tests.agents.orchestrator.test_config_redaction_extended_phase12" name="test_spike_detection" time="0.054" /><testcase classname="tests.agents.orchestrator.test_config_redaction_extended_phase12" name="test_performance_budget" time="0.056" /><testcase classname="tests.agents.orchestrator.test_config_redaction_extended_phase12" name="test_performance_with_matching" time="0.049" /><testcase classname="tests.agents.orchestrator.test_config_redaction_phase12" name="test_redact_metadata_nested_and_negative_controls" time="0.050" /><testcase classname="tests.agents.orchestrator.test_config_redaction_phase12" name="test_redact_and_count_reports_number" time="0.050" /><testcase classname="tests.agents.orchestrator.test_config_redaction_phase12" name="test_load_and_reload_redaction_in_logs" time="0.236" /><testcase classname="tests.agents.orchestrator.test_config_rollout_phase16" name="test_rollout_disabled_blocks_mutation" time="0.049" /><testcase classname="tests.agents.orchestrator.test_config_rollout_phase16" name="test_rollout_enabled_mutation_disabled" time="0.050" /><testcase classname="tests.agents.orchestrator.test_config_rollout_phase16" name="test_rollout_and_mutation_enabled" time="0.049" /><testcase classname="tests.agents.orchestrator.test_config_rollout_phase16" name="test_unknown_key_counter_stable_across_reloads" time="0.053" /><testcase classname="tests.agents.orchestrator.test_config_rollout_phase16" name="test_gauge_transitions" time="0.050" /><testcase classname="tests.agents.orchestrator.test_eventbus_metrics_exposition" name="test_eventbus_metrics_series_present_and_labeled" time="0.151" /><testcase classname="tests.agents.orchestrator.test_eventbus_metrics_exposition" name="test_orchestrator_emits_queue_and_backoff_metrics" time="0.100" /><testcase classname="tests.agents.orchestrator.test_eventbus_metrics_exposition" name="test_orchestrator_emits_staleness_metric_with_live_supervisor" time="0.107" /><testcase classname="tests.agents.orchestrator.test_loader_override_order" name="test_resolve_registry_path_precedence" time="0.049" /><testcase classname="tests.agents.orchestrator.test_loader_phase4" name="test_path_precedence_env_vs_explicit" time="0.049" /><testcase classname="tests.agents.orchestrator.test_loader_phase4" name="test_path_precedence_env_used_when_no_explicit" time="0.050" /><testcase classname="tests.agents.orchestrator.test_loader_phase4" name="test_resolve_registry_path_default" time="0.049" /><testcase classname="tests.agents.orchestrator.test_loader_phase4" name="test_strict_override_arg_beats_env" time="0.049" /><testcase classname="tests.agents.orchestrator.test_loader_phase4" name="test_return_type_is_registry_model" time="0.050" /><testcase classname="tests.agents.orchestrator.test_loader_phase4" name="test_atomic_failure_no_partial_state" time="0.050" /><testcase classname="tests.agents.orchestrator.test_loader_phase4" name="test_missing_file_raises_config_not_found" time="0.050" /><testcase classname="tests.agents.orchestrator.test_orchestrator_startup_abort_phase5" name="test_startup_abort_on_invalid_registry" time="0.052" /><testcase classname="tests.agents.orchestrator.test_orchestrator_startup_abort_phase5" name="test_startup_missing_file" time="0.052" /><testcase classname="tests.agents.orchestrator.test_parse_timing_cap_and_histogram" name="test_parse_timing_series_capped" time="0.053" /><testcase classname="tests.agents.orchestrator.test_parse_timing_cap_and_histogram" name="test_parse_histogram_opt_in" time="0.055" /><testcase classname="tests.agents.orchestrator.test_registry_mapping" name="test_mapping_form_strict_success" time="0.050" /><testcase classname="tests.agents.orchestrator.test_registry_mapping" name="test_mapping_form_name_override" time="0.049" /><testcase classname="tests.agents.orchestrator.test_registry_mapping" name="test_list_form_backward_compat" time="0.051" /><testcase classname="tests.agents.orchestrator.test_registry_mapping" name="test_missing_version_rejected" time="0.052" /><testcase classname="tests.agents.orchestrator.test_registry_schema" name="test_validate_registry_strict_success" time="0.050" /><testcase classname="tests.agents.orchestrator.test_registry_schema" name="test_missing_required_field_strict" time="0.052" /><testcase classname="tests.agents.orchestrator.test_registry_schema" name="test_missing_required_field_lenient" time="0.053" /><testcase classname="tests.agents.orchestrator.test_registry_schema" name="test_type_mismatch_timeout_strict" time="0.048" /><testcase classname="tests.agents.orchestrator.test_registry_schema" name="test_type_mismatch_timeout_lenient" time="0.048" /><testcase classname="tests.agents.orchestrator.test_registry_schema" name="test_extra_field_strict_rejected" time="0.049" /><testcase classname="tests.agents.orchestrator.test_registry_schema" name="test_extra_field_lenient_dropped" time="0.050" /><testcase classname="tests.agents.orchestrator.test_registry_schema" name="test_strict_rejects_nested_unknown_key" time="0.050" /><testcase classname="tests.agents.orchestrator.test_registry_schema" name="test_lenient_strips_nested_unknown_key" time="0.050" /><testcase classname="tests.agents.orchestrator.test_registry_schema" name="test_lenient_unknown_keys_increment_metrics" time="0.052" /><testcase classname="tests.agents.orchestrator.test_registry_schema" name="test_loader_lenient_unknown_key_logs_warning" time="0.052" /><testcase classname="tests.agents.orchestrator.test_registry_schema" name="test_loader_lenient_nested_unknown_key_logs_warning" time="0.052" /><testcase classname="tests.agents.orchestrator.test_reload_diff" name="test_diff_registries_added_removed_changed" time="0.049" /><testcase classname="tests.agents.orchestrator.test_reload_phase6" name="test_reload_added_agent" time="0.050" /><testcase classname="tests.agents.orchestrator.test_reload_phase6" name="test_reload_removed_agent_quiesce" time="0.050" /><testcase classname="tests.agents.orchestrator.test_reload_phase6" name="test_reload_changed_field" time="0.050" /><testcase classname="tests.agents.orchestrator.test_reload_phase6" name="test_compute_registry_diff_model_vs_dict" time="0.050" /><testcase classname="tests.agents.orchestrator.test_runtime_and_metrics" name="test_staleness_fallback_emits_for_all_declared_agents" time="0.050" /><testcase classname="tests.agents.orchestrator.test_runtime_and_metrics" name="test_load_enabled_agents_from_registry_filters_by_flag" time="0.053" /><testcase classname="tests.agents.orchestrator.test_runtime_and_metrics" name="test_build_orchestrator_metrics_lines_emits_zero_when_absent" time="0.054" /><testcase classname="tests.agents.orchestrator.test_runtime_and_metrics" name="test_build_orchestrator_metrics_lines_with_snapshot" time="0.050" /><testcase classname="tests.agents.orchestrator.test_runtime_and_metrics" name="test_orchestrator_breadcrumb_help_lines_present" time="0.053" /><testcase classname="tests.agents.orchestrator.test_runtime_and_metrics" name="test_staleness_fallback_defaults_to_zero" time="0.052" /><testcase classname="tests.agents.orchestrator.test_schema_hash" name="test_schema_source_hash_matches_constant" time="0.051" /><testcase classname="tests.agents.orchestrator.test_startup_abort" name="test_invalid_registry_startup_abort_missing_key" time="0.050" /><testcase classname="tests.agents.orchestrator.test_startup_abort" name="test_missing_file_raises" time="0.050" /><testcase classname="tests.agents.orchestrator.test_supervisor_start_stop" name="test_supervisor_start_stop_no_agents_metrics_zero" time="0.061" /><testcase classname="tests.agents.repair.test_extended_approvals_logging" name="test_log_mrp_approval_extended_fields" time="0.051" /><testcase classname="tests.agents.repair.test_repair_agent_aider_approval_ui" name="test_export_aider_context_and_ui_snapshot" time="0.065" /><testcase classname="tests.agents.repair.test_repair_agent_aider_approval_ui" name="test_approval_gate_and_token" time="0.048" /><testcase classname="tests.agents.repair.test_repair_agent_aider_approval_ui" name="test_git_hints_enrichment_flag_off" time="0.049" /><testcase classname="tests.agents.repair.test_repair_agent_aider_approval_ui" name="test_mrp_approval_placeholder" time="0.049" /><testcase classname="tests.agents.repair.test_repair_agent_plan_and_artifacts" name="test_compute_repair_plan_maps_findings_and_regressions" time="0.049" /><testcase classname="tests.agents.repair.test_repair_agent_plan_and_artifacts" name="test_write_mrp_and_stage_sandbox" time="0.051" /><testcase classname="tests.agents.repair.test_repair_commit_window" name="test_commit_window_flag_off_noop" time="0.051" /><testcase classname="tests.agents.repair.test_repair_commit_window" name="test_commit_window_flag_on_nonexistent_path_safe" time="0.050" /><testcase classname="tests.agents.repair.test_repair_orchestrator_and_ui" name="test_repair_agent_flag_off_no_side_effects" time="0.133" /><testcase classname="tests.agents.repair.test_repair_orchestrator_and_ui" name="test_repair_ui_endpoint_flagged" time="0.648" /><testcase classname="tests.agents.repair.test_repair_orchestrator_and_ui" name="test_repair_ui_endpoint_404_when_disabled" time="0.722" /><testcase classname="tests.agents.repair.test_repair_orchestrator_tight_loop" name="test_orchestrator_runs_repair_agent_and_updates_snapshot" time="2.305" /><testcase classname="tests.agents.service_management.test_acceptance_timing" name="test_acceptance_timing_fast_start" time="1.347" /><testcase classname="tests.agents.service_management.test_agents_metrics_exposition" name="test_lifecycle_agents_enabled_metric_present" time="0.078" /><testcase classname="tests.agents.service_management.test_agents_start_phase" name="test_agents_start_skipped_with_no_agents_flag" time="0.972" /><testcase classname="tests.agents.service_management.test_agents_start_phase" name="test_agents_start_enabled_flags" time="0.972" /><testcase classname="tests.agents.service_management.test_agents_start_phase_unit" name="test_run_agents_start_when_skip_flag" time="0.053" /><testcase classname="tests.agents.service_management.test_agents_start_phase_unit" name="test_run_agents_start_when_flags_enabled" time="0.076" /><testcase classname="tests.agents.service_management.test_agents_start_phase_unit" name="test_run_agents_start_when_no_flags" time="0.051" /><testcase classname="tests.agents.service_management.test_cache_warm_filters_and_timeout" name="test_cache_warm_include_exclude[negative_cache_selfcheck--expect_present0-expect_absent0]" time="1.219" /><testcase classname="tests.agents.service_management.test_cache_warm_filters_and_timeout" name="test_cache_warm_include_exclude[-embedding_viability_probe-expect_present1-expect_absent1]" time="1.209" /><testcase classname="tests.agents.service_management.test_cache_warm_filters_and_timeout" name="test_cache_warm_per_warmer_timeout" time="1.238" /><testcase classname="tests.agents.service_management.test_cache_warm_metrics_exposition" name="test_per_warmer_metrics[success-expect_reason0-lifecycle_warmer_success_total]" time="0.055" /><testcase classname="tests.agents.service_management.test_cache_warm_metrics_exposition" name="test_per_warmer_metrics[failure-expect_reason1-lifecycle_warmer_failure_total]" time="0.053" /><testcase classname="tests.agents.service_management.test_cache_warm_metrics_exposition" name="test_per_warmer_metrics[slow-expect_reason2-lifecycle_warmer_slow_total]" time="0.057" /><testcase classname="tests.agents.service_management.test_cache_warm_phase_unit" name="test_cache_warm_disable_flag" time="0.062" /><testcase classname="tests.agents.service_management.test_cache_warm_phase_unit" name="test_cache_warm_forced_failure" time="0.059" /><testcase classname="tests.agents.service_management.test_cache_warm_phase_unit" name="test_cache_warm_slow" time="0.057" /><testcase classname="tests.agents.service_management.test_lifecycle_hydration_unit" name="test_hydration_merges_degraded_reasons_and_details" time="0.052" /><testcase classname="tests.agents.service_management.test_manifest_validation" name="test_validate_manifest_happy_path" time="0.052" /><testcase classname="tests.agents.service_management.test_manifest_validation" name="test_duplicate_service_name_raises" time="0.052" /><testcase classname="tests.agents.service_management.test_manifest_validation" name="test_unknown_dependency_raises" time="0.051" /><testcase classname="tests.agents.service_management.test_manifest_validation" name="test_cycle_detection_raises" time="0.055" /><testcase classname="tests.agents.service_management.test_manifest_validation" name="test_missing_mandatory_field_raises" time="0.054" /><testcase classname="tests.agents.service_management.test_manifest_validation" name="test_load_manifest_yaml" time="0.053" /><testcase classname="tests.agents.service_management.test_pid_file_plumbing" name="test_pid_file_created_and_removed" time="1.755" /><testcase classname="tests.agents.service_management.test_restart_wrapper" name="test_fail_once_without_restart" time="0.933" /><testcase classname="tests.agents.service_management.test_restart_wrapper" name="test_restart_wrapper_recovers" time="1.789" /><testcase classname="tests.agents.service_management.test_restart_wrapper" name="test_restart_giveup" time="4.121" /><testcase classname="tests.agents.service_management.test_service_start_cache_warm" name="test_cache_warm_success_only_phase" time="0.992" /><testcase classname="tests.agents.service_management.test_service_start_cache_warm" name="test_cache_warm_forced_failure_marks_degraded" time="0.962" /><testcase classname="tests.agents.service_management.test_service_start_cache_warm" name="test_cache_warm_slow_threshold_marks_degraded" time="1.058" /><testcase classname="tests.agents.service_management.test_service_start_cache_warm" name="test_cache_warm_disable_flag_noop" time="1.012" /><testcase classname="tests.agents.service_management.test_service_start_capabilities_artifact" name="test_capabilities_artifact_written" time="1.268" /><testcase classname="tests.agents.service_management.test_service_start_debug_dump" name="test_service_start_debug_dump_cache_warm_only" time="0.987" /><testcase classname="tests.agents.service_management.test_service_start_dry_run" name="test_service_start_dry_run_lists_phases" time="0.913" /><testcase classname="tests.agents.service_management.test_service_start_dry_run_schema" name="test_service_start_dry_run_json_matches_schema_minimal" time="0.917" /><testcase classname="tests.agents.service_management.test_service_start_dynamic_agent_registry" name="test_dynamic_agent_registration" time="1.020" /><testcase classname="tests.agents.service_management.test_service_start_exit_code_policy" name="test_exit_code_policy_constants_stable" time="0.049" /><testcase classname="tests.agents.service_management.test_service_start_exit_code_policy" name="test_exit_code_policy_values_unique_and_range" time="0.049" /><testcase classname="tests.agents.service_management.test_service_start_helpers" name="test_select_port_ephemeral_returns_free_port" time="0.051" /><testcase classname="tests.agents.service_management.test_service_start_helpers" name="test_probe_endpoint_returns_false_for_unbound_port" time="0.053" /><testcase classname="tests.agents.service_management.test_service_start_helpers" name="test_probe_endpoint_success_after_temp_server" time="0.554" /><testcase classname="tests.agents.service_management.test_service_start_instrumentation" name="test_phase_duration_logged[api_start]" time="1.184" /><testcase classname="tests.agents.service_management.test_service_start_instrumentation" name="test_phase_duration_logged[cache_warm]" time="0.941" /><testcase classname="tests.agents.service_management.test_service_start_instrumentation" name="test_warmer_result_lines_present" time="0.994" /><testcase classname="tests.agents.service_management.test_service_start_json_output" name="test_service_start_dry_run_json_basic" time="0.950" /><testcase classname="tests.agents.service_management.test_service_start_json_output" name="test_service_start_dry_run_json_with_manifest_hash" time="0.960" /><testcase classname="tests.agents.service_management.test_service_start_lifecycle_state" name="test_lifecycle_state_agents_and_degraded" time="0.117" /><testcase classname="tests.agents.service_management.test_service_start_lifecycle_state" name="test_lifecycle_state_ready_full_run" time="0.089" /><testcase classname="tests.agents.service_management.test_service_start_list_phases_flag" name="test_service_start_list_phases_flag_text_output" time="0.918" /><testcase classname="tests.agents.service_management.test_service_start_list_phases_flag" name="test_service_start_list_phases_supersedes_dry_run" time="0.925" /><testcase classname="tests.agents.service_management.test_service_start_metrics_tier" name="test_api_start_metrics_tier_enabled_assume_ready_bypass" time="1.163" /><testcase classname="tests.agents.service_management.test_service_start_metrics_tier" name="test_api_start_metrics_tier_probes_and_debug_logging" time="6.089"><skipped type="pytest.skip" message="metrics probe lines absent due to readiness timeout">/home/founder/jarvis2/tests/agents/service_management/test_service_start_metrics_tier.py:52: metrics probe lines absent due to readiness timeout</skipped></testcase><testcase classname="tests.agents.service_management.test_service_start_misc_flags" name="test_service_start_until_phase_text" time="0.982" /><testcase classname="tests.agents.service_management.test_service_start_misc_flags" name="test_service_start_invalid_phase_exit_code" time="0.946" /><testcase classname="tests.agents.service_management.test_service_start_misc_flags" name="test_api_start_success_only_phase" time="1.181" /><testcase classname="tests.agents.service_management.test_service_start_misc_flags" name="test_api_start_timeout_simulated_delay" time="1.919" /><testcase classname="tests.agents.service_management.test_service_start_misc_flags" name="test_service_start_manifest_hash_text" time="0.943" /><testcase classname="tests.agents.service_management.test_service_start_only_flag" name="test_service_start_only_single_phase_text" time="0.933" /><testcase classname="tests.agents.service_management.test_service_start_only_flag" name="test_service_start_only_single_phase_json" time="0.912" /><testcase classname="tests.agents.service_management.test_service_start_phase_timings_until_agents" name="test_until_agents_includes_preflight_cache" time="1.225" /><testcase classname="tests.agents.service_management.test_service_start_phase_trace" name="test_phase_trace_until_agents" time="1.196" /><testcase classname="tests.agents.service_management.test_service_start_preflight" name="test_preflight_only_success" time="0.907" /><testcase classname="tests.agents.service_management.test_service_start_preflight" name="test_preflight_forced_failure_exit_code_10" time="0.937" /><testcase classname="tests.agents.service_management.test_service_start_preflight" name="test_preflight_disk_space_failure_exit_code_10" time="0.939" /><testcase classname="tests.agents.service_management.test_service_start_preflight" name="test_preflight_only_exec_success" time="0.932" /><testcase classname="tests.agents.service_management.test_service_start_preflight_disable" name="test_preflight_disable_env_flags_allows_missing_internal_api_key" time="0.053" /><testcase classname="tests.agents.service_management.test_service_start_preflight_json" name="test_preflight_json_output_structure" time="0.943" /><testcase classname="tests.agents.service_management.test_service_start_preflight_json" name="test_preflight_json_warn_only_downgrade" time="0.944" /><testcase classname="tests.agents.service_management.test_service_start_preflight_json" name="test_preflight_json_failure_exit" time="0.958" /><testcase classname="tests.agents.service_management.test_service_start_preflight_schema" name="test_preflight_json_matches_schema" time="0.949" /><testcase classname="tests.agents.service_management.test_service_start_preflight_timeout" name="test_preflight_per_check_timeout_failure" time="1.006" /><testcase classname="tests.agents.service_management.test_service_start_preflight_timeout" name="test_preflight_per_check_timeout_warn_only" time="1.003" /><testcase classname="tests.agents.service_management.test_service_start_probe_metrics_exposition" name="test_api_start_probe_metrics_exposed" time="6.074"><skipped type="pytest.skip" message="api_start did not reach ready state (no port discovered); skipping metrics probe assertion">/home/founder/jarvis2/tests/agents/service_management/test_service_start_probe_metrics_exposition.py:52: api_start did not reach ready state (no port discovered); skipping metrics probe assertion</skipped></testcase><testcase classname="tests.agents.service_management.test_service_start_shutdown_snapshot" name="test_shutdown_snapshot_written" time="1.828" /><testcase classname="tests.agents.service_management.test_service_start_shutdown_snapshot" name="test_shutdown_timeout_warning" time="5.773" /><testcase classname="tests.agents.service_management.test_service_start_strict_mode" name="test_strict_mode_failure_on_degraded" time="1.337" /><testcase classname="tests.agents.service_management.test_service_start_strict_mode" name="test_strict_mode_success_without_degraded" time="1.344" /><testcase classname="tests.agents.service_management.test_service_start_unified_flag_config" name="test_startup_unified_flag_dataclass_list_phases_equivalence[text]" time="0.918" /><testcase classname="tests.agents.service_management.test_service_start_unified_flag_config" name="test_startup_unified_flag_dataclass_list_phases_equivalence[json]" time="0.911" /><testcase classname="tests.agents.service_management.test_service_start_unified_flag_config" name="test_startup_unified_flag_dataclass_dry_run_json_manifest_hash" time="0.935"><skipped type="pytest.skip" message="manifest loader rejected minimal stub: rc=14 stderr=2025-10-17 07:10:09,292 - chainlit - INFO - Loaded .env file&#10;2025-10-17 07:10:09,685 - service_start - INFO - supervision.mode=internal internal_restart=disabled prod=False supervised=False single_retry=False&#10;2025-10-17 07:10:09,713 - service_start - ERROR - manifest validation failed: service[0] unknown fields: ['kind']">/home/founder/jarvis2/tests/agents/service_management/test_service_start_unified_flag_config.py:69: manifest loader rejected minimal stub: rc=14 stderr=2025-10-17 07:10:09,292 - chainlit - INFO - Loaded .env file
2025-10-17 07:10:09,685 - service_start - INFO - supervision.mode=internal internal_restart=disabled prod=False supervised=False single_retry=False
2025-10-17 07:10:09,713 - service_start - ERROR - manifest validation failed: service[0] unknown fields: ['kind']</skipped></testcase><testcase classname="tests.agents.service_management.test_shutdown_integration" name="test_stay_alive_shutdown_via_signal" time="1.772" /><testcase classname="tests.agents.system.test_diagnostic_agent" name="test_lifecycle_idempotent" time="0.078" /><testcase classname="tests.agents.system.test_diagnostic_agent" name="test_happy_path_processed_counts" time="0.112" /><testcase classname="tests.agents.system.test_diagnostic_agent" name="test_error_path_increments_error_counter_and_continues" time="0.145" /><testcase classname="tests.agents.system.test_diagnostic_agent_last_ts" name="test_last_event_ts_ms_increments_on_publish" time="0.123" /><testcase classname="tests.agents.system.test_registry_and_scheduler" name="test_unknown_agent_activate_returns_none" time="0.050" /><testcase classname="tests.agents.system.test_registry_and_scheduler" name="test_activate_idempotent_and_getters" time="0.049" /><testcase classname="tests.agents.system.test_registry_and_scheduler" name="test_schedule_requires_active" time="0.053" /><testcase classname="tests.agents.system.test_registry_and_scheduler" name="test_schedule_runs_and_stops_on_deactivate" time="0.321" /><testcase classname="tests.agents.system.test_registry_and_scheduler" name="test_deactivate_unknown_returns_false_and_cancel_counts" time="0.049" /><testcase classname="tests.agents.template.test_example_agent" name="test_example_agent_receives_event" time="0.068" /><testcase classname="tests.agents.template.test_queue_worker_agent" name="test_queue_worker_agent_drop_oldest_then_process" time="0.051" /><testcase classname="tests.agents.test_model_metadata_adapter" name="test_with_model_metadata_sets_and_restores_env" time="0.051" /><testcase classname="tests.agents.test_model_metadata_adapter" name="test_attach_model_metadata_decorator_sets_env_and_restores" time="0.051" /><testcase classname="tests.agents.test_mrp_logger" name="test_log_interaction_writes_required_and_optional_fields" time="0.052" /><testcase classname="tests.agents.test_optimization_agent" name="test_import_and_defaults" time="0.052" /><testcase classname="tests.agents.test_optimization_agent" name="test_evaluate_policy_thresholds" time="0.051" /><testcase classname="tests.agents.test_optimization_agent" name="test_evaluate_policy_metrics_branches" time="0.051" /><testcase classname="tests.agents.test_optimization_agent" name="test_subscription_and_coalescing" time="0.303" /><testcase classname="tests.agents.test_optimization_agent" name="test_apply_plan_dry_run_and_emit_controls_toggle" time="0.051" /><testcase classname="tests.agents.test_optimization_agent_apply" name="test_apply_plan_dry_run_records_and_counts" time="0.052" /><testcase classname="tests.agents.test_optimization_agent_apply" name="test_apply_plan_publishes_when_enabled" time="0.052" /><testcase classname="tests.agents.test_state_store_memory" name="test_memory_store_set_get_list_delete" time="0.054" /><testcase classname="tests.agents.test_state_store_memory" name="test_memory_store_subscriptions_emit_change_records" time="0.050" /><testcase classname="tests.agents.test_state_store_persistence" name="test_snapshot_restore_json_round_trip" time="0.056" /><testcase classname="tests.agents.test_state_store_persistence" name="test_json_file_adapter_save_and_load" time="0.052" /><testcase classname="tests.api.metrics.test_orchestrator_fallback" name="test_load_registry_data_json_and_yaml" time="0.050" /><testcase classname="tests.api.metrics.test_orchestrator_fallback" name="test_agent_names_from_registry_with_and_without_flags" time="0.050" /><testcase classname="tests.api.metrics.test_orchestrator_fallback" name="test_emit_default_agent_metrics_shape" time="0.051" /><testcase classname="tests.api.metrics.test_orchestrator_fallback" name="test_emit_fallback_from_registry_path" time="0.051" /><testcase classname="tests.api.metrics.test_restart_delay_metrics" name="test_restart_delay_histogram_lines" time="0.051" /><testcase classname="tests.api.test_agent_config_perf_endpoint" name="test_agent_config_perf_endpoint_returns_percentiles" time="0.211" /><testcase classname="tests.api.test_agent_config_reload_endpoint" name="test_happy_path_reload_add_agent" time="0.145" /><testcase classname="tests.api.test_agent_config_reload_endpoint" name="test_idempotent_second_call_no_changes" time="0.138" /><testcase classname="tests.api.test_agent_config_reload_endpoint" name="test_invalid_path_error" time="0.134" /><testcase classname="tests.api.test_agent_config_reload_endpoint" name="test_unauthorized_missing_key" time="0.140" /><testcase classname="tests.api.test_agent_config_reload_endpoint" name="test_flag_disabled" time="0.133" /><testcase classname="tests.api.test_agent_instance_metrics" name="test_agent_instance_register_heartbeat_metrics_delete" time="0.000"><skipped type="pytest.skip" message="feature flag disabled">/home/founder/jarvis2/tests/api/test_agent_instance_metrics.py:26: feature flag disabled</skipped></testcase><testcase classname="tests.api.test_agent_instance_metrics" name="test_agent_instance_duplicate_register_conflict" time="0.000"><skipped type="pytest.skip" message="feature flag disabled">/home/founder/jarvis2/tests/api/test_agent_instance_metrics.py:75: feature flag disabled</skipped></testcase><testcase classname="tests.api.test_agent_label_metrics" name="test_labeled_agent_metrics_present_and_increment" time="0.829" /><testcase classname="tests.api.test_agent_label_metrics" name="test_labeled_errors_counter_increments_on_handler_error" time="0.891" /><testcase classname="tests.api.test_alerts_router_basic" name="test_alerts_and_rules_monkeypatched" time="0.174" /><testcase classname="tests.api.test_anomaly_badges" name="test_compute_anomaly_badges_triggers_alert" time="0.081" /><testcase classname="tests.api.test_anomaly_badges" name="test_compute_anomaly_badges_insufficient_data" time="0.097" /><testcase classname="tests.api.test_app_factory_guardrails" name="test_factory_builds_app_and_routes_present" time="0.931" /><testcase classname="tests.api.test_app_factory_guardrails" name="test_metrics_emits_mandatory_lines" time="0.866" /><testcase classname="tests.api.test_cache_annotations_scaling" name="test_cache_annotation_discovery_and_scaling" time="1.231" /><testcase classname="tests.api.test_cache_bypass_and_headers" name="test_bypass_via_query_and_headers" time="0.298" /><testcase classname="tests.api.test_cache_bypass_and_headers" name="test_header_bypass_disabled_when_flag_off" time="0.070" /><testcase classname="tests.api.test_cache_headers" name="test_cache_control_present_on_core_endpoints" time="0.079" /><testcase classname="tests.api.test_cache_headers" name="test_etag_optional_and_stable_for_catalog" time="0.064" /><testcase classname="tests.api.test_cache_headers" name="test_etag_toggle_off" time="0.062" /><testcase classname="tests.api.test_cache_hit_then_etag_304" name="test_cache_hit_then_etag_304[/ui/metrics/catalog]" time="0.536" /><testcase classname="tests.api.test_cache_hit_then_etag_304" name="test_cache_hit_then_etag_304[/ui/config]" time="0.071" /><testcase classname="tests.api.t
[...]
/><testcase classname="agents.core.monitoring.metrics_storage.tests.retention.test_aggregators.TestRetentionAggregators" name="test_estimate_storage_savings" time="0.052" /><testcase classname="agents.core.monitoring.metrics_storage.tests.retention.test_audit.TestAudit" name="test_record_and_list" time="0.057" /><testcase classname="agents.core.monitoring.metrics_storage.tests.retention.test_audit.TestAudit" name="test_since_until_filters" time="0.054" /><testcase classname="agents.core.monitoring.metrics_storage.tests.retention.test_audit.TestAudit" name="test_summarize" time="0.053" /><testcase classname="agents.core.monitoring.metrics_storage.tests.retention.test_backup_cleanup_integration.TestBackupCleanupIntegration" name="test_backup_verification_during_cleanup" time="0.066" /><testcase classname="agents.core.monitoring.metrics_storage.tests.retention.test_backup_cleanup_integration.TestBackupCleanupIntegration" name="test_cleanup_with_different_importance_levels" time="0.058" /><testcase classname="agents.core.monitoring.metrics_storage.tests.retention.test_backup_cleanup_integration.TestBackupCleanupIntegration" name="test_integration_with_importance_based_backup" time="0.065" /><testcase classname="agents.core.monitoring.metrics_storage.tests.retention.test_backup_cleanup_integration.TestBackupCleanupIntegration" name="test_pre_cleanup_backup_creation" time="0.072" /><testcase classname="agents.core.monitoring.metrics_storage.tests.retention.test_backup_cleanup_integration.TestBackupCleanupIntegration" name="test_recovery_after_cleanup" time="0.068" /><testcase classname="agents.core.monitoring.metrics_storage.tests.retention.test_backup_cleanup_integration.TestBackupCleanupIntegration" name="test_tombstone_creation_during_cleanup" time="0.057" /><testcase classname="agents.core.monitoring.metrics_storage.tests.retention.test_cli.TestCLI" name="test_audit_record_and_list" time="0.055" /><testcase classname="agents.core.monitoring.metrics_storage.tests.retention.test_cli.TestCLI" name="test_batch_jsonl_stdout" time="0.054" /><testcase classname="agents.core.monitoring.metrics_storage.tests.retention.test_cli.TestCLI" name="test_env_base_dir_default_and_no_compress_flag" time="0.054" /><testcase classname="agents.core.monitoring.metrics_storage.tests.retention.test_cli.TestCLI" name="test_file_io_single_and_batch_and_errors" time="0.055" /><testcase classname="agents.core.monitoring.metrics_storage.tests.retention.test_cli.TestCLI" name="test_job_run_emits_insights" time="0.060" /><testcase classname="agents.core.monitoring.metrics_storage.tests.retention.test_cli.TestCLI" name="test_job_run_with_aggregate" time="0.054" /><testcase classname="agents.core.monitoring.metrics_storage.tests.retention.test_cli.TestCLI" name="test_policy_plan_plus_run_cli" time="0.054" /><testcase classname="agents.core.monitoring.metrics_storage.tests.retention.test_cli.TestCLI" name="test_unknown_cmd_error" time="0.054" /><testcase classname="agents.core.monitoring.metrics_storage.tests.retention.test_data_query.TestDataQuery" name="test_get_data_for_time_range_basic" time="0.054" /><testcase classname="agents.core.monitoring.metrics_storage.tests.retention.test_data_query.TestDataQuery" name="test_get_data_for_time_range_max_items_and_empty" time="0.053" /><testcase classname="agents.core.monitoring.metrics_storage.tests.retention.test_data_query.TestDataQuery" name="test_get_data_for_time_range_start_end_bounds" time="0.051" /><testcase classname="agents.core.monitoring.metrics_storage.tests.retention.test_jobs.TestJobBase" name="test_execute_success_and_failure" time="0.051" /><testcase classname="agents.core.monitoring.metrics_storage.tests.retention.test_jobs.TestAggregateMetricsJob" name="test_run_increments_aggregated" time="0.053" /><testcase classname="agents.core.monitoring.metrics_storage.tests.retention.test_jobs.TestArchiveDataJob" name="test_archives_items_from_context" time="0.053" /><testcase classname="agents.core.monitoring.metrics_storage.tests.retention.test_jobs.TestDeleteDataJob" name="test_deletes_items_not_in_keep" time="0.052" /><testcase classname="agents.core.monitoring.metrics_storage.tests.retention.test_jobs.TestPolicyExecutionJob" name="test_runs_subjobs_and_reports" time="0.058" /><testcase classname="agents.core.monitoring.metrics_storage.tests.retention.test_jobs.TestScheduleMaintenanceJob" name="test_run" time="0.053" /><testcase classname="agents.core.monitoring.metrics_storage.tests.retention.test_jobs.TestRegistry" name="test_job_types" time="0.054" /><testcase classname="agents.core.monitoring.metrics_storage.tests.retention.test_jobs_advanced.TestAdvancedArchiveJob" name="test_dry_run" time="0.052" /><testcase classname="agents.core.monitoring.metrics_storage.tests.retention.test_jobs_advanced.TestAdvancedArchiveJob" name="test_idempotency_marker_and_tar" time="0.053" /><testcase classname="agents.core.monitoring.metrics_storage.tests.retention.test_jobs_advanced.TestAdvancedArchiveJob" name="test_manifest_written" time="0.052" /><testcase classname="agents.core.monitoring.metrics_storage.tests.retention.test_jobs_advanced.TestAdvancedDeleteJob" name="test_delete_with_reason" time="0.052" /><testcase classname="agents.core.monitoring.metrics_storage.tests.retention.test_jobs_advanced.TestAdvancedDeleteJob" name="test_hard_delete_files" time="0.051" /><testcase classname="agents.core.monitoring.metrics_storage.tests.retention.test_jobs_advanced.TestPolicyPlanner" name="test_basic_insights_analyzer_emits_when_counts_positive" time="0.052" /><testcase classname="agents.core.monitoring.metrics_storage.tests.retention.test_jobs_advanced.TestPolicyPlanner" name="test_plan_simple_policy" time="0.052" /><testcase classname="agents.core.monitoring.metrics_storage.tests.retention.test_recovery.TestRecoverySource" name="test_enum_values" time="0.052" /><testcase classname="agents.core.monitoring.metrics_storage.tests.retention.test_recovery.TestRecoveryError" name="test_initialization" time="0.052" /><testcase classname="agents.core.monitoring.metrics_storage.tests.retention.test_recovery.TestRecoveryResult" name="test_complete" time="0.057" /><testcase classname="agents.core.monitoring.metrics_storage.tests.retention.test_recovery.TestRecoveryResult" name="test_from_dict" time="0.052" /><testcase classname="agents.core.monitoring.metrics_storage.tests.retention.test_recovery.TestRecoveryResult" name="test_initialization" time="0.051" /><testcase classname="agents.core.monitoring.metrics_storage.tests.retention.test_recovery.TestRecoveryResult" name="test_record_attempt" time="0.052" /><testcase classname="agents.core.monitoring.metrics_storage.tests.retention.test_recovery.TestRecoveryResult" name="test_record_error" time="0.051" /><testcase classname="agents.core.monitoring.metrics_storage.tests.retention.test_recovery.TestRecoveryResult" name="test_set_metadata" time="0.051" /><testcase classname="agents.core.monitoring.metrics_storage.tests.retention.test_recovery.TestRecoveryResult" name="test_set_success" time="0.052" /><testcase classname="agents.core.monitoring.metrics_storage.tests.retention.test_recovery.TestRecoveryResult" name="test_to_dict" time="0.057" /><testcase classname="agents.core.monitoring.metrics_storage.tests.retention.test_recovery.TestRecoveryManager" name="test_find_recovery_options" time="0.053" /><testcase classname="agents.core.monitoring.metrics_storage.tests.retention.test_recovery.TestRecoveryManager" name="test_get_recovery_stats" time="0.051" /><testcase classname="agents.core.monitoring.metrics_storage.tests.retention.test_recovery.TestRecoveryManager" name="test_initialization" time="0.051" /><testcase classname="agents.core.monitoring.metrics_storage.tests.retention.test_recovery.TestRecoveryManager" name="test_log_recovery_result" time="0.051" /><testcase classname="agents.core.monitoring.metrics_storage.tests.retention.test_recovery.TestRecoveryManager" name="test_recover_item_from_backup" time="0.051" /><testcase classname="agents.core.monitoring.metrics_storage.tests.retention.test_recovery.TestRecoveryManager" name="test_recover_item_from_original_data" time="0.052" /><testcase classname="agents.core.monitoring.metrics_storage.tests.retention.test_recovery.TestRecoveryManager" name="test_recover_item_from_tombstone" time="0.053" /><testcase classname="agents.core.monitoring.metrics_storage.tests.retention.test_recovery.TestRecoveryManager" name="test_recover_nonexistent_item" time="0.052" /><testcase classname="agents.core.monitoring.metrics_storage.tests.retention.test_recovery.TestModuleFunctions" name="test_find_recovery_options" time="0.051" /><testcase classname="agents.core.monitoring.metrics_storage.tests.retention.test_recovery.TestModuleFunctions" name="test_get_default_recovery_manager" time="0.052" /><testcase classname="agents.core.monitoring.metrics_storage.tests.retention.test_recovery.TestModuleFunctions" name="test_recover_item" time="0.054" /><testcase classname="agents.core.monitoring.metrics_storage.tests.retention.test_recovery.TestModuleFunctions" name="test_set_default_recovery_manager" time="0.059" /><testcase classname="agents.core.monitoring.metrics_storage.tests.retention.test_recovery.TestIntegration" name="test_end_to_end_recovery_workflow" time="0.059" /><testcase classname="agents.core.monitoring.metrics_storage.tests.retention.test_recovery.TestIntegration" name="test_recovery_priority_order" time="0.055" /><testcase classname="agents.core.monitoring.metrics_storage.tests.retention.test_recovery_alias_patch.TestRecoveryAliasPatching" name="test_patch_tombstone_under_agents_path" time="0.052" /><testcase classname="agents.core.monitoring.metrics_storage.tests.retention.test_schedular.TestJobSchedule" name="test_initialization" time="0.053" /><testcase classname="agents.core.monitoring.metrics_storage.tests.retention.test_schedular.TestJobSchedule" name="test_is_active" time="0.051" /><testcase classname="agents.core.monitoring.metrics_storage.tests.retention.test_schedular.TestJobSchedule" name="test_serialization" time="0.054" /><testcase classname="agents.core.monitoring.metrics_storage.tests.retention.test_schedular.TestJobSchedule" name="test_should_run_now" time="0.056" /><testcase classname="agents.core.monitoring.metrics_storage.tests.retention.test_schedular.TestJobSchedule" name="test_update_after_run" time="0.053" /><testcase classname="agents.core.monitoring.metrics_storage.tests.retention.test_schedular.TestJobInfo" name="test_initialization" time="0.052" /><testcase classname="agents.core.monitoring.metrics_storage.tests.retention.test_schedular.TestJobInfo" name="test_record_error" time="0.051" /><testcase classname="agents.core.monitoring.metrics_storage.tests.retention.test_schedular.TestJobInfo" name="test_record_result" time="0.052" /><testcase classname="agents.core.monitoring.metrics_storage.tests.retention.test_schedular.TestJobInfo" name="test_serialization" time="0.052" /><testcase classname="agents.core.monitoring.metrics_storage.tests.retention.test_schedular.TestJobInfo" name="test_update_status" time="0.062" /><testcase classname="agents.core.monitoring.metrics_storage.tests.retention.test_schedular.TestJobWorker" name="test_job_error" time="1.054" /><testcase classname="agents.core.monitoring.metrics_storage.tests.retention.test_schedular.TestJobWorker" name="test_run_job" time="1.052" /><testcase classname="agents.core.monitoring.metrics_storage.tests.retention.test_schedular.TestRetentionScheduler" name="test_cancel_job" time="0.052" /><testcase classname="agents.core.monitoring.metrics_storage.tests.retention.test_schedular.TestRetentionScheduler" name="test_get_job_info" time="0.051" /><testcase classname="agents.core.monitoring.metrics_storage.tests.retention.test_schedular.TestRetentionScheduler" name="test_get_scheduler_stats" time="1.053" /><testcase classname="agents.core.monitoring.metrics_storage.tests.retention.test_schedular.TestRetentionScheduler" name="test_list_jobs" time="0.050" /><testcase classname="agents.core.monitoring.metrics_storage.tests.retention.test_schedular.TestRetentionScheduler" name="test_pause_resume" time="1.050" /><testcase classname="agents.core.monitoring.metrics_storage.tests.retention.test_schedular.TestRetentionScheduler" name="test_save_load_state" time="0.056" /><testcase classname="agents.core.monitoring.metrics_storage.tests.retention.test_schedular.TestRetentionScheduler" name="test_schedule_job" time="0.053" /><testcase classname="agents.core.monitoring.metrics_storage.tests.retention.test_schedular.TestRetentionScheduler" name="test_schedule_unknown_job" time="0.051" /><testcase classname="agents.core.monitoring.metrics_storage.tests.retention.test_schedular.TestRetentionScheduler" name="test_scheduler_initialization" time="0.051" /><testcase classname="agents.core.monitoring.metrics_storage.tests.retention.test_schedular.TestRetentionScheduler" name="test_start_stop" time="1.057" /><testcase classname="agents.core.monitoring.metrics_storage.tests.retention.test_schedular.TestDefaultScheduler" name="test_get_default_scheduler" time="0.061" /><testcase classname="agents.core.monitoring.metrics_storage.tests.retention.test_schedular.TestDefaultScheduler" name="test_set_default_scheduler" time="0.060" /><testcase classname="agents.core.monitoring.metrics_storage.tests.retention.test_utils.TestRetentionUtils" name="test_aggregation_helpers_re_exported" time="0.061" /><testcase classname="agents.core.monitoring.metrics_storage.tests.retention.test_utils.TestRetentionUtils" name="test_cleanup_temporary_files" time="0.057" /><testcase classname="agents.core.monitoring.metrics_storage.tests.retention.test_utils.TestRetentionUtils" name="test_create_archive_metadata" time="0.052" /><testcase classname="agents.core.monitoring.metrics_storage.tests.retention.test_utils.TestRetentionUtils" name="test_get_data_for_time_range_alias" time="0.052" /><testcase classname="agents.core.monitoring.metrics_storage.tests.retention.test_utils.TestRetentionUtils" name="test_get_retention_info" time="0.052" /><testcase classname="agents.core.monitoring.metrics_storage.tests.retention.test_utils.TestRetentionUtils" name="test_validate_data_for_archive" time="0.052" /><testcase classname="agents.core.monitoring.metrics_storage.tests.retention.tombstones.test_tombstone_backup_integration.TestTombstoneBackupIntegration" name="test_tombstone_invokes_backup_verifier" time="0.052" /><testcase classname="agents.core.monitoring.metrics_storage.tests.retention.tombstones.test_tombstone_backup_integration.TestTombstoneBackupIntegration" name="test_tombstone_lifecycle_with_recovery" time="0.051" /><testcase classname="agents.core.monitoring.metrics_storage.tests.retention.tombstones.test_tombstone_manager.TestTombstoneManager" name="test_check_for_auto_purge_runs_once_per_day" time="0.050" /><testcase classname="agents.core.monitoring.metrics_storage.tests.retention.tombstones.test_tombstone_manager.TestTombstoneManager" name="test_create_and_get_tombstone" time="0.050" /><testcase classname="agents.core.monitoring.metrics_storage.tests.retention.tombstones.test_tombstone_manager.TestTombstoneManager" name="test_create_tombstone_from_deleted_item_extracts_metadata" time="0.050" /><testcase classname="agents.core.monitoring.metrics_storage.tests.retention.tombstones.test_tombstone_manager.TestTombstoneManager" name="test_find_tombstone_for_item_prefers_active" time="0.050" /><testcase classname="agents.core.monitoring.metrics_storage.tests.retention.tombstones.test_tombstone_manager.TestTombstoneManager" name="test_find_tombstones_by_filters" time="0.055" /><testcase classname="agents.core.monitoring.metrics_storage.tests.retention.tombstones.test_tombstone_manager.TestTombstoneManager" name="test_get_missing_tombstone_returns_none" time="0.049" /><testcase classname="agents.core.monitoring.metrics_storage.tests.retention.tombstones.test_tombstone_manager.TestTombstoneManager" name="test_get_tombstone_stats" time="0.051" /><testcase classname="agents.core.monitoring.metrics_storage.tests.retention.tombstones.test_tombstone_manager.TestTombstoneManager" name="test_initialization_uses_storage_dir" time="0.050" /><testcase classname="agents.core.monitoring.metrics_storage.tests.retention.tombstones.test_tombstone_manager.TestTombstoneManager" name="test_mark_tombstone_recovered_unknown_id" time="0.055" /><testcase classname="agents.core.monitoring.metrics_storage.tests.retention.tombstones.test_tombstone_manager.TestTombstoneManager" name="test_mark_tombstone_recovered_updates_state" time="0.053" /><testcase classname="agents.core.monitoring.metrics_storage.tests.retention.tombstones.test_tombstone_manager.TestTombstoneManager" name="test_purge_expired_tombstones" time="0.052" /><testcase classname="agents.core.monitoring.metrics_storage.tests.retention.tombstones.test_tombstone_manager.TestTombstoneManager" name="test_update_and_delete_tombstone" time="0.050" /><testcase classname="agents.core.monitoring.metrics_storage.tests.retention.tombstones.test_tombstone_module_functions.TestTombstoneModuleFunctions" name="test_create_tombstone_delegates_to_default_manager" time="0.051" /><testcase classname="agents.core.monitoring.metrics_storage.tests.retention.tombstones.test_tombstone_module_functions.TestTombstoneModuleFunctions" name="test_find_tombstone_for_item_delegates" time="0.051" /><testcase classname="agents.core.monitoring.metrics_storage.tests.retention.tombstones.test_tombstone_module_functions.TestTombstoneModuleFunctions" name="test_get_default_tombstone_manager_allows_custom_dir" time="0.051" /><testcase classname="agents.core.monitoring.metrics_storage.tests.retention.tombstones.test_tombstone_module_functions.TestTombstoneModuleFunctions" name="test_set_default_tombstone_manager_overrides_previous" time="0.051" /><testcase classname="agents.core.monitoring.metrics_storage.tests.retention.tombstones.test_tombstone_record.TestTombstoneRecord" name="test_custom_initialization_honors_inputs" time="0.050" /><testcase classname="agents.core.monitoring.metrics_storage.tests.retention.tombstones.test_tombstone_record.TestTombstoneRecord" name="test_from_dict_and_from_json_respects_data" time="0.051" /><testcase classname="agents.core.monitoring.metrics_storage.tests.retention.tombstones.test_tombstone_record.TestTombstoneRecord" name="test_has_backup" time="0.052" /><testcase classname="agents.core.monitoring.metrics_storage.tests.retention.tombstones.test_tombstone_record.TestTombstoneRecord" name="test_initialization_assigns_defaults" time="0.051" /><testcase classname="agents.core.monitoring.metrics_storage.tests.retention.tombstones.test_tombstone_record.TestTombstoneRecord" name="test_is_expired" time="0.052" /><testcase classname="agents.core.monitoring.metrics_storage.tests.retention.tombstones.test_tombstone_record.TestTombstoneRecord" name="test_record_recovery_attempt_updates_state" time="0.055" /><testcase classname="agents.core.monitoring.metrics_storage.tests.retention.tombstones.test_tombstone_record.TestTombstoneRecord" name="test_to_dict_and_to_json_roundtrip" time="0.051" /><testcase classname="agents.core.monitoring.metrics_storage.tests.retention.tombstones.test_tombstone_record.TestTombstoneRecord" name="test_update_status_records_recovery_time" time="0.051" /><testcase classname="agents.core.monitoring.metrics_storage.tests.retention.tombstones.test_tombstone_record.TestTombstoneRecord" name="test_verify_backup_exists_returns_true_when_backup_path_without_verifier" time="0.051" /><testcase classname="agents.core.monitoring.metrics_storage.tests.retention.tombstones.test_tombstone_record.TestTombstoneRecord" name="test_verify_backup_exists_uses_resolved_verifier" time="0.051" /><testcase classname="agents.core.monitoring.metrics_storage.tests.retention.tombstones.test_tombstone_status.TestTombstoneStatus" name="test_enum_values" time="0.053" /></testsuite></testsuites>