============================= test session starts ==============================
platform linux -- Python 3.13.5, pytest-8.4.1, pluggy-1.5.0 -- /home/founder/miniconda3/bin/python
cachedir: .pytest_cache
rootdir: /home/founder/jarvis2
configfile: pytest.ini
testpaths: tests, agents/interface/chainlit/tests, agents/core/autonomy/tests, .repo_studios/tests, agents/core/monitoring/metrics_storage/tests
plugins: anyio-4.9.0, cov-6.2.1, asyncio-1.1.0
asyncio: mode=Mode.STRICT, asyncio_default_fixture_loop_scope=None, asyncio_default_test_loop_scope=function
collecting ... collected 1259 items / 1 skipped

tests/agents/agent_instances/test_label_metrics_guard.py::test_label_metrics_emitted_within_threshold PASSED [  0%]
tests/agents/agent_instances/test_label_metrics_guard.py::test_label_metrics_suppressed_when_exceed_threshold PASSED [  0%]
tests/agents/agent_instances/test_metrics_exposition.py::test_builder_empty_flag_disabled PASSED [  0%]
tests/agents/agent_instances/test_metrics_exposition.py::test_builder_empty_flag_enabled PASSED [  0%]
tests/agents/agent_instances/test_metrics_exposition.py::test_builder_with_instances PASSED [  0%]
tests/agents/agent_instances/test_metrics_exposition.py::test_builder_emits_pruned_counter PASSED [  0%]
tests/agents/agent_instances/test_registry_prune.py::test_no_prune_when_flag_absent PASSED [  0%]
tests/agents/agent_instances/test_registry_prune.py::test_prune_removes_stale_instances PASSED [  0%]
tests/agents/agent_instances/test_registry_prune.py::test_prune_disabled_via_toggle PASSED [  0%]
tests/agents/agent_instances/test_rss_sampling.py::test_rss_sampling_disabled_by_default PASSED [  0%]
tests/agents/agent_instances/test_rss_sampling.py::test_rss_sampling_with_fake_reader PASSED [  0%]
tests/agents/agent_instances/test_rss_sampling.py::test_rss_sampling_failure_increments_counter PASSED [  0%]
tests/agents/benchmark/test_benchmark_agent_summary.py::test_compute_summary_and_mrp_artifacts PASSED [  1%]
tests/agents/benchmark/test_junit_parser.py::test_parse_junit_durations_extracts_times PASSED [  1%]
tests/agents/benchmark/test_junit_parser.py::test_p95_simple PASSED      [  1%]
tests/agents/benchmark/test_label_normalization.py::test_normalize_trims_parameters_and_preserves_keys PASSED [  1%]
tests/agents/benchmark/test_label_normalization.py::test_normalize_converts_backslashes_and_escapes_quotes PASSED [  1%]
tests/agents/benchmark/test_label_normalization.py::test_normalize_applies_hash_for_very_long_labels PASSED [  1%]
tests/agents/core/messaging/test_agent_topics_adapters.py::test_diagnostic_subscription_in_order PASSED [  1%]
tests/agents/core/messaging/test_agent_topics_adapters.py::test_category_overflow_drops_oldest PASSED [  1%]
tests/agents/core/messaging/test_agent_topics_adapters.py::test_category_selector_namespace_and_regex PASSED [  1%]
tests/agents/core/test_agent_template.py::test_agent_start_stop_and_metrics PASSED [  1%]
tests/agents/core/test_agent_template.py::test_ensure_eventbus_subscription_background PASSED [  1%]
tests/agents/core/test_agent_template.py::test_agent_error_metric_increments PASSED [  1%]
tests/agents/core/test_agent_template.py::test_agent_uses_mocked_event_bus PASSED [  1%]
tests/agents/core/test_agent_template.py::test_filter_resubscribe_via_ws_json_control SKIPPED [  2%]
tests/agents/core/test_context.py::test_init_ephemeral_idempotent PASSED [  2%]
tests/agents/core/test_context.py::test_get_state_store_lazy_init PASSED [  2%]
tests/agents/core/test_context.py::test_get_event_bus_lazily_initializes_without_env PASSED [  2%]
tests/agents/core/test_context.py::test_get_event_bus_respects_event_buffer_size_env PASSED [  2%]
tests/agents/core/test_context.py::test_get_event_bus_reuses_builtins PASSED [  2%]
tests/agents/core/test_context.py::test_init_store_enables_event_bridge_and_emits PASSED [  2%]
tests/agents/core/test_context.py::test_bridge_respects_state_emit_hooks_disabled PASSED [  2%]
tests/agents/core/test_context.py::test_persist_true_no_running_loop_starts_no_timer PASSED [  2%]
tests/agents/core/test_context.py::test_persist_true_with_env_path_starts_timer_and_cancel PASSED [  2%]
tests/agents/core/test_context.py::test_enable_events_without_bridge_no_emission PASSED [  2%]
tests/agents/core/test_context.py::test_bridge_hook_error_resilience PASSED [  2%]
tests/agents/core/test_context.py::test_get_event_bus_enable_events_logging_path PASSED [  3%]
tests/agents/core/test_context.py::test_bridge_only_env_triggers_bus_and_emits PASSED [  3%]
tests/agents/core/test_context.py::test_builtins_wrong_type_is_overwritten_in_init PASSED [  3%]
tests/agents/core/test_context.py::test_snapshot_interval_minimum PASSED [  3%]
tests/agents/core/test_context.py::test_periodic_snapshot_invokes_persist PASSED [  3%]
tests/agents/core/test_context.py::test_init_state_store_reuses_builtins_bus PASSED [  3%]
tests/agents/core/test_context_events_bridge.py::test_ensure_events_bridge_idempotent_and_emits_on_change PASSED [  3%]
tests/agents/core/test_context_events_bridge.py::test_ensure_events_bridge_off_when_env_missing PASSED [  3%]
tests/agents/core/test_core_intent_router.py::test_classify_defaults_to_general_qa_when_no_match PASSED [  3%]
tests/agents/core/test_core_intent_router.py::test_python_keywords_map_to_python_coding_without_rag[Write a python function to add two numbers] PASSED [  3%]
tests/agents/core/test_core_intent_router.py::test_python_keywords_map_to_python_coding_without_rag[Design a Python class for a cache] PASSED [  3%]
tests/agents/core/test_core_intent_router.py::test_python_keywords_map_to_python_coding_without_rag[python function class] PASSED [  3%]
tests/agents/core/test_core_intent_router.py::test_documentation_keywords_enable_rag[Create an API spec for the new endpoint] PASSED [  3%]
tests/agents/core/test_core_intent_router.py::test_documentation_keywords_enable_rag[Where is the swagger doc for this API?] PASSED [  4%]
tests/agents/core/test_core_intent_router.py::test_documentation_keywords_enable_rag[endpoint spec api swagger] PASSED [  4%]
tests/agents/core/test_core_intent_router.py::test_scoring_prefers_higher_count_task PASSED [  4%]
tests/agents/core/test_core_intent_router.py::test_tie_break_is_deterministic_prefers_first_encountered PASSED [  4%]
tests/agents/core/test_core_intent_router.py::test_confidence_is_zero_for_no_match PASSED [  4%]
tests/agents/core/test_core_intent_router.py::test_configured_patterns_override PASSED [  4%]
tests/agents/core/test_event_bus_edges.py::test_subscribe_requires_running_loop PASSED [  4%]
tests/agents/core/test_event_bus_edges.py::test_publish_with_bad_filter_does_not_break_and_is_skipped PASSED [  4%]
tests/agents/core/test_event_bus_edges.py::test_unsubscribe_handles_closed_loop_best_effort PASSED [  4%]
tests/agents/core/test_event_bus_edges.py::test_close_handles_closed_loop_on_signal PASSED [  4%]
tests/agents/core/test_event_bus_edges.py::test_recent_match_with_bad_filter_is_safe_and_returns_none PASSED [  4%]
tests/agents/core/test_event_bus_edges.py::test_subscribe_with_unsupported_policy_warns_and_uses_drop_oldest PASSED [  4%]
tests/agents/core/test_event_filter_validation.py::test_validate_filter_accepts_none_topics PASSED [  5%]
tests/agents/core/test_event_filter_validation.py::test_validate_filter_rejects_empty_topics PASSED [  5%]
tests/agents/core/test_event_filter_validation.py::test_validate_filter_rejects_empty_topic_string PASSED [  5%]
tests/agents/core/test_event_filter_validation.py::test_validate_filter_rejects_empty_namespace_prefix PASSED [  5%]
tests/agents/core/test_event_filter_validation.py::test_validate_filter_rejects_bad_regex PASSED [  5%]
tests/agents/core/test_event_filter_validation.py::test_validate_filter_compiles_regex PASSED [  5%]
tests/agents/core/test_events_filter.py::test_event_model_basic_and_extra_fields PASSED [  5%]
tests/agents/core/test_events_filter.py::test_eventtopic_is_string_enum PASSED [  5%]
tests/agents/core/test_events_filter.py::test_filter_matches_by_topic_exact_and_set PASSED [  5%]
tests/agents/core/test_events_filter.py::test_filter_matches_namespace_prefix PASSED [  5%]
tests/agents/core/test_events_filter.py::test_filter_key_regex_matching PASSED [  5%]
tests/agents/core/test_events_filter.py::test_filter_empty_criteria_matches_all PASSED [  5%]
tests/agents/core/test_events_filter.py::test_filter_combined_all_conditions PASSED [  5%]
tests/agents/core/test_events_filter.py::test_filter_non_matching_any_condition PASSED [  6%]
tests/agents/core/test_events_filter.py::test_filter_invalid_regex_raises PASSED [  6%]
tests/agents/core/test_events_filter.py::test_filter_topics_is_frozenset_immutable PASSED [  6%]
tests/agents/core/test_events_filter_additional.py::test_filter_allows_empty_criteria_and_blocks_nonmatching PASSED [  6%]
tests/agents/core/test_import_neutrality_core.py::test_jarvis_api_import_neutrality PASSED [  6%]
tests/agents/core/test_intent_router_backward_compat.py::test_negative_token_only_yields_general_and_no_rag PASSED [  6%]
tests/agents/core/test_intent_router_backward_compat.py::test_negative_token_subtracts_but_positive_enables_rag PASSED [  6%]
tests/agents/core/test_intent_router_backward_compat.py::test_legacy_schema_warns_only_once PASSED [  6%]
tests/agents/core/test_intent_router_backward_compat.py::test_python_coding_rag_off_guard PASSED [  6%]
tests/agents/core/test_intent_router_backward_compat.py::test_env_vs_arg_precedence_policy_and_topk PASSED [  6%]
tests/agents/core/test_intent_router_phase1.py::test_unicode_normalization_enables_matches_casefold PASSED [  6%]
tests/agents/core/test_intent_router_phase1.py::test_deterministic_tiebreaker_with_priority PASSED [  6%]
tests/agents/core/test_intent_router_phase1.py::test_rag_gating_threshold_and_no_match_disable PASSED [  6%]
tests/agents/core/test_intent_router_phase1.py::test_config_ttl_reload_on_mtime PASSED [  7%]
tests/agents/core/test_intent_router_phase1.py::test_classify_debug_returns_details PASSED [  7%]
tests/agents/core/test_intent_router_phase2.py::test_boundary_aware_reduces_false_positive_api_in_capillary PASSED [  7%]
tests/agents/core/test_intent_router_phase2.py::test_token_weights_influence_outcome PASSED [  7%]
tests/agents/core/test_intent_router_phase2.py::test_confidence_policies_emit_unit_interval[coverage-expect_range0] PASSED [  7%]
tests/agents/core/test_intent_router_phase2.py::test_confidence_policies_emit_unit_interval[max_count-expect_range1] PASSED [  7%]
tests/agents/core/test_intent_router_phase2.py::test_confidence_policies_emit_unit_interval[margin-expect_range2] PASSED [  7%]
tests/agents/core/test_intent_router_phase2.py::test_topk_candidates_sorted_and_limited PASSED [  7%]
tests/agents/core/test_intent_router_phase2.py::test_boundary_aware_matches_token_with_trailing_punctuation PASSED [  7%]
tests/agents/core/test_intent_router_phase2.py::test_boundary_aware_matches_token_with_leading_punctuation PASSED [  7%]
tests/agents/core/test_intent_router_phase3.py::test_config_loads_versioned_inline_and_file PASSED [  7%]
tests/agents/core/test_intent_router_phase3.py::test_invalid_entries_fall_back_to_builtins PASSED [  7%]
tests/agents/core/test_intent_router_phase3.py::test_cache_mtime_reload_and_ttl PASSED [  8%]
tests/agents/core/test_intent_router_phase3.py::test_optional_liberal_max_tokens_cap PASSED [  8%]
tests/agents/core/test_intent_router_phase3.py::test_boundary_vs_substring_toggle PASSED [  8%]
tests/agents/core/test_intent_router_phase3.py::test_tie_break_priority_is_deterministic PASSED [  8%]
tests/agents/core/test_intent_router_phase3.py::test_confidence_coverage_exact PASSED [  8%]
tests/agents/core/test_intent_router_phase3.py::test_confidence_policies_expected_values PASSED [  8%]
tests/agents/core/test_intent_router_phase3.py::test_rag_gating_thresholds PASSED [  8%]
tests/agents/core/test_intent_router_phase3.py::test_concurrency_debug_payloads_are_request_scoped PASSED [  8%]
tests/agents/core/test_intent_router_phase3.py::test_performance_compiled_regex_path_is_not_worse SKIPPED [  8%]
tests/agents/core/test_messaging_adapter_compat.py::test_compat_subscribe_publish_sync_handler PASSED [  8%]
tests/agents/core/test_messaging_adapter_compat.py::test_compat_subscribe_publish_async_handler PASSED [  8%]
tests/agents/core/test_messaging_adapter_compat.py::test_compat_unsubscribe_stops_sync_handler PASSED [  8%]
tests/agents/core/test_messaging_adapter_compat.py::test_compat_unsubscribe_stops_async_handler PASSED [  8%]
tests/agents/core/test_messaging_adapter_compat.py::test_compat_once_true_delivers_only_first PASSED [  9%]
tests/agents/core/test_messaging_adapter_compat.py::test_compat_type_filter_predicate PASSED [  9%]
tests/agents/core/test_messaging_adapter_compat.py::test_compat_unsubscribe_is_idempotent PASSED [  9%]
tests/agents/core/test_missions_archive_complete_overdue_summary.py::test_archive_completed_moves_only_completed_and_announces PASSED [  9%]
tests/agents/core/test_missions_archive_complete_overdue_summary.py::test_archive_completed_no_completed PASSED [  9%]
tests/agents/core/test_missions_archive_complete_overdue_summary.py::test_archive_completed_pluralization PASSED [  9%]
tests/agents/core/test_missions_archive_complete_overdue_summary.py::test_mark_complete_matches_and_writes PASSED [  9%]
tests/agents/core/test_missions_archive_complete_overdue_summary.py::test_mark_complete_no_match PASSED [  9%]
tests/agents/core/test_missions_archive_complete_overdue_summary.py::test_mark_complete_skips_completed_and_non_tasks PASSED [  9%]
tests/agents/core/test_missions_archive_complete_overdue_summary.py::test_get_overdue_and_speak_report PASSED [  9%]
tests/agents/core/test_missions_archive_complete_overdue_summary.py::test_overdue_report_no_overdue PASSED [  9%]
tests/agents/core/test_missions_archive_complete_overdue_summary.py::test_overdue_report_many_overdue PASSED [  9%]
tests/agents/core/test_missions_archive_complete_overdue_summary.py::test_overdue_sorted_and_invalid_dates_ignored PASSED [ 10%]
tests/agents/core/test_missions_archive_complete_overdue_summary.py::test_summarize_and_speak_summary PASSED [ 10%]
tests/agents/core/test_missions_archive_complete_overdue_summary.py::test_summary_empty_and_error_paths PASSED [ 10%]
tests/agents/core/test_missions_archive_complete_overdue_summary.py::test_speak_summary_empty_branches PASSED [ 10%]
tests/agents/core/test_missions_archive_complete_overdue_summary.py::test_mission_summary_invalid_date_and_time_paths PASSED [ 10%]
tests/agents/core/test_missions_scheduler.py::test_check_due_today_true_false PASSED [ 10%]
tests/agents/core/test_missions_scheduler.py::test_check_reminder_now_window PASSED [ 10%]
tests/agents/core/test_missions_scheduler.py::test_main_runs_single_tick_and_sleeps PASSED [ 10%]
tests/agents/core/test_missions_scheduler.py::test_scheduler_load_missions_missing_and_bad_json PASSED [ 10%]
tests/agents/core/test_missions_scheduler.py::test_check_due_today_and_reminder_bad_values PASSED [ 10%]
tests/agents/core/test_missions_scheduler.py::test_main_announces_due_and_reminder_and_dedup PASSED [ 10%]
tests/agents/core/test_model_catalog.py::test_model_patterns_include_new_families PASSED [ 10%]
tests/agents/core/test_model_catalog.py::test_guess_family_variants PASSED [ 10%]
tests/agents/core/test_model_metrics.py::test_model_metrics_creates_db_and_tables PASSED [ 11%]
tests/agents/core/test_model_metrics.py::test_log_usage_and_aggregate PASSED [ 11%]
tests/agents/core/test_model_registry.py::test_scan_models_and_getters PASSED [ 11%]
tests/agents/core/test_model_registry.py::test_run_inference_with_stats_tracks_metrics PASSED [ 11%]
tests/agents/core/test_model_registry.py::test_track_error_and_performance_report PASSED [ 11%]
tests/agents/core/test_model_registry.py::test_monitor_gpu_usage_parsing_and_failure PASSED [ 11%]
tests/agents/core/test_model_registry.py::test_healthcheck_happy_path PASSED [ 11%]
tests/agents/core/test_model_registry.py::test_calculate_similarity_basic PASSED [ 11%]
tests/agents/core/test_model_registry.py::test_optimize_model_usage_selection PASSED [ 11%]
tests/agents/core/test_model_registry.py::test_get_quantization_info_unknown PASSED [ 11%]
tests/agents/core/test_model_registry.py::test_scan_models_additional_patterns PASSED [ 11%]
tests/agents/core/test_model_registry.py::test_analyze_prompt_categories PASSED [ 11%]
tests/agents/core/test_model_registry.py::test_track_inference_saves_every_10 PASSED [ 11%]
tests/agents/core/test_model_registry.py::test_track_error_high_rate_warning PASSED [ 12%]
tests/agents/core/test_model_registry.py::test_save_system_metrics_with_psutil PASSED [ 12%]
tests/agents/core/test_model_registry.py::test_run_model_benchmark_error_cases PASSED [ 12%]
tests/agents/core/test_model_registry.py::test_get_model_performance_report_all PASSED [ 12%]
tests/agents/core/test_model_registry.py::test_initialize_data_directories_creates_readmes PASSED [ 12%]
tests/agents/core/test_model_registry.py::test_best_model_creative_and_general_tasks PASSED [ 12%]
tests/agents/core/test_model_registry.py::test_quantization_info_match_and_guess_family PASSED [ 12%]
tests/agents/core/test_model_registry.py::test_estimate_model_vram_q4 PASSED [ 12%]
tests/agents/core/test_model_registry.py::test_get_model_capabilities_unknown PASSED [ 12%]
tests/agents/core/test_model_registry.py::test_get_model_performance_report_specific_missing PASSED [ 12%]
tests/agents/core/test_model_registry.py::test_best_general_model_fallback_to_first PASSED [ 12%]
tests/agents/core/test_model_registry.py::test_healthcheck_model_file_missing_warns PASSED [ 12%]
tests/agents/core/test_model_registry.py::test_run_inference_with_stats_timeout_error PASSED [ 13%]
tests/agents/core/test_model_registry.py::test_model_scores_invalid_last_used PASSED [ 13%]
tests/agents/core/test_model_registry.py::test_scan_models_unknown_skipped PASSED [ 13%]
tests/agents/core/test_model_registry.py::test_scan_models_skip_existing PASSED [ 13%]
tests/agents/core/test_model_registry.py::test_estimate_model_vram_other_quant PASSED [ 13%]
tests/agents/core/test_model_registry.py::test_module_main_block_executes_with_runpy PASSED [ 13%]
tests/agents/core/test_model_registry.py::test_monitor_gpu_usage_exception_path PASSED [ 13%]
tests/agents/core/test_model_registry.py::test_best_model_for_prompt_general_qa PASSED [ 13%]
tests/agents/core/test_model_registry.py::test_parse_nvidia_smi_malformed_line PASSED [ 13%]
tests/agents/core/test_model_registry.py::test_estimate_model_vram_quant_none PASSED [ 13%]
tests/agents/core/test_model_registry.py::test_healthcheck_missing_dir_and_llama PASSED [ 13%]
tests/agents/core/test_model_registry.py::test_detect_available_vram_default_error PASSED [ 13%]
tests/agents/core/test_model_registry.py::test_instrumentation_writer_labels PASSED [ 13%]
tests/agents/core/test_model_registry.py::test_registry_persistence_loads_from_file PASSED [ 14%]
tests/agents/core/test_model_registry.py::test_load_models_metadata_and_defaults PASSED [ 14%]
tests/agents/core/test_model_registry.py::test_run_inference_variants PASSED [ 14%]
tests/agents/core/test_model_registry.py::test_run_inference_with_stats_error_paths PASSED [ 14%]
tests/agents/core/test_model_registry.py::test_scan_models_detects_nemotron_and_arch_agent PASSED [ 14%]
tests/agents/core/test_model_registry.py::test_load_models_metadata_override_for_new_models PASSED [ 14%]
tests/agents/core/test_model_registry.py::test_guess_family_new_models PASSED [ 14%]
tests/agents/core/test_model_registry.py::test_save_and_load_inference_stats PASSED [ 14%]
tests/agents/core/test_model_registry.py::test_benchmarks_and_metrics_io PASSED [ 14%]
tests/agents/core/test_model_registry.py::test_detect_available_vram_and_loaded_models_usage PASSED [ 14%]
tests/agents/core/test_model_registry.py::test_model_scoring_sort_and_selection PASSED [ 14%]
tests/agents/core/test_model_registry.py::test_get_best_model_for_task_scoring_mode PASSED [ 14%]
tests/agents/core/test_model_scoring_edges.py::test_zero_inference_time_and_fallback_tokens_per_second PASSED [ 15%]
tests/agents/core/test_model_scoring_edges.py::test_missing_stats_candidate_is_handled PASSED [ 15%]
tests/agents/core/test_model_scoring_edges.py::test_deterministic_tie_breaker_on_equal_scores PASSED [ 15%]
tests/agents/core/test_model_selection_scoring.py::test_scoring_prefers_strength_match[python_coding-code] PASSED [ 15%]
tests/agents/core/test_model_selection_scoring.py::test_scoring_prefers_strength_match[documentation-doc] PASSED [ 15%]
tests/agents/core/test_model_selection_scoring.py::test_scoring_penalizes_unavailable PASSED [ 15%]
tests/agents/core/test_models_cli.py::test_models_cli_refresh_list_health_run PASSED [ 15%]
tests/agents/core/test_models_cli.py::test_models_cli_parser_and_main_help PASSED [ 15%]
tests/agents/core/test_models_cli.py::test_models_cli_benchmark_and_optimize PASSED [ 15%]
tests/agents/core/test_persistence.py::test_snapshot_and_restore_roundtrip PASSED [ 15%]
tests/agents/core/test_persistence.py::test_restore_preserves_max_version PASSED [ 15%]
tests/agents/core/test_state_cache_invalidation.py::test_ui_paths_for_key_mappings_and_dedup PASSED [ 15%]
tests/agents/core/test_state_cache_invalidation.py::test_install_bridge_attaches_and_invalidates PASSED [ 15%]
tests/agents/core/test_state_cache_invalidation.py::test_get_invalidator_dynamic_resolution PASSED [ 16%]
tests/agents/core/test_state_cache_invalidation.py::test_bridge_ignores_non_statekey PASSED [ 16%]
tests/agents/core/test_state_cache_invalidation.py::test_install_bridge_no_middleware_attached PASSED [ 16%]
tests/agents/core/test_state_events.py::test_emit_one_event_per_set PASSED [ 16%]
tests/agents/core/test_state_events.py::test_deleted_emits_state_deleted PASSED [ 16%]
tests/agents/core/test_state_events.py::test_respect_disable_flag PASSED [ 16%]
tests/agents/core/test_state_pubsub.py::test_wire_roundtrip_includes_expected_fields PASSED [ 16%]
tests/agents/core/test_state_pubsub.py::test_from_wire_handles_missing_key_with_defaults PASSED [ 16%]
tests/agents/core/test_state_pubsub.py::test_to_wire_accepts_dict_key_and_optional_fields PASSED [ 16%]
tests/agents/core/test_state_pubsub.py::test_start_publishes_on_local_change PASSED [ 16%]
tests/agents/core/test_state_pubsub.py::test_start_skips_when_connect_fails PASSED [ 16%]
tests/agents/core/test_state_pubsub.py::test_start_handles_subscribe_exception_still_starts_thread PASSED [ 16%]
tests/agents/core/test_state_pubsub.py::test_subscriber_loop_calls_invalidator_for_foreign_origin PASSED [ 16%]
tests/agents/core/test_state_pubsub.py::test_stop_is_graceful_when_not_started PASSED [ 17%]
tests/agents/core/test_state_pubsub.py::test_setup_state_pubsub_enables_with_env_and_store PASSED [ 17%]
tests/agents/core/test_state_pubsub.py::test_setup_state_pubsub_no_env_noop PASSED [ 17%]
tests/agents/core/test_state_pubsub.py::test_setup_state_pubsub_env_but_no_store PASSED [ 17%]
tests/agents/core/test_state_pubsub.py::test_subscriber_loop_handles_bytes_and_malformed PASSED [ 17%]
tests/agents/core/test_state_store.py::test_set_get_version_monotonic PASSED [ 17%]
tests/agents/core/test_state_store.py::test_update_cas_conflict PASSED   [ 17%]
tests/agents/core/test_state_store.py::test_delete_and_notfound PASSED   [ 17%]
tests/agents/core/test_state_store.py::test_list_by_namespace_and_prefix PASSED [ 17%]
tests/agents/core/test_state_store.py::test_change_hooks_called_and_unsubscribe PASSED [ 17%]
tests/agents/core/test_state_store_bridge_and_persistence.py::test_cas_success_and_conflict PASSED [ 17%]
tests/agents/core/test_state_store_bridge_and_persistence.py::test_change_hooks_with_and_without_event_bridge PASSED [ 17%]
tests/agents/core/test_state_store_bridge_and_persistence.py::test_bridge_counters_and_backpressure_drop PASSED [ 18%]
tests/agents/core/test_state_store_bridge_and_persistence.py::test_persist_restore_smoke_and_utc_check PASSED [ 18%]
tests/agents/core/test_state_store_utc_and_cas.py::test_change_record_ts_is_utc_and_monotonic PASSED [ 18%]
tests/agents/core/test_state_store_utc_and_cas.py::test_cas_semantics_exact_and_plus_one PASSED [ 18%]
tests/agents/core/test_subproc_stream.py::test_run_cmd_stream_happy_path_and_idle_tick PASSED [ 18%]
tests/agents/core/test_subproc_stream.py::test_run_cmd_stream_hard_idle_timeout PASSED [ 18%]
tests/agents/core/test_subscriber.py::test_subscriber_invokes_handler_and_stops_cleanly PASSED [ 18%]
tests/agents/core/test_subscriber.py::test_subscriber_resilient_to_handler_errors PASSED [ 18%]
tests/agents/diagnostics/test_diagnostic_probes_and_metrics.py::test_rules_hash_present_metric_and_probe PASSED [ 18%]
tests/agents/diagnostics/test_diagnostic_probes_and_metrics.py::test_diagnostic_counters_exposed PASSED [ 18%]
tests/agents/diagnostics/test_diagnostic_probes_and_metrics.py::test_sse_cached_anomaly_flag_is_zero_by_default PASSED [ 18%]
tests/agents/diagnostics/test_diagnostic_probes_and_metrics.py::test_low_304_rate_probe_heuristic_non_failing PASSED [ 18%]
tests/agents/diagnostics/test_event_diagnostics_agent.py::test_event_diagnostics_agent_detects_bus_drops PASSED [ 18%]
tests/agents/interface/chainlit/widgets/test_anomaly_thresholds.py::test_load_anomaly_thresholds_resolves_overrides PASSED [ 19%]
tests/agents/interface/chainlit/widgets/test_anomaly_thresholds.py::test_load_anomaly_thresholds_invalid_override_logs_and_falls_back PASSED [ 19%]
tests/agents/interface/chainlit/widgets/test_anomaly_thresholds.py::test_get_anomaly_threshold_map_indexes_by_badge PASSED [ 19%]
tests/agents/interface/test_export_toolkit.py::test_export_requires_feature_flag PASSED [ 19%]
tests/agents/interface/test_export_toolkit.py::test_export_json_bundle_with_metadata PASSED [ 19%]
tests/agents/interface/test_export_toolkit.py::test_export_csv_bundle_compressed PASSED [ 19%]
tests/agents/interface/test_model_comparison_adapters.py::test_build_model_comparison_payload_happy_path PASSED [ 19%]
tests/agents/interface/test_model_comparison_adapters.py::test_build_model_comparison_payload_errors_when_missing PASSED [ 19%]
tests/agents/interface/test_model_comparison_adapters.py::test_build_model_comparison_payload_rejects_non_v2_summaries PASSED [ 19%]
tests/agents/optimization/test_negative_cache_proposal.py::test_negative_cache_proposal_and_mrp_logging PASSED [ 19%]
tests/agents/optimization/test_optimization_agent_metrics_and_proposal.py::test_optimization_agent_emits_proposal_and_counters PASSED [ 19%]
tests/agents/orchestrator/test_agent_factory.py::test_instantiate_agents_injects_config_when_supported PASSED [ 19%]
tests/agents/orchestrator/test_agent_factory.py::test_instantiate_agents_skips_config_when_not_supported PASSED [ 20%]
tests/agents/orchestrator/test_agent_factory.py::test_instantiate_agents_respects_dry_run PASSED [ 20%]
tests/agents/orchestrator/test_agent_factory.py::test_instantiate_agents_fallback_when_missing_module PASSED [ 20%]
tests/agents/orchestrator/test_agent_factory_instrumentation.py::test_fallback_metric_increments_for_missing_class PASSED [ 20%]
tests/agents/orchestrator/test_agent_factory_instrumentation.py::test_fallback_metric_increments_on_constructor_exception PASSED [ 20%]
tests/agents/orchestrator/test_agent_factory_instrumentation.py::test_strict_mode_raises_on_missing_agent PASSED [ 20%]
tests/agents/orchestrator/test_agent_factory_instrumentation.py::test_dynamic_plugin_registration_injects_config PASSED [ 20%]
tests/agents/orchestrator/test_bounded_queue.py::test_bounded_queue_drops_oldest_and_enqueues_new PASSED [ 20%]
tests/agents/orchestrator/test_bounded_queue.py::test_bounded_queue_stats_timestamps_progress_monotonic PASSED [ 20%]
tests/agents/orchestrator/test_config_deprecated_phase13.py::test_strict_accepts_valid_deprecated_list PASSED [ 20%]
tests/agents/orchestrator/test_config_deprecated_phase13.py::test_strict_rejects_invalid_deprecated_entries PASSED [ 20%]
tests/agents/orchestrator/test_config_deprecated_phase13.py::test_lenient_drops_invalid_deprecated_list PASSED [ 20%]
tests/agents/orchestrator/test_config_deprecated_phase13.py::test_metric_not_incremented_when_absent PASSED [ 20%]
tests/agents/orchestrator/test_config_deprecated_phase13.py::test_metric_not_incremented_when_empty_list PASSED [ 21%]
tests/agents/orchestrator/test_config_includes_basic.py::test_include_adds_agents_and_metrics PASSED [ 21%]
tests/agents/orchestrator/test_config_includes_basic.py::test_include_main_overrides_conflict PASSED [ 21%]
tests/agents/orchestrator/test_config_includes_basic.py::test_missing_include_lenient_increments_counter PASSED [ 21%]
tests/agents/orchestrator/test_config_includes_basic.py::test_missing_include_strict_errors PASSED [ 21%]
tests/agents/orchestrator/test_config_includes_basic.py::test_circular_include_errors_and_counters PASSED [ 21%]
tests/agents/orchestrator/test_config_includes_basic.py::test_multilevel_precedence PASSED [ 21%]
tests/agents/orchestrator/test_config_includes_reload_diff.py::test_reload_diff_with_included_file_change PASSED [ 21%]
tests/agents/orchestrator/test_config_inventory_sync.py::test_all_code_flags_documented PASSED [ 21%]
tests/agents/orchestrator/test_config_logging_phase8.py::test_load_success_has_agents_total_and_version PASSED [ 21%]
tests/agents/orchestrator/test_config_logging_phase8.py::test_load_error_emits_config_error_and_config_load PASSED [ 21%]
tests/agents/orchestrator/test_config_logging_phase8.py::test_reload_success_has_counts_and_totals PASSED [ 21%]
tests/agents/orchestrator/test_config_logging_phase8.py::test_reload_error_emits_config_error PASSED [ 22%]
tests/agents/orchestrator/test_config_logging_phase8.py::test_lenient_unknown_keys_only_when_lenient PASSED [ 22%]
tests/agents/orchestrator/test_config_metrics_phase7.py::test_reload_success_metrics_updates PASSED [ 22%]
tests/agents/orchestrator/test_config_metrics_phase7.py::test_reload_error_sets_error_flag PASSED [ 22%]
tests/agents/orchestrator/test_config_metrics_phase7.py::test_lenient_unknown_keys_counter PASSED [ 22%]
tests/agents/orchestrator/test_config_perf_phase14.py::test_registry_parse_200_agents_under_100ms SKIPPED [ 22%]
tests/agents/orchestrator/test_config_perf_phase14.py::test_registry_parse_500_agents_under_120ms SKIPPED [ 22%]
tests/agents/orchestrator/test_config_perf_phase14.py::test_registry_parse_distribution_200_agents SKIPPED [ 22%]
tests/agents/orchestrator/test_config_redaction_extended_phase12.py::test_pattern_override PASSED [ 22%]
tests/agents/orchestrator/test_config_redaction_extended_phase12.py::test_hash_mode PASSED [ 22%]
tests/agents/orchestrator/test_config_redaction_extended_phase12.py::test_allowlist_skips PASSED [ 22%]
tests/agents/orchestrator/test_config_redaction_extended_phase12.py::test_spike_detection PASSED [ 22%]
tests/agents/orchestrator/test_config_redaction_extended_phase12.py::test_performance_budget PASSED [ 22%]
tests/agents/orchestrator/test_config_redaction_extended_phase12.py::test_performance_with_matching PASSED [ 23%]
tests/agents/orchestrator/test_config_redaction_phase12.py::test_redact_metadata_nested_and_negative_controls PASSED [ 23%]
tests/agents/orchestrator/test_config_redaction_phase12.py::test_redact_and_count_reports_number PASSED [ 23%]
tests/agents/orchestrator/test_config_redaction_phase12.py::test_load_and_reload_redaction_in_logs PASSED [ 23%]
tests/agents/orchestrator/test_config_rollout_phase16.py::test_rollout_disabled_blocks_mutation PASSED [ 23%]
tests/agents/orchestrator/test_config_rollout_phase16.py::test_rollout_enabled_mutation_disabled PASSED [ 23%]
tests/agents/orchestrator/test_config_rollout_phase16.py::test_rollout_and_mutation_enabled PASSED [ 23%]
tests/agents/orchestrator/test_config_rollout_phase16.py::test_unknown_key_counter_stable_across_reloads PASSED [ 23%]
tests/agents/orchestrator/test_config_rollout_phase16.py::test_gauge_transitions PASSED [ 23%]
tests/agents/orchestrator/test_eventbus_metrics_exposition.py::test_eventbus_metrics_series_present_and_labeled PASSED [ 23%]
tests/agents/orchestrator/test_eventbus_metrics_exposition.py::test_orchestrator_emits_queue_and_backoff_metrics PASSED [ 23%]
tests/agents/orchestrator/test_eventbus_metrics_exposition.py::test_orchestrator_emits_staleness_metric_with_live_supervisor PASSED [ 23%]
tests/agents/orchestrator/test_loader_override_order.py::test_resolve_registry_path_precedence PASSED [ 23%]
tests/agents/orchestrator/test_loader_phase4.py::test_path_precedence_env_vs_explicit PASSED [ 24%]
tests/agents/orchestrator/test_loader_phase4.py::test_path_precedence_env_used_when_no_explicit PASSED [ 24%]
tests/agents/orchestrator/test_loader_phase4.py::test_resolve_registry_path_default PASSED [ 24%]
tests/agents/orchestrator/test_loader_phase4.py::test_strict_override_arg_beats_env PASSED [ 24%]
tests/agents/orchestrator/test_loader_phase4.py::test_return_type_is_registry_model PASSED [ 24%]
tests/agents/orchestrator/test_loader_phase4.py::test_atomic_failure_no_partial_state PASSED [ 24%]
tests/agents/orchestrator/test_loader_phase4.py::test_missing_file_raises_config_not_found PASSED [ 24%]
tests/agents/orchestrator/test_orchestrator_startup_abort_phase5.py::test_startup_abort_on_invalid_registry PASSED [ 24%]
tests/agents/orchestrator/test_orchestrator_startup_abort_phase5.py::test_startup_missing_file PASSED [ 24%]
tests/agents/orchestrator/test_parse_timing_cap_and_histogram.py::test_parse_timing_series_capped PASSED [ 24%]
tests/agents/orchestrator/test_parse_timing_cap_and_histogram.py::test_parse_histogram_opt_in PASSED [ 24%]
tests/agents/orchestrator/test_registry_mapping.py::test_mapping_form_strict_success PASSED [ 24%]
tests/agents/orchestrator/test_registry_mapping.py::test_mapping_form_name_override PASSED [ 25%]
tests/agents/orchestrator/test_registry_mapping.py::test_list_form_backward_compat PASSED [ 25%]
tests/agents/orchestrator/test_registry_mapping.py::test_missing_version_rejected PASSED [ 25%]
tests/agents/orchestrator/test_registry_schema.py::test_validate_registry_strict_success PASSED [ 25%]
tests/agents/orchestrator/test_registry_schema.py::test_missing_required_field_strict PASSED [ 25%]
tests/agents/orchestrator/test_registry_schema.py::test_missing_required_field_lenient PASSED [ 25%]
tests/agents/orchestrator/test_registry_schema.py::test_type_mismatch_timeout_strict PASSED [ 25%]
tests/agents/orchestrator/test_registry_schema.py::test_type_mismatch_timeout_lenient PASSED [ 25%]
tests/agents/orchestrator/test_registry_schema.py::test_extra_field_strict_rejected PASSED [ 25%]
tests/agents/orchestrator/test_registry_schema.py::test_extra_field_lenient_dropped PASSED [ 25%]
tests/agents/orchestrator/test_registry_schema.py::test_strict_rejects_nested_unknown_key PASSED [ 25%]
tests/agents/orchestrator/test_registry_schema.py::test_lenient_strips_nested_unknown_key PASSED [ 25%]
tests/agents/orchestrator/test_registry_schema.py::test_lenient_unknown_keys_increment_metrics PASSED [ 25%]
tests/agents/orchestrator/test_registry_schema.py::test_loader_lenient_unknown_key_logs_warning PASSED [ 26%]
tests/agents/orchestrator/test_registry_schema.py::test_loader_lenient_nested_unknown_key_logs_warning PASSED [ 26%]
tests/agents/orchestrator/test_reload_diff.py::test_diff_registries_added_removed_changed PASSED [ 26%]
tests/agents/orchestrator/test_reload_phase6.py::test_reload_added_agent PASSED [ 26%]
tests/agents/orchestrator/test_reload_phase6.py::test_reload_removed_agent_quiesce PASSED [ 26%]
tests/agents/orchestrator/test_reload_phase6.py::test_reload_changed_field PASSED [ 26%]
tests/agents/orchestrator/test_reload_phase6.py::test_compute_registry_diff_model_vs_dict PASSED [ 26%]
tests/agents/orchestrator/test_runtime_and_metrics.py::test_staleness_fallback_emits_for_all_declared_agents PASSED [ 26%]
tests/agents/orchestrator/test_runtime_and_metrics.py::test_load_enabled_agents_from_registry_filters_by_flag PASSED [ 26%]
tests/agents/orchestrator/test_runtime_and_metrics.py::test_build_orchestrator_metrics_lines_emits_zero_when_absent PASSED [ 26%]
tests/agents/orchestrator/test_runtime_and_metrics.py::test_build_orchestrator_metrics_lines_with_snapshot PASSED [ 26%]
tests/agents/orchestrator/test_runtime_and_metrics.py::test_orchestrator_breadcrumb_help_lines_present PASSED [ 26%]
tests/agents/orchestrator/test_runtime_and_metrics.py::test_staleness_fallback_defaults_to_zero PASSED [ 27%]
tests/agents/orchestrator/test_schema_hash.py::test_schema_source_hash_matches_constant PASSED [ 27%]
tests/agents/orchestrator/test_startup_abort.py::test_invalid_registry_startup_abort_missing_key PASSED [ 27%]
tests/agents/orchestrator/test_startup_abort.py::test_missing_file_raises PASSED [ 27%]
tests/agents/orchestrator/test_supervisor_start_stop.py::test_supervisor_start_stop_no_agents_metrics_zero PASSED [ 27%]
tests/agents/repair/test_extended_approvals_logging.py::test_log_mrp_approval_extended_fields PASSED [ 27%]
tests/agents/repair/test_repair_agent_aider_approval_ui.py::test_export_aider_context_and_ui_snapshot PASSED [ 27%]
tests/agents/repair/test_repair_agent_aider_approval_ui.py::test_approval_gate_and_token PASSED [ 27%]
tests/agents/repair/test_repair_agent_aider_approval_ui.py::test_git_hints_enrichment_flag_off PASSED [ 27%]
tests/agents/repair/test_repair_agent_aider_approval_ui.py::test_mrp_approval_placeholder PASSED [ 27%]
tests/agents/repair/test_repair_agent_plan_and_artifacts.py::test_compute_repair_plan_maps_findings_and_regressions PASSED [ 27%]
tests/agents/repair/test_repair_agent_plan_and_artifacts.py::test_write_mrp_and_stage_sandbox PASSED [ 27%]
tests/agents/repair/test_repair_commit_window.py::test_commit_window_flag_off_noop PASSED [ 27%]
tests/agents/repair/test_repair_commit_window.py::test_commit_window_flag_on_nonexistent_path_safe PASSED [ 28%]
tests/agents/repair/test_repair_orchestrator_and_ui.py::test_repair_agent_flag_off_no_side_effects PASSED [ 28%]
tests/agents/repair/test_repair_orchestrator_and_ui.py::test_repair_ui_endpoint_flagged PASSED [ 28%]
tests/agents/repair/test_repair_orchestrator_and_ui.py::test_repair_ui_endpoint_404_when_disabled PASSED [ 28%]
tests/agents/repair/test_repair_orchestrator_tight_loop.py::test_orchestrator_runs_repair_agent_and_updates_snapshot PASSED [ 28%]
tests/agents/service_management/test_acceptance_timing.py::test_acceptance_timing_fast_start PASSED [ 28%]
tests/agents/service_management/test_agents_metrics_exposition.py::test_lifecycle_agents_enabled_metric_present PASSED [ 28%]
tests/agents/service_management/test_agents_start_phase.py::test_agents_start_skipped_with_no_agents_flag PASSED [ 28%]
tests/agents/service_management/test_agents_start_phase.py::test_agents_start_enabled_flags PASSED [ 28%]
tests/agents/service_management/test_agents_start_phase_unit.py::test_run_agents_start_when_skip_flag PASSED [ 28%]
tests/agents/service_management/test_agents_start_phase_unit.py::test_run_agents_start_when_flags_enabled PASSED [ 28%]
tests/agents/service_management/test_agents_start_phase_unit.py::test_run_agents_start_when_no_flags PASSED [ 28%]
tests/agents/service_management/test_cache_warm_filters_and_timeout.py::test_cache_warm_include_exclude[negative_cache_selfcheck--expect_present0-expect_absent0] PASSED [ 28%]
tests/agents/service_management/test_cache_warm_filters_and_timeout.py::test_cache_warm_include_exclude[-embedding_viability_probe-expect_present1-expect_absent1] PASSED [ 29%]
tests/agents/service_management/test_cache_warm_filters_and_timeout.py::test_cache_warm_per_warmer_timeout PASSED [ 29%]
tests/agents/service_management/test_cache_warm_metrics_exposition.py::test_per_warmer_metrics[success-expect_reason0-lifecycle_warmer_success_total] PASSED [ 29%]
tests/agents/service_management/test_cache_warm_metrics_exposition.py::test_per_warmer_metrics[failure-expect_reason1-lifecycle_warmer_failure_total] PASSED [ 29%]
tests/agents/service_management/test_cache_warm_metrics_exposition.py::test_per_warmer_metrics[slow-expect_reason2-lifecycle_warmer_slow_total] PASSED [ 29%]
tests/agents/service_management/test_cache_warm_phase_unit.py::test_cache_warm_disable_flag PASSED [ 29%]
tests/agents/service_management/test_cache_warm_phase_unit.py::test_cache_warm_forced_failure PASSED [ 29%]
tests/agents/service_management/test_cache_warm_phase_unit.py::test_cache_warm_slow PASSED [ 29%]
tests/agents/service_management/test_lifecycle_hydration_unit.py::test_hydration_merges_degraded_reasons_and_details PASSED [ 29%]
tests/agents/service_management/test_manifest_validation.py::test_validate_manifest_happy_path PASSED [ 29%]
tests/agents/service_management/test_manifest_validation.py::test_duplicate_service_name_raises PASSED [ 29%]
tests/agents/service_management/test_manifest_validation.py::test_unknown_dependency_raises PASSED [ 29%]
tests/agents/service_management/test_manifest_validation.py::test_cycle_detection_raises PASSED [ 30%]
tests/agents/service_management/test_manifest_validation.py::test_missing_mandatory_field_raises PASSED [ 30%]
tests/agents/service_management/test_manifest_validation.py::test_load_manifest_yaml PASSED [ 30%]
tests/agents/service_management/test_pid_file_plumbing.py::test_pid_file_created_and_removed PASSED [ 30%]
tests/agents/service_management/test_restart_wrapper.py::test_fail_once_without_restart PASSED [ 30%]
tests/agents/service_management/test_restart_wrapper.py::test_restart_wrapper_recovers PASSED [ 30%]
tests/agents/service_management/test_restart_wrapper.py::test_restart_giveup PASSED [ 30%]
tests/agents/service_management/test_service_start_cache_warm.py::test_cache_warm_success_only_phase PASSED [ 30%]
tests/agents/service_management/test_service_start_cache_warm.py::test_cache_warm_forced_failure_marks_degraded PASSED [ 30%]
tests/agents/service_management/test_service_start_cache_warm.py::test_cache_warm_slow_threshold_marks_degraded PASSED [ 30%]
tests/agents/service_management/test_service_start_cache_warm.py::test_cache_warm_disable_flag_noop PASSED [ 30%]
tests/agents/service_management/test_service_start_capabilities_artifact.py::test_capabilities_artifact_written PASSED [ 30%]
tests/agents/service_management/test_service_start_debug_dump.py::test_service_start_debug_dump_cache_warm_only PASSED [ 30%]
tests/agents/service_management/test_service_start_dry_run.py::test_service_start_dry_run_lists_phases PASSED [ 31%]
tests/agents/service_management/test_service_start_dry_run_schema.py::test_service_start_dry_run_json_matches_schema_minimal PASSED [ 31%]
tests/agents/service_management/test_service_start_dynamic_agent_registry.py::test_dynamic_agent_registration PASSED [ 31%]
tests/agents/service_management/test_service_start_exit_code_policy.py::test_exit_code_policy_constants_stable PASSED [ 31%]
tests/agents/service_management/test_service_start_exit_code_policy.py::test_exit_code_policy_values_unique_and_range PASSED [ 31%]
tests/agents/service_management/test_service_start_helpers.py::test_select_port_ephemeral_returns_free_port PASSED [ 31%]
tests/agents/service_management/test_service_start_helpers.py::test_probe_endpoint_returns_false_for_unbound_port PASSED [ 31%]
tests/agents/service_management/test_service_start_helpers.py::test_probe_endpoint_success_after_temp_server PASSED [ 31%]
tests/agents/service_management/test_service_start_instrumentation.py::test_phase_duration_logged[api_start] PASSED [ 31%]
tests/agents/service_management/test_service_start_instrumentation.py::test_phase_duration_logged[cache_warm] PASSED [ 31%]
tests/agents/service_management/test_service_start_instrumentation.py::test_warmer_result_lines_present PASSED [ 31%]
tests/agents/service_management/test_service_start_json_output.py::test_service_start_dry_run_json_basic PASSED [ 31%]
tests/agents/service_management/test_service_start_json_output.py::test_service_start_dry_run_json_with_manifest_hash PASSED [ 32%]
tests/agents/service_management/test_service_start_lifecycle_state.py::test_lifecycle_state_agents_and_degraded PASSED [ 32%]
tests/agents/service_management/test_service_start_lifecycle_state.py::test_lifecycle_state_ready_full_run PASSED [ 32%]
tests/agents/service_management/test_service_start_list_phases_flag.py::test_service_start_list_phases_flag_text_output PASSED [ 32%]
tests/agents/service_management/test_service_start_list_phases_flag.py::test_service_start_list_phases_supersedes_dry_run PASSED [ 32%]
tests/agents/service_management/test_service_start_metrics_tier.py::test_api_start_metrics_tier_enabled_assume_ready_bypass PASSED [ 32%]
tests/agents/service_management/test_service_start_metrics_tier.py::test_api_start_metrics_tier_probes_and_debug_logging SKIPPED [ 32%]
tests/agents/service_management/test_service_start_misc_flags.py::test_service_start_until_phase_text PASSED [ 32%]
tests/agents/service_management/test_service_start_misc_flags.py::test_service_start_invalid_phase_exit_code PASSED [ 32%]
tests/agents/service_management/test_service_start_misc_flags.py::test_api_start_success_only_phase PASSED [ 32%]
tests/agents/service_management/test_service_start_misc_flags.py::test_api_start_timeout_simulated_delay PASSED [ 32%]
tests/agents/service_management/test_service_start_misc_flags.py::test_service_start_manifest_hash_text PASSED [ 32%]
tests/agents/service_management/test_service_start_only_flag.py::test_service_start_only_single_phase_text PASSED [ 32%]
tests/agents/service_management/test_service_start_only_flag.py::test_service_start_only_single_phase_json PASSED [ 33%]
tests/agents/service_management/test_service_start_phase_timings_until_agents.py::test_until_agents_includes_preflight_cache PASSED [ 33%]
tests/agents/service_management/test_service_start_phase_trace.py::test_phase_trace_until_agents PASSED [ 33%]
tests/agents/service_management/test_service_start_preflight.py::test_preflight_only_success PASSED [ 33%]
tests/agents/service_management/test_service_start_preflight.py::test_preflight_forced_failure_exit_code_10 PASSED [ 33%]
tests/agents/service_management/test_service_start_preflight.py::test_preflight_disk_space_failure_exit_code_10 PASSED [ 33%]
tests/agents/service_management/test_service_start_preflight.py::test_preflight_only_exec_success PASSED [ 33%]
tests/agents/service_management/test_service_start_preflight_disable.py::test_preflight_disable_env_flags_allows_missing_internal_api_key PASSED [ 33%]
tests/agents/service_management/test_service_start_preflight_json.py::test_preflight_json_output_structure PASSED [ 33%]
tests/agents/service_management/test_service_start_preflight_json.py::test_preflight_json_warn_only_downgrade PASSED [ 33%]
tests/agents/service_management/test_service_start_preflight_json.py::test_preflight_json_failure_exit PASSED [ 33%]
tests/agents/service_management/test_service_start_preflight_schema.py::test_preflight_json_matches_schema PASSED [ 33%]
tests/agents/service_management/test_service_start_preflight_timeout.py::test_preflight_per_check_timeout_failure PASSED [ 33%]
tests/agents/service_management/test_service_start_preflight_timeout.py::test_preflight_per_check_timeout_warn_only PASSED [ 34%]
tests/agents/service_management/test_service_start_probe_metrics_exposition.py::test_api_start_probe_metrics_exposed SKIPPED [ 34%]
tests/agents/service_management/test_service_start_shutdown_snapshot.py::test_shutdown_snapshot_written PASSED [ 34%]
tests/agents/service_management/test_service_start_shutdown_snapshot.py::test_shutdown_timeout_warning PASSED [ 34%]
tests/agents/service_management/test_service_start_strict_mode.py::test_strict_mode_failure_on_degraded PASSED [ 34%]
tests/agents/service_management/test_service_start_strict_mode.py::test_strict_mode_success_without_degraded PASSED [ 34%]
tests/agents/service_management/test_service_start_unified_flag_config.py::test_startup_unified_flag_dataclass_list_phases_equivalence[text] PASSED [ 34%]
tests/agents/service_management/test_service_start_unified_flag_config.py::test_startup_unified_flag_dataclass_list_phases_equivalence[json] PASSED [ 34%]
tests/agents/service_management/test_service_start_unified_flag_config.py::test_startup_unified_flag_dataclass_dry_run_json_manifest_hash SKIPPED [ 34%]
tests/agents/service_management/test_shutdown_integration.py::test_stay_alive_shutdown_via_signal PASSED [ 34%]
tests/agents/system/test_diagnostic_agent.py::test_lifecycle_idempotent PASSED [ 34%]
tests/agents/system/test_diagnostic_agent.py::test_happy_path_processed_counts PASSED [ 34%]
tests/agents/system/test_diagnostic_agent.py::test_error_path_increments_error_counter_and_continues PASSED [ 35%]
tests/agents/system/test_diagnostic_agent_last_ts.py::test_last_event_ts_ms_increments_on_publish PASSED [ 35%]
tests/agents/system/test_registry_and_scheduler.py::test_unknown_agent_activate_returns_none PASSED [ 35%]
tests/agents/system/test_registry_and_scheduler.py::test_activate_idempotent_and_getters PASSED [ 35%]
tests/agents/system/test_registry_and_scheduler.py::test_schedule_requires_active PASSED [ 35%]
tests/agents/system/test_registry_and_scheduler.py::test_schedule_runs_and_stops_on_deactivate PASSED [ 35%]
tests/agents/system/test_registry_and_scheduler.py::test_deactivate_unknown_returns_false_and_cancel_counts PASSED [ 35%]
tests/agents/template/test_example_agent.py::test_example_agent_receives_event PASSED [ 35%]
tests/agents/template/test_queue_worker_agent.py::test_queue_worker_agent_drop_oldest_then_process PASSED [ 35%]
tests/agents/test_model_metadata_adapter.py::test_with_model_metadata_sets_and_restores_env PASSED [ 35%]
tests/agents/test_model_metadata_adapter.py::test_attach_model_metadata_decorator_sets_env_and_restores PASSED [ 35%]
tests/agents/test_mrp_logger.py::test_log_interaction_writes_required_and_optional_fields PASSED [ 35%]
tests/agents/test_optimization_agent.py::test_import_and_defaults PASSED [ 35%]
tests/agents/test_optimization_agent.py::test_evaluate_policy_thresholds PASSED [ 36%]
tests/agents/test_optimization_agent.py::test_evaluate_policy_metrics_branches PASSED [ 36%]
tests/agents/test_optimization_agent.py::test_subscription_and_coalescing PASSED [ 36%]
tests/agents/test_optimization_agent.py::test_apply_plan_dry_run_and_emit_controls_toggle PASSED [ 36%]
tests/agents/test_optimization_agent_apply.py::test_apply_plan_dry_run_records_and_counts PASSED [ 36%]
tests/agents/test_optimization_agent_apply.py::test_apply_plan_publishes_when_enabled PASSED [ 36%]
tests/agents/test_state_store_memory.py::test_memory_store_set_get_list_delete PASSED [ 36%]
tests/agents/test_state_store_memory.py::test_memory_store_subscriptions_emit_change_records PASSED [ 36%]
tests/agents/test_state_store_persistence.py::test_snapshot_restore_json_round_trip PASSED [ 36%]
tests/agents/test_state_store_persistence.py::test_json_file_adapter_save_and_load PASSED [ 36%]
tests/api/metrics/test_orchestrator_fallback.py::test_load_registry_data_json_and_yaml PASSED [ 36%]
tests/api/metrics/test_orchestrator_fallback.py::test_agent_names_from_registry_with_and_without_flags PASSED [ 36%]
tests/api/metrics/test_orchestrator_fallback.py::test_emit_default_agent_metrics_shape PASSED [ 37%]
tests/api/metrics/test_orchestrator_fallback.py::test_emit_fallback_from_registry_path PASSED [ 37%]
tests/api/metrics/test_restart_delay_metrics.py::test_restart_delay_histogram_lines PASSED [ 37%]
tests/api/test_agent_config_perf_endpoint.py::test_agent_config_perf_endpoint_returns_percentiles PASSED [ 37%]
tests/api/test_agent_config_reload_endpoint.py::test_happy_path_reload_add_agent PASSED [ 37%]
tests/api/test_agent_config_reload_endpoint.py::test_idempotent_second_call_no_changes PASSED [ 37%]
tests/api/test_agent_config_reload_endpoint.py::test_invalid_path_error PASSED [ 37%]
tests/api/test_agent_config_reload_endpoint.py::test_unauthorized_missing_key PASSED [ 37%]
tests/api/test_agent_config_reload_endpoint.py::test_flag_disabled PASSED [ 37%]
tests/api/test_agent_instance_metrics.py::test_agent_instance_register_heartbeat_metrics_delete SKIPPED [ 37%]
tests/api/test_agent_instance_metrics.py::test_agent_instance_duplicate_register_conflict SKIPPED [ 37%]
tests/api/test_agent_label_metrics.py::test_labeled_agent_metrics_present_and_increment PASSED [ 37%]
tests/api/test_agent_label_metrics.py::test_labeled_errors_counter_increments_on_handler_error PASSED [ 37%]
tests/api/test_alerts_router_basic.py::test_alerts_and_rules_monkeypatched PASSED [ 38%]
tests/api/test_anomaly_badges.py::test_compute_anomaly_badges_triggers_alert PASSED [ 38%]
tests/api/test_anomaly_badges.py::test_compute_anomaly_badges_insufficient_data PASSED [ 38%]
tests/api/test_app_factory_guardrails.py::test_factory_builds_app_and_routes_present PASSED [ 38%]
tests/api/test_app_factory_guardrails.py::test_metrics_emits_mandatory_lines PASSED [ 38%]
tests/api/test_cache_annotations_scaling.py::test_cache_annotation_discovery_and_scaling PASSED [ 38%]
tests/api/test_cache_bypass_and_headers.py::test_bypass_via_query_and_headers PASSED [ 38%]
tests/api/test_cache_bypass_and_headers.py::test_header_bypass_disabled_when_flag_off PASSED [ 38%]
tests/api/test_cache_headers.py::test_cache_control_present_on_core_endpoints PASSED [ 38%]
tests/api/test_cache_headers.py::test_etag_optional_and_stable_for_catalog PASSED [ 38%]
tests/api/test_cache_headers.py::test_etag_toggle_off PASSED             [ 38%]
tests/api/test_cache_hit_then_etag_304.py::test_cache_hit_then_etag_304[/ui/metrics/catalog] PASSED [ 38%]
tests/api/test_cache_hit_then_etag_304.py::test_cache_hit_then_etag_304[/ui/config] PASSED [ 38%]
tests/api/test_cache_invariants.py::test_cache_precedence_order PASSED   [ 39%]
tests/api/test_cache_invariants.py::test_sse_bypass_headers_no_304 PASSED [ 39%]
tests/api/test_cache_invariants.py::test_ui_304_sets_x_cache_bypass PASSED [ 39%]
tests/api/test_cache_invariants.py::test_cross_scope_hit_counter_zero_if_present SKIPPED [ 39%]
tests/api/test_cache_legacy_deprecation.py::test_legacy_fallback_can_be_disabled PASSED [ 39%]
tests/api/test_cache_negative_policy.py::test_negative_caching_ttl_fraction_and_refresh PASSED [ 39%]
tests/api/test_cache_negative_policy.py::test_negative_caching_404_latest_metric_hit_within_ttl_no_304 PASSED [ 39%]
tests/api/test_cache_observability.py::test_cache_metrics_and_sse_bypass_counters PASSED [ 39%]
tests/api/test_cache_observability.py::test_cache_bypass_reason_counters_increment PASSED [ 39%]
tests/api/test_charts_endpoint.py::test_resource_usage_charts_schema PASSED [ 39%]
tests/api/test_classic_endpoints.py::test_chat_returns_502_when_missing_binary_or_model PASSED [ 39%]
tests/api/test_classic_endpoints.py::test_chat_returns_408_on_timeout PASSED [ 39%]
tests/api/test_classic_speak_and_rate.py::test_speak_returns_501_when_not_configured PASSED [ 40%]
tests/api/test_classic_speak_and_rate.py::test_speak_success_when_configured PASSED [ 40%]
tests/api/test_classic_speak_and_rate.py::test_speak_failure_when_command_errors PASSED [ 40%]
tests/api/test_classic_speak_and_rate.py::test_speak_base64_returns_501_when_not_configured PASSED [ 40%]
tests/api/test_classic_speak_and_rate.py::test_speak_base64_success_reads_output_file PASSED [ 40%]
tests/api/test_classic_speak_and_rate.py::test_speak_base64_returns_500_when_output_missing PASSED [ 40%]
tests/api/test_classic_speak_and_rate.py::test_rate_limiting_enforced_after_5_requests_when_enabled PASSED [ 40%]
tests/api/test_classic_speak_and_rate.py::test_rate_limiting_disabled_when_flag_off PASSED [ 40%]
tests/api/test_diagnostic_agent_metrics.py::test_metrics_expose_diag_counters_when_auto_activated PASSED [ 40%]
tests/api/test_diagnostic_agent_metrics.py::test_diag_counters_increment_on_event_publish PASSED [ 40%]
tests/api/test_diagnostic_agent_metrics.py::test_no_value_lines_when_agent_not_active PASSED [ 40%]
tests/api/test_diagnostic_agent_metrics.py::test_auto_activated_agent_deactivates_on_shutdown PASSED [ 40%]
tests/api/test_diagnostic_agent_metrics_v2.py::test_metrics_expose_diag_counters_when_auto_activated_v2 PASSED [ 40%]
tests/api/test_diagnostic_agent_metrics_v2.py::test_diag_counters_increment_on_event_publish_v2 PASSED [ 41%]
tests/api/test_diagnostic_agent_metrics_v2.py::test_auto_activated_agent_deactivates_on_shutdown_v2 PASSED [ 41%]
tests/api/test_diagnostic_agent_overrides.py::test_diag_namespace_and_topic_filters_enforced PASSED [ 41%]
tests/api/test_diagnostic_agent_overrides.py::test_diag_topics_override_blocks_other_topics PASSED [ 41%]
tests/api/test_diagnostic_metrics_exposure.py::test_metrics_exposes_diag_counters_and_increments PASSED [ 41%]
tests/api/test_error_envelope.py::test_snapshot_health_error_envelope PASSED [ 41%]
tests/api/test_error_envelope_extra.py::test_metrics_latest_404_envelope PASSED [ 41%]
tests/api/test_error_envelope_extra.py::test_rate_limit_429_envelope PASSED [ 41%]
tests/api/test_eventbus_metrics_exposure.py::test_eventbus_metrics_increments_with_publish_and_sse PASSED [ 41%]
tests/api/test_events_bus_stats.py::test_events_bus_stats_schema PASSED  [ 41%]
tests/api/test_events_sse.py::test_sse_stream_basic_and_cleanup PASSED   [ 41%]
tests/api/test_events_sse.py::test_sse_receives_emitted_event_minimal PASSED [ 41%]
tests/api/test_events_sse.py::test_sse_burst_delivery_and_stats_update PASSED [ 42%]
tests/api/test_events_sse.py::test_sse_stream_burst_via_uvicorn_integration SKIPPED [ 42%]
tests/api/test_events_ws.py::test_ws_receives_emitted_event_minimal PASSED [ 42%]
tests/api/test_events_ws.py::test_ws_burst_delivery_and_stats_update PASSED [ 42%]
tests/api/test_events_ws.py::test_metrics_rate_limiting PASSED           [ 42%]
tests/api/test_events_ws_acl.py::test_ws_events_resubscribe_acl[dis.allowed-sub_topics0-ok.-False] PASSED [ 42%]
tests/api/test_events_ws_acl.py::test_ws_events_resubscribe_acl[ok.alpha,ok.beta-sub_topics1-ok.-True] PASSED [ 42%]
tests/api/test_events_ws_acl.py::test_ws_events_resubscribe_acl[None-sub_topics2-allow.-False] PASSED [ 42%]
tests/api/test_events_ws_resubscribe.py::test_ws_resubscribe_via_json_control_updates_filter PASSED [ 42%]
tests/api/test_governance_metrics_exposure.py::test_governance_metrics_counter_increments_for_logged_interaction PASSED [ 42%]
tests/api/test_health_alerts_ui.py::test_health_endpoints_and_alerts_and_ui_snapshot PASSED [ 42%]
tests/api/test_health_lifecycle_endpoint.py::test_health_lifecycle_endpoint_session_available PASSED [ 42%]
tests/api/test_health_lifecycle_endpoint.py::test_health_lifecycle_degraded_details_variants[False-False] PASSED [ 42%]
tests/api/test_health_lifecycle_endpoint.py::test_health_lifecycle_degraded_details_variants[True-True] PASSED [ 43%]
tests/api/test_health_lifecycle_endpoint.py::test_startup_debug_dump_contains_phase_timestamps PASSED [ 43%]
tests/api/test_health_lifecycle_endpoint.py::test_health_lifecycle_etag_304_flow PASSED [ 43%]
tests/api/test_health_lifecycle_endpoint.py::test_health_lifecycle_etag_304_flow_suppressed PASSED [ 43%]
tests/api/test_health_router_basic.py::test_health_basic_monkeypatched PASSED [ 43%]
tests/api/test_health_router_basic.py::test_health_storage_endpoint PASSED [ 43%]
tests/api/test_health_shims.py::test_health_endpoint_returns_minimal_snapshot PASSED [ 43%]
tests/api/test_health_shims.py::test_health_summary_endpoint_returns_compact_summary PASSED [ 43%]
tests/api/test_http_cache_normalize_etag.py::test_normalize_etag_variants[abc123-"abc123"] PASSED [ 43%]
tests/api/test_http_cache_normalize_etag.py::test_normalize_etag_variants["abc123"-"abc123"] PASSED [ 43%]
tests/api/test_http_cache_normalize_etag.py::test_normalize_etag_variants[W/abc123-W/"abc123"] PASSED [ 43%]
tests/api/test_http_cache_normalize_etag.py::test_normalize_etag_variants[W/ abc123-W/"abc123"] PASSED [ 43%]
tests/api/test_http_cache_normalize_etag.py::test_normalize_etag_variants[W/"abc123"-W/"abc123"] PASSED [ 44%]
tests/api/test_http_cache_normalize_etag.py::test_normalize_etag_variants[  W/  "abc123"  -W/"abc123"] PASSED [ 44%]
tests/api/test_http_cache_normalize_etag.py::test_normalize_etag_variants[-""] PASSED [ 44%]
tests/api/test_intent_metrics_exposure.py::test_intent_metrics_exposed_when_enabled PASSED [ 44%]
tests/api/test_intent_metrics_exposure.py::test_intent_metrics_dedicated_endpoint PASSED [ 44%]
tests/api/test_internal_events_stats.py::test_internal_events_stats_disabled PASSED [ 44%]
tests/api/test_internal_events_stats.py::test_internal_events_stats_enabled PASSED [ 44%]
tests/api/test_invalidation_events.py::test_sidebar_cache_invalidation_on_metric_event PASSED [ 44%]
tests/api/test_invalidation_metrics.py::test_invalidation_metrics_exposed PASSED [ 44%]
tests/api/test_invalidation_selective_and_histogram.py::test_selective_invalidation_and_histogram PASSED [ 44%]
tests/api/test_lifecycle_metrics_contract.py::test_lifecycle_metrics_contract_presence PASSED [ 44%]
tests/api/test_lifecycle_metrics_exposure.py::test_lifecycle_metrics_lines_basic PASSED [ 44%]
tests/api/test_lifecycle_metrics_exposure.py::test_ready_timestamp_metric_one_shot PASSED [ 44%]
tests/api/test_lifecycle_metrics_name_stability.py::test_lifecycle_metric_names_stable PASSED [ 45%]
tests/api/test_lifespan_bootstrap.py::test_app_boots_and_state_exposed_light_mode PASSED [ 45%]
tests/api/test_lifespan_component.py::test_lifespan_wires_state_store PASSED [ 45%]
tests/api/test_lifespan_component.py::test_lifespan_calls_setup_state_pubsub_when_enabled PASSED [ 45%]
tests/api/test_livez_readyz.py::test_livez_and_readyz_are_fast PASSED    [ 45%]
tests/api/test_memory_builder_base_dir_override.py::test_build_memory_metrics_lines_when_base_dir_overridden PASSED [ 45%]
tests/api/test_memory_metrics_exposure.py::test_memory_metrics_present_and_sane PASSED [ 45%]
tests/api/test_metrics_memory_and_cache_fallbacks.py::test_memory_metrics_stamp_fallback PASSED [ 45%]
tests/api/test_metrics_memory_and_cache_fallbacks.py::test_memory_metrics_index_json_parse_error PASSED [ 45%]
tests/api/test_metrics_memory_and_cache_fallbacks.py::test_memory_metrics_log_failure_heuristic PASSED [ 45%]
tests/api/test_metrics_memory_and_cache_fallbacks.py::test_cache_middleware_late_install_does_not_break_metrics PASSED [ 45%]
tests/api/test_metrics_router_basic.py::test_metrics_schema_version PASSED [ 45%]
tests/api/test_metrics_router_range_latest.py::test_metrics_range_and_latest_multi PASSED [ 45%]
tests/api/test_metrics_schema_version_shim.py::test_metrics_schema_version_when_table_absent PASSED [ 46%]
tests/api/test_metrics_schema_version_shim.py::test_metrics_schema_version_when_table_present PASSED [ 46%]
tests/api/test_metrics_token_auth.py::test_metrics_requires_token_when_configured PASSED [ 46%]
tests/api/test_middleware_lifecycle.py::test_cache_middleware_absent_on_raw_fastapi_app PASSED [ 46%]
tests/api/test_middleware_lifecycle.py::test_cache_middleware_present_after_build PASSED [ 46%]
tests/api/test_model_selection_histogram_and_endpoint.py::test_model_selection_dedicated_endpoint_and_histogram_lines PASSED [ 46%]
tests/api/test_model_selection_histogram_and_endpoint.py::test_model_selection_histogram_lines_present_in_metrics PASSED [ 46%]
tests/api/test_model_selection_metrics_exposure.py::test_model_selection_metrics_exposed_when_chat_autoselects PASSED [ 46%]
tests/api/test_models_status.py::test_models_status_endpoint_builds PASSED [ 46%]
tests/api/test_negative_and_invalidation_flow.py::test_negative_alerts_summary_and_invalidation PASSED [ 46%]
tests/api/test_negative_if_none_match_bypass_guard.py::test_if_none_match_does_not_bypass_negative_paths PASSED [ 46%]
tests/api/test_optimization_agent_metrics.py::test_no_value_lines_when_opt_agent_not_enabled PASSED [ 46%]
tests/api/test_optimization_agent_metrics.py::test_opt_metrics_lines_present_when_flag_enabled PASSED [ 47%]
tests/api/test_optimization_agent_metrics.py::test_opt_counters_increment_on_event_publish PASSED [ 47%]
tests/api/test_planned_metrics_exposure.py::test_cache_bypass_reason_query PASSED [ 47%]
tests/api/test_planned_metrics_exposure.py::test_sse_bypass_counter PASSED [ 47%]
tests/api/test_planned_metrics_exposure.py::test_ui_etag_304_total_increments PASSED [ 47%]
tests/api/test_planned_metrics_exposure.py::test_metrics_auth_fail_total PASSED [ 47%]
tests/api/test_planned_metrics_exposure.py::test_metrics_auth_variants_accept_and_reject PASSED [ 47%]
tests/api/test_readiness_and_realtime_flags.py::test_livez_bypass_increments_cache_bypass_counter PASSED [ 47%]
tests/api/test_readiness_and_realtime_flags.py::test_realtime_router_included_when_flag_enabled PASSED [ 47%]
tests/api/test_rollout_flags_toggle_safety.py::test_endpoints_ok_with_all_flags_off PASSED [ 47%]
tests/api/test_rollout_flags_toggle_safety.py::test_endpoints_ok_with_agent_flag_without_orchestrator PASSED [ 47%]
tests/api/test_rollout_flags_toggle_safety.py::test_orchestrator_enabled_exposes_orchestrator_metrics PASSED [ 47%]
tests/api/test_rollout_flags_toggle_safety.py::test_orchestrator_enabled_without_agents_fallback PASSED [ 47%]
tests/api/test_rollout_flags_toggle_safety.py::test_enabling_micro_agent_flags_keeps_endpoints_ok[ENABLE_MEMORY_REFRESH_AGENT] PASSED [ 48%]
tests/api/test_rollout_flags_toggle_safety.py::test_enabling_micro_agent_flags_keeps_endpoints_ok[ENABLE_STORAGE_RETENTION_AGENT] PASSED [ 48%]
tests/api/test_rollout_flags_toggle_safety.py::test_enabling_micro_agent_flags_keeps_endpoints_ok[ENABLE_UI_CONTRACTS_AGENT] PASSED [ 48%]
tests/api/test_rollout_flags_toggle_safety.py::test_optimization_apply_alone_has_no_effect PASSED [ 48%]
tests/api/test_route_contract.py::test_route_contract_and_ui_etags PASSED [ 48%]
tests/api/test_rules_hash_present_metric.py::test_rules_hash_present_metric_exposed_and_one PASSED [ 48%]
tests/api/test_server_entrypoint_thin.py::test_entrypoint_builds_app_default PASSED [ 48%]
tests/api/test_server_entrypoint_thin.py::test_entrypoint_builds_app_when_factory_disabled PASSED [ 48%]
tests/api/test_server_factory_cache_controls.py::test_cache_middleware_installed_by_default PASSED [ 48%]
tests/api/test_server_factory_cache_controls.py::test_cache_middleware_respects_disable_flag PASSED [ 48%]
tests/api/test_server_factory_internal_cache_stats.py::test_internal_cache_stats_endpoint_ok PASSED [ 48%]
tests/api/test_server_factory_internal_cache_stats.py::test_metrics_includes_cache_and_memory_lines PASSED [ 48%]
tests/api/test_shutdown_metrics.py::test_shutdown_metrics_basic PASSED   [ 49%]
tests/api/test_standards_metrics_exposure.py::test_standards_metrics_basic PASSED [ 49%]
tests/api/test_startup_middleware.py::test_malformed_path_guard_blocks_encoded_pipes PASSED [ 49%]
tests/api/test_state_admin_persist.py::test_state_persist_store_unavailable PASSED [ 49%]
tests/api/test_state_admin_persist.py::test_state_persist_all_vs_list PASSED [ 49%]
tests/api/test_status_summary_restored.py::test_status_returns_snapshot PASSED [ 49%]
tests/api/test_status_summary_restored.py::test_summary_returns_last_response_and_uptime PASSED [ 49%]
tests/api/test_status_summary_restored.py::test_malformed_pipeline_path_returns_400 PASSED [ 49%]
tests/api/test_ui_alerts_summary.py::test_alerts_summary PASSED          [ 49%]
tests/api/test_ui_composites.py::test_ui_config_etag_and_shape PASSED    [ 49%]
tests/api/test_ui_composites.py::test_ui_metrics_catalog_etag_and_shape PASSED [ 49%]
tests/api/test_ui_composites.py::test_ui_sidebar_snapshot_etag_and_shape PASSED [ 49%]
tests/api/test_ui_composites_server.py::test_ui_config_with_etag_304 PASSED [ 49%]
tests/api/test_ui_composites_server.py::test_ui_metrics_catalog_with_etag_304 PASSED [ 50%]
tests/api/test_ui_composites_server.py::test_ui_sidebar_snapshot_with_etag_304 PASSED [ 50%]
tests/api/test_ui_config_endpoint.py::test_ui_config_sanitized PASSED    [ 50%]
tests/api/test_ui_dashboard_instrumentation.py::test_dashboard_render_metrics_record_views PASSED [ 50%]
tests/api/test_ui_dashboard_instrumentation.py::test_dashboard_notify_events_on_errors PASSED [ 50%]
tests/api/test_ui_data_facade.py::test_build_sidebar_snapshot_basic PASSED [ 50%]
tests/api/test_ui_data_facade.py::test_build_sidebar_snapshot_sections_toggle PASSED [ 50%]
tests/api/test_ui_etag_endpoints.py::test_etag_catalog_and_config PASSED [ 50%]
tests/api/test_ui_metrics_catalog.py::test_metrics_catalog_basic PASSED  [ 50%]
tests/api/test_ui_metrics_catalog.py::test_metrics_contract_doc_lists_advanced_metrics PASSED [ 50%]
tests/api/test_ui_metrics_catalog.py::test_advanced_metrics_exposed_when_flag_enabled PASSED [ 50%]
tests/api/test_ui_models.py::test_metric_catalog_entry_defaults PASSED   [ 50%]
tests/api/test_ui_models.py::test_sidebar_snapshot_defaults PASSED       [ 50%]
tests/api/test_ui_models.py::test_alerts_summary_model PASSED            [ 51%]
tests/api/test_ui_performance_dashboard.py::test_build_dashboard_payload_anomaly_states[5.0-alert-1-True] PASSED [ 51%]
tests/api/test_ui_performance_dashboard.py::test_build_dashboard_payload_anomaly_states[101.0-ok-0-False] PASSED [ 51%]
tests/api/test_ui_performance_dashboard.py::test_build_dashboard_payload_swallows_toast_errors PASSED [ 51%]
tests/api/test_ui_schema_endpoint.py::test_ui_schema_contract_payload PASSED [ 51%]
tests/api/test_ui_schema_versions.py::test_historical_trend_serialization_latest_and_legacy PASSED [ 51%]
tests/api/test_ui_schema_versions.py::test_model_comparison_serialization_and_validation PASSED [ 51%]
tests/api/test_ui_schema_versions.py::test_performance_dashboard_serialization_and_legacy PASSED [ 51%]
tests/api/test_ui_sidebar_snapshot.py::test_full_snapshot_and_since_hash PASSED [ 51%]
tests/api/test_ui_sidebar_snapshot.py::test_alerts_only PASSED           [ 51%]
tests/api/test_ui_sidebar_snapshot.py::test_etag_304 PASSED              [ 51%]
tests/api/test_ui_snapshot_etag_strength.py::test_snapshot_etag_is_weak_when_health_included PASSED [ 51%]
tests/api/test_ui_snapshot_etag_strength.py::test_snapshot_etag_is_strong_when_health_excluded PASSED [ 52%]
tests/api/test_ui_snapshot_sincehash_omit.py::test_snapshot_since_hash_omits_sections PASSED [ 52%]
tests/api/test_ui_trends.py::test_historical_trend_hourly_payload PASSED [ 52%]
tests/api/test_ui_trends.py::test_historical_trend_fallback_to_raw_when_rollup_missing PASSED [ 52%]
tests/api/test_ui_trends.py::test_historical_trend_requires_metric PASSED [ 52%]
tests/api/test_ui_ws_metrics_exposure.py::test_ui_ws_counters_increment_on_connect_and_ping SKIPPED [ 52%]
tests/api/test_ws_chat.py::test_ws_chat_stream_happy_path PASSED         [ 52%]
tests/api/test_ws_chat.py::test_ws_chat_auth_enforced_when_api_key_set PASSED [ 52%]
tests/api/test_ws_chat.py::test_ws_chat_rate_limit_parity_emits_error PASSED [ 52%]
tests/api/test_ws_chat.py::test_ws_chat_idle_and_session_timeout_paths PASSED [ 52%]
tests/api/test_ws_chat.py::test_ws_chat_backpressure_many_small_deltas_when_low_threshold PASSED [ 52%]
tests/api/test_ws_chat.py::test_ws_chat_backpressure_fewer_deltas_when_large_threshold PASSED [ 52%]
tests/api/test_ws_chat.py::test_ws_chat_offline_guard_blocked XFAIL      [ 52%]
tests/api/test_ws_chat_contract_fake.py::test_ws_fake_happy_path_ack_delta_done PASSED [ 53%]
tests/api/test_ws_chat_contract_fake.py::test_ws_fake_idle_soft_emits_once PASSED [ 53%]
tests/api/test_ws_chat_contract_fake.py::test_ws_fake_idle_hard_timeout PASSED [ 53%]
tests/api/test_ws_chat_contract_fake.py::test_ws_fake_cancel PASSED      [ 53%]
tests/api/test_ws_chat_contract_fake.py::test_ws_fake_done_contains_elapsed_and_usage PASSED [ 53%]
tests/api/test_ws_chat_llama_stub.py::test_ws_llama_stub_ack_delta_done PASSED [ 53%]
tests/api/test_ws_chat_llama_stub.py::test_ws_llama_stub_timeout_hard PASSED [ 53%]
tests/api/test_ws_chat_llama_stub.py::test_ws_llama_stub_cancel PASSED   [ 53%]
tests/api/test_ws_metrics_messages.py::test_ws_messages_counters_increment PASSED [ 53%]
tests/api/test_ws_ui_scaffold.py::test_ws_ui_basic SKIPPED (websocke...) [ 53%]
tests/api/ui/test_builders_catalog.py::test_compute_metrics_catalog_aggregates_and_sorts PASSED [ 53%]
tests/api/ui/test_builders_config.py::test_build_ui_config_payload_normalizes_and_hashes PASSED [ 53%]
tests/api/ui/test_ui_cache_ttl.py::test_ui_cache_control_ttls_and_304_preserve_header PASSED [ 54%]
tests/api/ui/test_ui_controls.py::test_control_model_select_emits_event PASSED [ 54%]
tests/api/ui/test_ui_controls.py::test_control_benchmark_enqueue_returns_token_and_event PASSED [ 54%]
tests/api/ui/test_ui_events_sse.py::test_ui_events_sse_smoke_head_and_get PASSED [ 54%]
tests/api/ui/test_ui_handlers_api.py::test_ui_config_etag_304_and_counter PASSED [ 54%]
tests/api/ui/test_ui_handlers_api.py::test_sidebar_since_hash_minimal_body PASSED [ 54%]
tests/api/ui/test_ui_status_preview.py::test_ui_status_basic_and_304 PASSED [ 54%]
tests/api/ui/test_ui_status_preview.py::test_ui_metrics_preview_basic_and_304 PASSED [ 54%]
tests/cache_unit/test_bypass.py::test_bypass_query_and_header PASSED     [ 54%]
tests/cache_unit/test_bypass.py::test_bypass_if_none_match_and_global PASSED [ 54%]
tests/cache_unit/test_bypass.py::test_bypass_precedence_and_unknown_headers PASSED [ 54%]
tests/cache_unit/test_invalidation.py::test_invalidation_bump_and_suffix PASSED [ 54%]
tests/cache_unit/test_invalidation.py::test_token_suffix_changes_after_bump PASSED [ 54%]
tests/cache_unit/test_invalidation.py::test_shared_store_consistency_and_separation PASSED [ 55%]
tests/cache_unit/test_invalidation.py::test_bump_is_monotonic_for_same_path PASSED [ 55%]
tests/cache_unit/test_key_builder.py::test_build_key_deterministic_order PASSED [ 55%]
tests/cache_unit/test_key_builder.py::test_build_key_strategy_and_vary PASSED [ 55%]
tests/cache_unit/test_key_builder.py::test_build_key_invalidation_suffix PASSED [ 55%]
tests/cache_unit/test_legacy_cache_fallbacks.py::test_legacy_detect_sse_response[text/event-stream-/metrics-True] PASSED [ 55%]
tests/cache_unit/test_legacy_cache_fallbacks.py::test_legacy_detect_sse_response[application/json-/metrics/events/stream-True] PASSED [ 55%]
tests/cache_unit/test_legacy_cache_fallbacks.py::test_legacy_detect_sse_response[application/json-/metrics-False] PASSED [ 55%]
tests/cache_unit/test_legacy_cache_fallbacks.py::test_fallback_bypass_reason[env_values0-headers0-query0-global_disable] PASSED [ 55%]
tests/cache_unit/test_legacy_cache_fallbacks.py::test_fallback_bypass_reason[env_values1-headers1-query1-query] PASSED [ 55%]
tests/cache_unit/test_legacy_cache_fallbacks.py::test_fallback_bypass_reason[env_values2-headers2-query2-header] PASSED [ 55%]
tests/cache_unit/test_legacy_cache_fallbacks.py::test_fallback_bypass_reason[env_values3-headers3-query3-if_none_match] PASSED [ 55%]
tests/cache_unit/test_legacy_cache_fallbacks.py::test_fallback_bypass_reason[env_values4-headers4-query4-None] PASSED [ 55%]
tests/cache_unit/test_legacy_cache_fallbacks.py::test_parse_internal_key_mapping_supports_star PASSED [ 56%]
tests/cache_unit/test_legacy_cache_fallbacks.py::test_resolve_scopes_for_key[k1-mapping0-legacy-expected0] PASSED [ 56%]
tests/cache_unit/test_legacy_cache_fallbacks.py::test_resolve_scopes_for_key[None-mapping1-legacy-expected1] PASSED [ 56%]
tests/cache_unit/test_legacy_cache_fallbacks.py::test_resolve_scopes_for_key[legacy-None-legacy-expected2] PASSED [ 56%]
tests/cache_unit/test_legacy_cache_fallbacks.py::test_resolve_scopes_for_key[other-None-legacy-None] PASSED [ 56%]
tests/cache_unit/test_legacy_cache_fallbacks.py::test_resolve_scopes_for_key[x-None-None-expected4] PASSED [ 56%]
tests/cache_unit/test_legacy_cache_fallbacks.py::test_strategy_tokens_handles_headers PASSED [ 56%]
tests/cache_unit/test_legacy_cache_fallbacks.py::test_inmemory_lru_respects_env_override PASSED [ 56%]
tests/cache_unit/test_legacy_cache_fallbacks.py::test_inmemory_lru_reuses_existing_hits PASSED [ 56%]
tests/cache_unit/test_legacy_cache_fallbacks.py::test_redis_backend_get_miss_on_missing_data PASSED [ 56%]
tests/cache_unit/test_legacy_cache_fallbacks.py::test_redis_backend_get_returns_entry PASSED [ 56%]
tests/cache_unit/test_legacy_cache_fallbacks.py::test_redis_backend_get_expires_entry PASSED [ 56%]
tests/cache_unit/test_legacy_cache_fallbacks.py::test_redis_backend_set_serializes_payload PASSED [ 57%]
tests/cache_unit/test_legacy_cache_fallbacks.py::test_normalize_negative_query_fallback_removes_control_params PASSED [ 57%]
tests/cache_unit/test_legacy_cache_fallbacks.py::test_normalize_negative_query_fallback_handles_empty_input PASSED [ 57%]
tests/cache_unit/test_legacy_cache_fallbacks.py::test_normalize_negative_query_fallback_tolerates_non_string_input PASSED [ 57%]
tests/cache_unit/test_memory_backend.py::test_lru_eviction_and_stats PASSED [ 57%]
tests/cache_unit/test_memory_backend.py::test_overwrite_carries_hits PASSED [ 57%]
tests/cache_unit/test_memory_backend.py::test_capacity_runtime_shrink PASSED [ 57%]
tests/cache_unit/test_metrics_counters.py::test_inc_bypass_normalization_and_unknown PASSED [ 57%]
tests/cache_unit/test_metrics_counters.py::test_sse_counters_increment_locally PASSED [ 57%]
tests/cache_unit/test_metrics_counters.py::test_get_runtime_counters_merges_shared_and_local PASSED [ 57%]
tests/cache_unit/test_negative_cache.py::test_is_structurally_empty_covers_common_cases PASSED [ 57%]
tests/cache_unit/test_negative_cache.py::test_compute_negative_expiry_floor_and_fraction PASSED [ 57%]
tests/cache_unit/test_negative_cache.py::test_normalize_query_removes_internal_tokens PASSED [ 57%]
tests/cache_unit/test_policy.py::test_compute_effective_ttl_scales_and_clamps PASSED [ 58%]
tests/cache_unit/test_policy.py::test_compute_negative_expiry_fraction_and_floor PASSED [ 58%]
tests/cache_unit/test_policy.py::test_normalize_etag_handles_raw_quoted_and_weak PASSED [ 58%]
tests/cache_unit/test_policy.py::test_etag_not_modified_accepts_multi_and_weak PASSED [ 58%]
tests/cache_unit/test_policy.py::test_policy_should_bypass_delegates_to_bypass_module PASSED [ 58%]
tests/cache_unit/test_sse_helpers.py::test_is_sse_response_by_content_type_and_path PASSED [ 58%]
tests/cache_unit/test_sse_helpers.py::test_mark_sse_bypass_sets_header_and_metrics PASSED [ 58%]
tests/docs/test_anchor_checker.py::test_anchor_checker_script_runs_clean PASSED [ 58%]
tests/docs/test_backfill_docs.py::test_readme_mentions_backfill_section PASSED [ 58%]
tests/docs/test_config_quickstart_doc.py::test_quickstart_contains_required_heading[## Overview] PASSED [ 58%]
tests/docs/test_config_quickstart_doc.py::test_quickstart_contains_required_heading[## Environment Flags (Core)] PASSED [ 58%]
tests/docs/test_config_quickstart_doc.py::test_quickstart_contains_required_heading[## Metrics (Canonical Names)] PASSED [ 58%]
tests/docs/test_config_quickstart_doc.py::test_quickstart_contains_required_heading[## Basic Workflow] PASSED [ 59%]
tests/docs/test_config_quickstart_doc.py::test_quickstart_contains_required_heading[## Includes Layering] PASSED [ 59%]
tests/docs/test_config_quickstart_doc.py::test_quickstart_contains_required_heading[## Deprecation Handling] PASSED [ 59%]
tests/docs/test_config_quickstart_doc.py::test_quickstart_contains_required_heading[## Secret Redaction] PASSED [ 59%]
tests/docs/test_config_quickstart_doc.py::test_quickstart_contains_required_heading[## Performance & Percentiles] PASSED [ 59%]
tests/docs/test_config_quickstart_doc.py::test_quickstart_contains_required_heading[## Troubleshooting] PASSED [ 59%]
tests/docs/test_config_quickstart_doc.py::test_quickstart_contains_required_heading[## FAQ] PASSED [ 59%]
tests/docs/test_config_quickstart_doc.py::test_readme_links_quickstart PASSED [ 59%]
tests/docs/test_config_quickstart_doc.py::test_metrics_table_contains_core_metric_examples PASSED [ 59%]
tests/docs/test_config_quickstart_doc.py::test_validation_checklist_present PASSED [ 59%]
tests/docs/test_config_quickstart_doc.py::test_no_todo_brackets_left PASSED [ 59%]
tests/docs/test_config_quickstart_doc.py::test_anchor_slug_stability PASSED [ 59%]
[...]

tests/lint/test_no_cache_impl_imports.py::test_no_imports_of_api_cache_impl
  Enable tracemalloc to get traceback where the object was allocated.
  See https://docs.pytest.org/en/stable/how-to/capture-warnings.html#resource-warnings for more info.

tests/lint/test_no_cache_impl_imports.py::test_no_imports_of_api_cache_impl
  Enable tracemalloc to get traceback where the object was allocated.
  See https://docs.pytest.org/en/stable/how-to/capture-warnings.html#resource-warnings for more info.

tests/lint/test_no_cache_impl_imports.py::test_no_imports_of_api_cache_impl
  Enable tracemalloc to get traceback where the object was allocated.
  See https://docs.pytest.org/en/stable/how-to/capture-warnings.html#resource-warnings for more info.

tests/lint/test_no_cache_impl_imports.py::test_no_imports_of_api_cache_impl
  Enable tracemalloc to get traceback where the object was allocated.
  See https://docs.pytest.org/en/stable/how-to/capture-warnings.html#resource-warnings for more info.

tests/lint/test_no_cache_impl_imports.py::test_no_imports_of_api_cache_impl
  Enable tracemalloc to get traceback where the object was allocated.
  See https://docs.pytest.org/en/stable/how-to/capture-warnings.html#resource-warnings for more info.

tests/lint/test_no_cache_impl_imports.py::test_no_imports_of_api_cache_impl
  Enable tracemalloc to get traceback where the object was allocated.
  See https://docs.pytest.org/en/stable/how-to/capture-warnings.html#resource-warnings for more info.

tests/lint/test_no_cache_impl_imports.py::test_no_imports_of_api_cache_impl
  Enable tracemalloc to get traceback where the object was allocated.
  See https://docs.pytest.org/en/stable/how-to/capture-warnings.html#resource-warnings for more info.

tests/lint/test_no_cache_impl_imports.py::test_no_imports_of_api_cache_impl
  Enable tracemalloc to get traceback where the object was allocated.
  See https://docs.pytest.org/en/stable/how-to/capture-warnings.html#resource-warnings for more info.

tests/lint/test_no_cache_impl_imports.py::test_no_imports_of_api_cache_impl
  Enable tracemalloc to get traceback where the object was allocated.
  See https://docs.pytest.org/en/stable/how-to/capture-warnings.html#resource-warnings for more info.

tests/lint/test_no_cache_impl_imports.py::test_no_imports_of_api_cache_impl
  Enable tracemalloc to get traceback where the object was allocated.
  See https://docs.pytest.org/en/stable/how-to/capture-warnings.html#resource-warnings for more info.

tests/lint/test_no_cache_impl_imports.py::test_no_imports_of_api_cache_impl
  Enable tracemalloc to get traceback where the object was allocated.
  See https://docs.pytest.org/en/stable/how-to/capture-warnings.html#resource-warnings for more info.

tests/lint/test_no_cache_impl_imports.py::test_no_imports_of_api_cache_impl
  Enable tracemalloc to get traceback where the object was allocated.
  See https://docs.pytest.org/en/stable/how-to/capture-warnings.html#resource-warnings for more info.

tests/lint/test_no_cache_impl_imports.py::test_no_imports_of_api_cache_impl
  Enable tracemalloc to get traceback where the object was allocated.
  See https://docs.pytest.org/en/stable/how-to/capture-warnings.html#resource-warnings for more info.

tests/lint/test_no_cache_impl_imports.py::test_no_imports_of_api_cache_impl
  Enable tracemalloc to get traceback where the object was allocated.
  See https://docs.pytest.org/en/stable/how-to/capture-warnings.html#resource-warnings for more info.

tests/lint/test_no_cache_impl_imports.py::test_no_imports_of_api_cache_impl
  Enable tracemalloc to get traceback where the object was allocated.
  See https://docs.pytest.org/en/stable/how-to/capture-warnings.html#resource-warnings for more info.

tests/lint/test_no_cache_impl_imports.py::test_no_imports_of_api_cache_impl
  Enable tracemalloc to get traceback where the object was allocated.
  See https://docs.pytest.org/en/stable/how-to/capture-warnings.html#resource-warnings for more info.

tests/lint/test_no_cache_impl_imports.py::test_no_imports_of_api_cache_impl
  Enable tracemalloc to get traceback where the object was allocated.
  See https://docs.pytest.org/en/stable/how-to/capture-warnings.html#resource-warnings for more info.

tests/lint/test_no_cache_impl_imports.py::test_no_imports_of_api_cache_impl
  Enable tracemalloc to get traceback where the object was allocated.
  See https://docs.pytest.org/en/stable/how-to/capture-warnings.html#resource-warnings for more info.

tests/lint/test_no_cache_impl_imports.py::test_no_imports_of_api_cache_impl
  Enable tracemalloc to get traceback where the object was allocated.
  See https://docs.pytest.org/en/stable/how-to/capture-warnings.html#resource-warnings for more info.

tests/lint/test_no_cache_impl_imports.py::test_no_imports_of_api_cache_impl
  Enable tracemalloc to get traceback where the object was allocated.
  See https://docs.pytest.org/en/stable/how-to/capture-warnings.html#resource-warnings for more info.

tests/lint/test_no_cache_impl_imports.py::test_no_imports_of_api_cache_impl
  Enable tracemalloc to get traceback where the object was allocated.
  See https://docs.pytest.org/en/stable/how-to/capture-warnings.html#resource-warnings for more info.

tests/lint/test_no_cache_impl_imports.py::test_no_imports_of_api_cache_impl
  Enable tracemalloc to get traceback where the object was allocated.
  See https://docs.pytest.org/en/stable/how-to/capture-warnings.html#resource-warnings for more info.

tests/lint/test_no_cache_impl_imports.py::test_no_imports_of_api_cache_impl
  Enable tracemalloc to get traceback where the object was allocated.
  See https://docs.pytest.org/en/stable/how-to/capture-warnings.html#resource-warnings for more info.

tests/lint/test_no_cache_impl_imports.py::test_no_imports_of_api_cache_impl
  Enable tracemalloc to get traceback where the object was allocated.
  See https://docs.pytest.org/en/stable/how-to/capture-warnings.html#resource-warnings for more info.

tests/lint/test_no_cache_impl_imports.py::test_no_imports_of_api_cache_impl
  Enable tracemalloc to get traceback where the object was allocated.
  See https://docs.pytest.org/en/stable/how-to/capture-warnings.html#resource-warnings for more info.

tests/lint/test_no_cache_impl_imports.py::test_no_imports_of_api_cache_impl
  Enable tracemalloc to get traceback where the object was allocated.
  See https://docs.pytest.org/en/stable/how-to/capture-warnings.html#resource-warnings for more info.

tests/lint/test_no_cache_impl_imports.py::test_no_imports_of_api_cache_impl
  Enable tracemalloc to get traceback where the object was allocated.
  See https://docs.pytest.org/en/stable/how-to/capture-warnings.html#resource-warnings for more info.

tests/lint/test_no_cache_impl_imports.py::test_no_imports_of_api_cache_impl
  Enable tracemalloc to get traceback where the object was allocated.
  See https://docs.pytest.org/en/stable/how-to/capture-warnings.html#resource-warnings for more info.

tests/lint/test_no_cache_impl_imports.py::test_no_imports_of_api_cache_impl
  Enable tracemalloc to get traceback where the object was allocated.
  See https://docs.pytest.org/en/stable/how-to/capture-warnings.html#resource-warnings for more info.

tests/lint/test_no_cache_impl_imports.py::test_no_imports_of_api_cache_impl
  Enable tracemalloc to get traceback where the object was allocated.
  See https://docs.pytest.org/en/stable/how-to/capture-warnings.html#resource-warnings for more info.

tests/lint/test_no_cache_impl_imports.py::test_no_imports_of_api_cache_impl
  Enable tracemalloc to get traceback where the object was allocated.
  See https://docs.pytest.org/en/stable/how-to/capture-warnings.html#resource-warnings for more info.

tests/lint/test_no_cache_impl_imports.py::test_no_imports_of_api_cache_impl
  Enable tracemalloc to get traceback where the object was allocated.
  See https://docs.pytest.org/en/stable/how-to/capture-warnings.html#resource-warnings for more info.

tests/lint/test_no_cache_impl_imports.py::test_no_imports_of_api_cache_impl
  Enable tracemalloc to get traceback where the object was allocated.
  See https://docs.pytest.org/en/stable/how-to/capture-warnings.html#resource-warnings for more info.

tests/lint/test_no_cache_impl_imports.py::test_no_imports_of_api_cache_impl
  Enable tracemalloc to get traceback where the object was allocated.
  See https://docs.pytest.org/en/stable/how-to/capture-warnings.html#resource-warnings for more info.

tests/lint/test_no_cache_impl_imports.py::test_no_imports_of_api_cache_impl
  Enable tracemalloc to get traceback where the object was allocated.
  See https://docs.pytest.org/en/stable/how-to/capture-warnings.html#resource-warnings for more info.

tests/lint/test_no_cache_impl_imports.py::test_no_imports_of_api_cache_impl
  Enable tracemalloc to get traceback where the object was allocated.
  See https://docs.pytest.org/en/stable/how-to/capture-warnings.html#resource-warnings for more info.

tests/lint/test_no_cache_impl_imports.py::test_no_imports_of_api_cache_impl
  Enable tracemalloc to get traceback where the object was allocated.
  See https://docs.pytest.org/en/stable/how-to/capture-warnings.html#resource-warnings for more info.

tests/lint/test_no_cache_impl_imports.py::test_no_imports_of_api_cache_impl
  Enable tracemalloc to get traceback where the object was allocated.
  See https://docs.pytest.org/en/stable/how-to/capture-warnings.html#resource-warnings for more info.

tests/lint/test_no_cache_impl_imports.py::test_no_imports_of_api_cache_impl
  Enable tracemalloc to get traceback where the object was allocated.
  See https://docs.pytest.org/en/stable/how-to/capture-warnings.html#resource-warnings for more info.

tests/lint/test_no_cache_impl_imports.py::test_no_imports_of_api_cache_impl
  Enable tracemalloc to get traceback where the object was allocated.
  See https://docs.pytest.org/en/stable/how-to/capture-warnings.html#resource-warnings for more info.

tests/lint/test_no_cache_impl_imports.py::test_no_imports_of_api_cache_impl
  Enable tracemalloc to get traceback where the object was allocated.
  See https://docs.pytest.org/en/stable/how-to/capture-warnings.html#resource-warnings for more info.

tests/lint/test_no_cache_impl_imports.py::test_no_imports_of_api_cache_impl
  Enable tracemalloc to get traceback where the object was allocated.
  See https://docs.pytest.org/en/stable/how-to/capture-warnings.html#resource-warnings for more info.

tests/lint/test_no_cache_impl_imports.py::test_no_imports_of_api_cache_impl
  Enable tracemalloc to get traceback where the object was allocated.
  See https://docs.pytest.org/en/stable/how-to/capture-warnings.html#resource-warnings for more info.

tests/lint/test_no_cache_impl_imports.py::test_no_imports_of_api_cache_impl
  Enable tracemalloc to get traceback where the object was allocated.
  See https://docs.pytest.org/en/stable/how-to/capture-warnings.html#resource-warnings for more info.

tests/lint/test_no_cache_impl_imports.py::test_no_imports_of_api_cache_impl
  Enable tracemalloc to get traceback where the object was allocated.
  See https://docs.pytest.org/en/stable/how-to/capture-warnings.html#resource-warnings for more info.

tests/lint/test_no_cache_impl_imports.py::test_no_imports_of_api_cache_impl
  Enable tracemalloc to get traceback where the object was allocated.
  See https://docs.pytest.org/en/stable/how-to/capture-warnings.html#resource-warnings for more info.

tests/lint/test_no_cache_impl_imports.py::test_no_imports_of_api_cache_impl
  Enable tracemalloc to get traceback where the object was allocated.
  See https://docs.pytest.org/en/stable/how-to/capture-warnings.html#resource-warnings for more info.

tests/lint/test_no_cache_impl_imports.py::test_no_imports_of_api_cache_impl
  Enable tracemalloc to get traceback where the object was allocated.
  See https://docs.pytest.org/en/stable/how-to/capture-warnings.html#resource-warnings for more info.

tests/lint/test_no_cache_impl_imports.py::test_no_imports_of_api_cache_impl
  Enable tracemalloc to get traceback where the object was allocated.
  See https://docs.pytest.org/en/stable/how-to/capture-warnings.html#resource-warnings for more info.

tests/lint/test_no_cache_impl_imports.py::test_no_imports_of_api_cache_impl
  Enable tracemalloc to get traceback where the object was allocated.
  See https://docs.pytest.org/en/stable/how-to/capture-warnings.html#resource-warnings for more info.

tests/lint/test_no_cache_impl_imports.py::test_no_imports_of_api_cache_impl
  Enable tracemalloc to get traceback where the object was allocated.
  See https://docs.pytest.org/en/stable/how-to/capture-warnings.html#resource-warnings for more info.

tests/lint/test_no_cache_impl_imports.py::test_no_imports_of_api_cache_impl
  Enable tracemalloc to get traceback where the object was allocated.
  See https://docs.pytest.org/en/stable/how-to/capture-warnings.html#resource-warnings for more info.

tests/lint/test_no_cache_impl_imports.py::test_no_imports_of_api_cache_impl
  Enable tracemalloc to get traceback where the object was allocated.
  See https://docs.pytest.org/en/stable/how-to/capture-warnings.html#resource-warnings for more info.

-- Docs: https://docs.pytest.org/en/stable/how-to/capture-warnings.html
- generated xml file: /home/founder/jarvis2/.repo_studios/pytest_logs/junit_2025-10-13_1041.xml -
================================ tests coverage ================================
_______________ coverage: platform linux, python 3.13.5-final-0 ________________

Coverage HTML written to dir /home/founder/jarvis2/.repo_studios/pytest_logs/coverage_html_2025-10-13_1041
Coverage XML written to file /home/founder/jarvis2/.repo_studios/pytest_logs/coverage_2025-10-13_1041.xml
============================= slowest 25 durations =============================
9.39s call     .repo_studios/tests/test_health_suite_orchestrator.py::test_orchestrator_includes_typecheck_step
8.15s call     tests/api/test_model_selection_histogram_and_endpoint.py::test_model_selection_dedicated_endpoint_and_histogram_lines
7.88s call     tests/api/test_eventbus_metrics_exposure.py::test_eventbus_metrics_increments_with_publish_and_sse
6.67s call     tests/lint/test_no_cache_impl_imports.py::test_no_imports_of_api_cache_impl
6.25s call     tests/api/test_ws_chat.py::test_ws_chat_auth_enforced_when_api_key_set
5.82s call     tests/agents/service_management/test_service_start_metrics_tier.py::test_api_start_metrics_tier_probes_and_debug_logging
5.77s call     tests/agents/service_management/test_service_start_probe_metrics_exposition.py::test_api_start_probe_metrics_exposed
5.57s call     tests/agents/service_management/test_service_start_shutdown_snapshot.py::test_shutdown_timeout_warning
3.97s call     tests/agents/service_management/test_restart_wrapper.py::test_restart_giveup
3.54s call     tests/api/test_ws_chat.py::test_ws_chat_backpressure_many_small_deltas_when_low_threshold
3.53s call     tests/api/test_ws_chat.py::test_ws_chat_backpressure_fewer_deltas_when_large_threshold
3.32s call     tests/api/test_ws_chat_contract_fake.py::test_ws_fake_idle_soft_emits_once
3.19s call     tests/test_perf_thresholds.py::test_perf_thresholds
3.18s call     tests/api/test_ws_chat.py::test_ws_chat_stream_happy_path
3.18s call     tests/api/test_ws_chat_contract_fake.py::test_ws_fake_done_contains_elapsed_and_usage
3.18s call     tests/api/test_ws_chat_contract_fake.py::test_ws_fake_happy_path_ack_delta_done
2.85s call     tests/api/test_model_selection_metrics_exposure.py::test_model_selection_metrics_exposed_when_chat_autoselects
2.75s call     tests/api/test_model_selection_histogram_and_endpoint.py::test_model_selection_histogram_lines_present_in_metrics
2.74s call     tests/integration/test_storage_health_rules_hash.py::test_storage_health_exposes_rules_hash_and_detail
2.16s call     tests/agents/repair/test_repair_orchestrator_tight_loop.py::test_orchestrator_runs_repair_agent_and_updates_snapshot
1.82s call     tests/api/test_ws_chat.py::test_ws_chat_idle_and_session_timeout_paths
1.80s call     tests/systemd/test_watchdog_status_updates.py::test_status_emits_periodically
1.72s call     tests/agents/service_management/test_shutdown_integration.py::test_stay_alive_shutdown_via_signal
1.68s call     tests/agents/service_management/test_service_start_misc_flags.py::test_api_start_timeout_simulated_delay
1.65s call     tests/agents/service_management/test_restart_wrapper.py::test_restart_wrapper_recovers
=========================== short test summary info ============================
SKIPPED [1] tests/api/ui/test_ui_control_metrics_and_status.py:19: Py3.13 EBADF during asyncio selector teardown in plugin; skipping module to keep suite stable. Set UI_CONTROL_METRICS_EBADF_STRICT=1 to force-run.
SKIPPED [1] tests/agents/core/test_agent_template.py:126: WS JSON control channel for resubscribe not implemented yet
SKIPPED [1] tests/agents/core/test_intent_router_phase3.py:262: Performance check disabled by default
SKIPPED [1] tests/agents/orchestrator/test_config_perf_phase14.py:38: ENABLE_HEAVY_TESTS not enabled
SKIPPED [1] tests/agents/orchestrator/test_config_perf_phase14.py:75: ENABLE_HEAVY_TESTS not enabled
SKIPPED [1] tests/agents/orchestrator/test_config_perf_phase14.py:109: ENABLE_HEAVY_TESTS not enabled
SKIPPED [1] tests/agents/service_management/test_service_start_metrics_tier.py:52: metrics probe lines absent due to readiness timeout
SKIPPED [1] tests/agents/service_management/test_service_start_probe_metrics_exposition.py:52: api_start did not reach ready state (no port discovered); skipping metrics probe assertion
SKIPPED [1] tests/agents/service_management/test_service_start_unified_flag_config.py:69: manifest loader rejected minimal stub: rc=14 stderr=2025-10-13 10:43:15,561 - service_start - INFO - supervision.mode=internal internal_restart=disabled prod=False supervised=False single_retry=False
2025-10-13 10:43:15,574 - service_start - ERROR - manifest validation failed: service[0] unknown fields: ['kind']
SKIPPED [1] tests/api/test_agent_instance_metrics.py:26: feature flag disabled
SKIPPED [1] tests/api/test_agent_instance_metrics.py:75: feature flag disabled
SKIPPED [1] tests/api/test_cache_invariants.py:117: cache_cross_scope_hit_total not exported yet
SKIPPED [1] tests/api/test_events_sse.py:182: integration streaming disabled (set RUN_INTEGRATION_STREAM=1 to enable)
SKIPPED [1] tests/api/test_ui_ws_metrics_exposure.py:23: /ws/ui route not registered (feature flag off at app build time)
SKIPPED [1] tests/api/test_ws_ui_scaffold.py:18: websockets library not installed
SKIPPED [1] tests/e2e/test_events_end_to_end.py:227: Streaming SSE variant is flaky under ASGITransport; stabilize later
SKIPPED [1] tests/visualization/test_chart_schema_validation.py:133: Generator ResourceUsageChartGenerator returned error in unit context: No metrics storage available
SKIPPED [1] tests/visualization/test_chart_schema_validation.py:133: Generator SystemHealthChartGenerator returned error in unit context: No metrics storage available
SKIPPED [1] tests/visualization/test_chart_schema_validation.py:133: Generator BatchSizeOptimizationChartGenerator returned error in unit context: No metrics storage available
SKIPPED [1] tests/visualization/test_chart_schema_validation.py:133: Generator ModelPerformanceChartGenerator returned error in unit context: No metrics storage available
SKIPPED [1] tests/voice/test_config_defaults.py:4: Phase 1 later step will enable
SKIPPED [1] tests/voice/test_latency_contract_smoke.py:6: Enabled in later phases or with explicit env flips
SKIPPED [1] tests/voice/test_whisper_cli_smoke.py:6: Requires local whisper-cli and model assets; enable manually
SKIPPED [1] agents/core/monitoring/metrics_storage/tests/retention/test_metadata.py:659: Audit module not available
= 1 failed, 1232 passed, 24 skipped, 3 xfailed, 990 warnings in 340.54s (0:05:40) =
